
> fitforge@0.0.0 test
> vitest


[1m[46m RUN [49m[22m [36mv4.0.3 [39m[90mC:/Users/ender/.claude/projects/FitForge-Local[39m

[90mstdout[2m | backend/__tests__/performance/api-performance.test.ts[2m > [22m[2mAPI Performance Tests
[22m[39mSeeding 50 workouts for performance testing...

[90mstderr[2m | backend/services/__tests__/fatigueCalculator.test.js[2m > [22m[2mFatigueCalculator[2m > [22m[2mshould handle missing exercise gracefully
[22m[39mWarning: Exercise nonexistent-exercise not found in exercise library

 [32mâœ“[39m backend/services/__tests__/recoveryCalculator.test.js [2m([22m[2m34 tests[22m[2m)[22m[32m 28[2mms[22m[39m
 [32mâœ“[39m backend/services/__tests__/fatigueCalculator.test.js [2m([22m[2m10 tests[22m[2m)[22m[32m 34[2mms[22m[39m
 [32mâœ“[39m src/design-system/hooks/__tests__/useHaptic.test.ts [2m([22m[2m7 tests[22m[2m)[22m[32m 64[2mms[22m[39m
 [31mâ¯[39m backend/__tests__/integration/exercise-recommendations.test.ts [2m([22m[2m1 test[22m[2m | [22m[31m1 failed[39m[2m)[22m[32m 298[2mms[22m[39m
[31m     [31mÃ—[31m returns ranked recommendations with bottleneck warnings[39m[32m 295[2mms[22m[39m
 [32mâœ“[39m backend/services/__tests__/exerciseRecommender.test.js [2m([22m[2m44 tests[22m[2m)[22m[32m 29[2mms[22m[39m
 [31mâ¯[39m backend/__tests__/integration/workout-forecast.test.ts [2m([22m[2m1 test[22m[2m | [22m[31m1 failed[39m[2m)[22m[33m 321[2mms[22m[39m
[31m     [31mÃ—[31m predicts fatigue for planned exercises in real-time[39m[33m 319[2mms[22m[39m
 [32mâœ“[39m components/__tests__/TouchTargetCompliance.test.tsx [2m([22m[2m10 tests[22m[2m)[22m[33m 313[2mms[22m[39m
 [32mâœ“[39m src/design-system/components/patterns/__tests__/InlineNumberPicker.test.tsx [2m([22m[2m13 tests[22m[2m)[22m[32m 207[2mms[22m[39m
[90mstderr[2m | src/design-system/components/patterns/__tests__/FAB.test.tsx[2m > [22m[2mFAB Component[2m > [22m[2mAC1: FAB component (64x64px, primary color, bottom-right position)[2m > [22m[2mshould render with correct size (w-16 h-16 = 64x64px)
[22m[39mReact does not recognize the `whileHover` prop on a DOM element. If you intentionally want it to appear in the DOM as a custom attribute, spell it as lowercase `whilehover` instead. If you accidentally passed it from a parent component, remove it from the DOM element.
React does not recognize the `whileTap` prop on a DOM element. If you intentionally want it to appear in the DOM as a custom attribute, spell it as lowercase `whiletap` instead. If you accidentally passed it from a parent component, remove it from the DOM element.

[90mstderr[2m | src/design-system/components/patterns/__tests__/NumberPadSheet.test.tsx[2m > [22m[2mNumberPadSheet[2m > [22m[2mshould render when open
[22m[39m`DialogContent` requires a `DialogTitle` for the component to be accessible for screen reader users.

If you want to hide the `DialogTitle`, you can wrap it with our VisuallyHidden component.

For more information, see https://radix-ui.com/primitives/docs/components/dialog
Warning: Missing `Description` or `aria-describedby={undefined}` for {DialogContent}.

[90mstderr[2m | src/design-system/components/primitives/__tests__/Sheet.test.tsx[2m > [22m[2mSheet Component[2m > [22m[2mRendering[2m > [22m[2mshould render when open is true
[22m[39m`DialogContent` requires a `DialogTitle` for the component to be accessible for screen reader users.

If you want to hide the `DialogTitle`, you can wrap it with our VisuallyHidden component.

For more information, see https://radix-ui.com/primitives/docs/components/dialog

 [32mâœ“[39m components/__tests__/FABMenu.test.tsx [2m([22m[2m13 tests[22m[2m)[22m[33m 521[2mms[22m[39m
[90mstderr[2m | src/design-system/components/patterns/__tests__/NumberPadSheet.test.tsx[2m > [22m[2mNumberPadSheet[2m > [22m[2mshould display unit when provided
[22m[39m`DialogContent` requires a `DialogTitle` for the component to be accessible for screen reader users.

If you want to hide the `DialogTitle`, you can wrap it with our VisuallyHidden component.

For more information, see https://radix-ui.com/primitives/docs/components/dialog
Warning: Missing `Description` or `aria-describedby={undefined}` for {DialogContent}.

[90mstderr[2m | src/design-system/components/primitives/__tests__/Sheet.test.tsx[2m > [22m[2mSheet Component[2m > [22m[2mRendering[2m > [22m[2mshould render with overlay when open
[22m[39m`DialogContent` requires a `DialogTitle` for the component to be accessible for screen reader users.

If you want to hide the `DialogTitle`, you can wrap it with our VisuallyHidden component.

For more information, see https://radix-ui.com/primitives/docs/components/dialog

[90mstderr[2m | src/design-system/components/primitives/__tests__/Sheet.test.tsx[2m > [22m[2mSheet Component[2m > [22m[2mRendering[2m > [22m[2mshould render with glass morphism styling
[22m[39m`DialogContent` requires a `DialogTitle` for the component to be accessible for screen reader users.

If you want to hide the `DialogTitle`, you can wrap it with our VisuallyHidden component.

For more information, see https://radix-ui.com/primitives/docs/components/dialog

[90mstderr[2m | components/__tests__/ExerciseRecommendations.integration.test.tsx[2m > [22m[2mExerciseRecommendations Integration Tests[2m > [22m[2mshould call API when selectedMuscles prop is provided (AC 1)
[22m[39mError: Element type is invalid: expected a string (for built-in components) or a class/function (for composite components) but got: undefined. You likely forgot to export your component from the file it's defined in, or you might have mixed up default and named imports.

Check the render method of `ExerciseRecommendations`.
    at createFiberFromTypeAndProps [90m(C:\Users\ender\.claude\projects\FitForge-Local\[39mnode_modules\[4mreact-dom[24m\cjs\react-dom-client.development.js:5021:28[90m)[39m
    at createFiberFromElement [90m(C:\Users\ender\.claude\projects\FitForge-Local\[39mnode_modules\[4mreact-dom[24m\cjs\react-dom-client.development.js:5035:14[90m)[39m
    at createChild [90m(C:\Users\ender\.claude\projects\FitForge-Local\[39mnode_modules\[4mreact-dom[24m\cjs\react-dom-client.development.js:6338:26[90m)[39m
    at reconcileChildrenArray [90m(C:\Users\ender\.claude\projects\FitForge-Local\[39mnode_modules\[4mreact-dom[24m\cjs\react-dom-client.development.js:6670:25[90m)[39m
    at reconcileChildFibersImpl [90m(C:\Users\ender\.claude\projects\FitForge-Local\[39mnode_modules\[4mreact-dom[24m\cjs\react-dom-client.development.js:6993:30[90m)[39m
    at [90mC:\Users\ender\.claude\projects\FitForge-Local\[39mnode_modules\[4mreact-dom[24m\cjs\react-dom-client.development.js:7098:33
    at reconcileChildren [90m(C:\Users\ender\.claude\projects\FitForge-Local\[39mnode_modules\[4mreact-dom[24m\cjs\react-dom-client.development.js:9702:13[90m)[39m
    at beginWork [90m(C:\Users\ender\.claude\projects\FitForge-Local\[39mnode_modules\[4mreact-dom[24m\cjs\react-dom-client.development.js:12049:13[90m)[39m
    at runWithFiberInDEV [90m(C:\Users\ender\.claude\projects\FitForge-Local\[39mnode_modules\[4mreact-dom[24m\cjs\react-dom-client.development.js:874:13[90m)[39m
    at performUnitOfWork [90m(C:\Users\ender\.claude\projects\FitForge-Local\[39mnode_modules\[4mreact-dom[24m\cjs\react-dom-client.development.js:17641:22[90m)[39m
An error occurred in the <div> component.

Consider adding an error boundary to your tree to customize error handling behavior.
Visit https://react.dev/link/error-boundaries to learn more about error boundaries.


 [32mâœ“[39m src/design-system/components/patterns/__tests__/FAB.test.tsx [2m([22m[2m21 tests[22m[2m)[22m[33m 792[2mms[22m[39m
[90mstderr[2m | src/design-system/components/patterns/__tests__/NumberPadSheet.test.tsx[2m > [22m[2mNumberPadSheet[2m > [22m[2mshould render all number buttons (0-9)
[22m[39m`DialogContent` requires a `DialogTitle` for the component to be accessible for screen reader users.

If you want to hide the `DialogTitle`, you can wrap it with our VisuallyHidden component.

For more information, see https://radix-ui.com/primitives/docs/components/dialog
Warning: Missing `Description` or `aria-describedby={undefined}` for {DialogContent}.

[90mstderr[2m | components/__tests__/ExerciseRecommendations.integration.test.tsx[2m > [22m[2mExerciseRecommendations Integration Tests[2m > [22m[2mshould send correct request body structure (AC 1)
[22m[39mError: Element type is invalid: expected a string (for built-in components) or a class/function (for composite components) but got: undefined. You likely forgot to export your component from the file it's defined in, or you might have mixed up default and named imports.

Check the render method of `ExerciseRecommendations`.
    at createFiberFromTypeAndProps [90m(C:\Users\ender\.claude\projects\FitForge-Local\[39mnode_modules\[4mreact-dom[24m\cjs\react-dom-client.development.js:5021:28[90m)[39m
    at createFiberFromElement [90m(C:\Users\ender\.claude\projects\FitForge-Local\[39mnode_modules\[4mreact-dom[24m\cjs\react-dom-client.development.js:5035:14[90m)[39m
    at createChild [90m(C:\Users\ender\.claude\projects\FitForge-Local\[39mnode_modules\[4mreact-dom[24m\cjs\react-dom-client.development.js:6338:26[90m)[39m
    at reconcileChildrenArray [90m(C:\Users\ender\.claude\projects\FitForge-Local\[39mnode_modules\[4mreact-dom[24m\cjs\react-dom-client.development.js:6670:25[90m)[39m
    at reconcileChildFibersImpl [90m(C:\Users\ender\.claude\projects\FitForge-Local\[39mnode_modules\[4mreact-dom[24m\cjs\react-dom-client.development.js:6993:30[90m)[39m
    at [90mC:\Users\ender\.claude\projects\FitForge-Local\[39mnode_modules\[4mreact-dom[24m\cjs\react-dom-client.development.js:7098:33
    at reconcileChildren [90m(C:\Users\ender\.claude\projects\FitForge-Local\[39mnode_modules\[4mreact-dom[24m\cjs\react-dom-client.development.js:9702:13[90m)[39m
    at beginWork [90m(C:\Users\ender\.claude\projects\FitForge-Local\[39mnode_modules\[4mreact-dom[24m\cjs\react-dom-client.development.js:12049:13[90m)[39m
    at runWithFiberInDEV [90m(C:\Users\ender\.claude\projects\FitForge-Local\[39mnode_modules\[4mreact-dom[24m\cjs\react-dom-client.development.js:874:13[90m)[39m
    at performUnitOfWork [90m(C:\Users\ender\.claude\projects\FitForge-Local\[39mnode_modules\[4mreact-dom[24m\cjs\react-dom-client.development.js:17641:22[90m)[39m
An error occurred in the <div> component.

Consider adding an error boundary to your tree to customize error handling behavior.
Visit https://react.dev/link/error-boundaries to learn more about error boundaries.


[90mstderr[2m | src/design-system/components/primitives/__tests__/Sheet.test.tsx[2m > [22m[2mSheet Component[2m > [22m[2mRendering[2m > [22m[2mshould render with draggable handle
[22m[39m`DialogContent` requires a `DialogTitle` for the component to be accessible for screen reader users.

If you want to hide the `DialogTitle`, you can wrap it with our VisuallyHidden component.

For more information, see https://radix-ui.com/primitives/docs/components/dialog

[90mstderr[2m | components/__tests__/ExerciseRecommendations.integration.test.tsx[2m > [22m[2mExerciseRecommendations Integration Tests[2m > [22m[2mshould display loading state while fetching (AC 6)
[22m[39mAn update to ExerciseRecommendations inside a test was not wrapped in act(...).

When testing, code that causes React state updates should be wrapped into act(...):

act(() => {
  /* fire events that update state */
});
/* assert on the output */

This ensures that you're testing the behavior the user would see in the browser. Learn more at https://react.dev/link/wrap-tests-with-act

 [32mâœ“[39m src/design-system/components/primitives/__tests__/Card.test.tsx [2m([22m[2m29 tests[22m[2m)[22m[33m 809[2mms[22m[39m
[90mstderr[2m | components/__tests__/ExerciseRecommendations.integration.test.tsx[2m > [22m[2mExerciseRecommendations Integration Tests[2m > [22m[2mshould display error state on network failure (AC 6)
[22m[39mError fetching recommendations: Error: Network error
    at C:/Users/ender/.claude/projects/FitForge-Local/components/__tests__/ExerciseRecommendations.integration.test.tsx:242:37
    at [90mfile:///C:/Users/ender/.claude/projects/FitForge-Local/[39mnode_modules/[4m@vitest/runner[24m/dist/index.js:157:11
    at [90mfile:///C:/Users/ender/.claude/projects/FitForge-Local/[39mnode_modules/[4m@vitest/runner[24m/dist/index.js:753:26
    at [90mfile:///C:/Users/ender/.claude/projects/FitForge-Local/[39mnode_modules/[4m@vitest/runner[24m/dist/index.js:1636:20
    at new Promise (<anonymous>)
    at runWithTimeout [90m(file:///C:/Users/ender/.claude/projects/FitForge-Local/[39mnode_modules/[4m@vitest/runner[24m/dist/index.js:1602:10[90m)[39m
    at runTest [90m(file:///C:/Users/ender/.claude/projects/FitForge-Local/[39mnode_modules/[4m@vitest/runner[24m/dist/index.js:1309:12[90m)[39m
    at runSuite [90m(file:///C:/Users/ender/.claude/projects/FitForge-Local/[39mnode_modules/[4m@vitest/runner[24m/dist/index.js:1468:8[90m)[39m
    at runSuite [90m(file:///C:/Users/ender/.claude/projects/FitForge-Local/[39mnode_modules/[4m@vitest/runner[24m/dist/index.js:1468:8[90m)[39m
    at runFiles [90m(file:///C:/Users/ender/.claude/projects/FitForge-Local/[39mnode_modules/[4m@vitest/runner[24m/dist/index.js:1526:3[90m)[39m

 [32mâœ“[39m components/ui/Button.test.tsx [2m([22m[2m17 tests[22m[2m)[22m[33m 877[2mms[22m[39m
[90mstderr[2m | components/__tests__/ExerciseRecommendations.integration.test.tsx[2m > [22m[2mExerciseRecommendations Integration Tests[2m > [22m[2mshould parse and display recommendations with scores (AC 2, 3)
[22m[39mError: Element type is invalid: expected a string (for built-in components) or a class/function (for composite components) but got: undefined. You likely forgot to export your component from the file it's defined in, or you might have mixed up default and named imports.

Check the render method of `ExerciseRecommendations`.
    at createFiberFromTypeAndProps [90m(C:\Users\ender\.claude\projects\FitForge-Local\[39mnode_modules\[4mreact-dom[24m\cjs\react-dom-client.development.js:5021:28[90m)[39m
    at createFiberFromElement [90m(C:\Users\ender\.claude\projects\FitForge-Local\[39mnode_modules\[4mreact-dom[24m\cjs\react-dom-client.development.js:5035:14[90m)[39m
    at createChild [90m(C:\Users\ender\.claude\projects\FitForge-Local\[39mnode_modules\[4mreact-dom[24m\cjs\react-dom-client.development.js:6338:26[90m)[39m
    at reconcileChildrenArray [90m(C:\Users\ender\.claude\projects\FitForge-Local\[39mnode_modules\[4mreact-dom[24m\cjs\react-dom-client.development.js:6670:25[90m)[39m
    at reconcileChildFibersImpl [90m(C:\Users\ender\.claude\projects\FitForge-Local\[39mnode_modules\[4mreact-dom[24m\cjs\react-dom-client.development.js:6993:30[90m)[39m
    at [90mC:\Users\ender\.claude\projects\FitForge-Local\[39mnode_modules\[4mreact-dom[24m\cjs\react-dom-client.development.js:7098:33
    at reconcileChildren [90m(C:\Users\ender\.claude\projects\FitForge-Local\[39mnode_modules\[4mreact-dom[24m\cjs\react-dom-client.development.js:9702:13[90m)[39m
    at beginWork [90m(C:\Users\ender\.claude\projects\FitForge-Local\[39mnode_modules\[4mreact-dom[24m\cjs\react-dom-client.development.js:12049:13[90m)[39m
    at runWithFiberInDEV [90m(C:\Users\ender\.claude\projects\FitForge-Local\[39mnode_modules\[4mreact-dom[24m\cjs\react-dom-client.development.js:874:13[90m)[39m
    at performUnitOfWork [90m(C:\Users\ender\.claude\projects\FitForge-Local\[39mnode_modules\[4mreact-dom[24m\cjs\react-dom-client.development.js:17641:22[90m)[39m
An error occurred in the <div> component.

Consider adding an error boundary to your tree to customize error handling behavior.
Visit https://react.dev/link/error-boundaries to learn more about error boundaries.


[90mstderr[2m | src/design-system/components/primitives/__tests__/Sheet.test.tsx[2m > [22m[2mSheet Component[2m > [22m[2mRendering[2m > [22m[2mshould not render handle when showHandle is false
[22m[39m`DialogContent` requires a `DialogTitle` for the component to be accessible for screen reader users.

If you want to hide the `DialogTitle`, you can wrap it with our VisuallyHidden component.

For more information, see https://radix-ui.com/primitives/docs/components/dialog

[90mstderr[2m | src/design-system/components/patterns/__tests__/NumberPadSheet.test.tsx[2m > [22m[2mNumberPadSheet[2m > [22m[2mshould update display when number is pressed
[22m[39m`DialogContent` requires a `DialogTitle` for the component to be accessible for screen reader users.

If you want to hide the `DialogTitle`, you can wrap it with our VisuallyHidden component.

For more information, see https://radix-ui.com/primitives/docs/components/dialog
Warning: Missing `Description` or `aria-describedby={undefined}` for {DialogContent}.

[90mstderr[2m | src/design-system/components/primitives/__tests__/Sheet.test.tsx[2m > [22m[2mSheet Component[2m > [22m[2mHeight Variants[2m > [22m[2mshould render with sm height (40vh)
[22m[39m`DialogContent` requires a `DialogTitle` for the component to be accessible for screen reader users.

If you want to hide the `DialogTitle`, you can wrap it with our VisuallyHidden component.

For more information, see https://radix-ui.com/primitives/docs/components/dialog

[90mstderr[2m | src/design-system/components/primitives/__tests__/Sheet.test.tsx[2m > [22m[2mSheet Component[2m > [22m[2mHeight Variants[2m > [22m[2mshould render with md height (60vh)
[22m[39m`DialogContent` requires a `DialogTitle` for the component to be accessible for screen reader users.

If you want to hide the `DialogTitle`, you can wrap it with our VisuallyHidden component.

For more information, see https://radix-ui.com/primitives/docs/components/dialog

[90mstderr[2m | src/design-system/components/primitives/__tests__/Sheet.test.tsx[2m > [22m[2mSheet Component[2m > [22m[2mHeight Variants[2m > [22m[2mshould render with lg height (90vh)
[22m[39m`DialogContent` requires a `DialogTitle` for the component to be accessible for screen reader users.

If you want to hide the `DialogTitle`, you can wrap it with our VisuallyHidden component.

For more information, see https://radix-ui.com/primitives/docs/components/dialog

[90mstderr[2m | src/design-system/components/patterns/__tests__/NumberPadSheet.test.tsx[2m > [22m[2mNumberPadSheet[2m > [22m[2mshould append digits when pressing multiple numbers
[22m[39m`DialogContent` requires a `DialogTitle` for the component to be accessible for screen reader users.

If you want to hide the `DialogTitle`, you can wrap it with our VisuallyHidden component.

For more information, see https://radix-ui.com/primitives/docs/components/dialog
Warning: Missing `Description` or `aria-describedby={undefined}` for {DialogContent}.

 [32mâœ“[39m src/design-system/components/primitives/__tests__/Button.test.tsx [2m([22m[2m23 tests[22m[2m)[22m[33m 1068[2mms[22m[39m
[90mstderr[2m | src/design-system/components/primitives/__tests__/Sheet.test.tsx[2m > [22m[2mSheet Component[2m > [22m[2mHeight Variants[2m > [22m[2mshould default to md height
[22m[39m`DialogContent` requires a `DialogTitle` for the component to be accessible for screen reader users.

If you want to hide the `DialogTitle`, you can wrap it with our VisuallyHidden component.

For more information, see https://radix-ui.com/primitives/docs/components/dialog

[90mstderr[2m | src/design-system/components/patterns/__tests__/NumberPadSheet.test.tsx[2m > [22m[2mNumberPadSheet[2m > [22m[2mshould replace leading zero when pressing a number
[22m[39m`DialogContent` requires a `DialogTitle` for the component to be accessible for screen reader users.

If you want to hide the `DialogTitle`, you can wrap it with our VisuallyHidden component.

For more information, see https://radix-ui.com/primitives/docs/components/dialog
Warning: Missing `Description` or `aria-describedby={undefined}` for {DialogContent}.

[90mstderr[2m | src/design-system/components/primitives/__tests__/Sheet.test.tsx[2m > [22m[2mSheet Component[2m > [22m[2mHeaders and Labels[2m > [22m[2mshould render title when provided
[22m[39m`DialogContent` requires a `DialogTitle` for the component to be accessible for screen reader users.

If you want to hide the `DialogTitle`, you can wrap it with our VisuallyHidden component.

For more information, see https://radix-ui.com/primitives/docs/components/dialog

[90mstderr[2m | src/design-system/components/patterns/__tests__/NumberPadSheet.test.tsx[2m > [22m[2mNumberPadSheet[2m > [22m[2mshould handle backspace correctly
[22m[39m`DialogContent` requires a `DialogTitle` for the component to be accessible for screen reader users.

If you want to hide the `DialogTitle`, you can wrap it with our VisuallyHidden component.

For more information, see https://radix-ui.com/primitives/docs/components/dialog
Warning: Missing `Description` or `aria-describedby={undefined}` for {DialogContent}.

[90mstderr[2m | src/design-system/components/primitives/__tests__/Sheet.test.tsx[2m > [22m[2mSheet Component[2m > [22m[2mHeaders and Labels[2m > [22m[2mshould render description when provided
[22m[39m`DialogContent` requires a `DialogTitle` for the component to be accessible for screen reader users.

If you want to hide the `DialogTitle`, you can wrap it with our VisuallyHidden component.

For more information, see https://radix-ui.com/primitives/docs/components/dialog
Warning: Missing `Description` or `aria-describedby={undefined}` for {DialogContent}.

[90mstderr[2m | src/design-system/components/primitives/__tests__/Sheet.test.tsx[2m > [22m[2mSheet Component[2m > [22m[2mHeaders and Labels[2m > [22m[2mshould render both title and description
[22m[39m`DialogContent` requires a `DialogTitle` for the component to be accessible for screen reader users.

If you want to hide the `DialogTitle`, you can wrap it with our VisuallyHidden component.

For more information, see https://radix-ui.com/primitives/docs/components/dialog
Warning: Missing `Description` or `aria-describedby={undefined}` for {DialogContent}.

[90mstderr[2m | src/design-system/components/patterns/__tests__/NumberPadSheet.test.tsx[2m > [22m[2mNumberPadSheet[2m > [22m[2mshould not go below 0 when backspacing
[22m[39m`DialogContent` requires a `DialogTitle` for the component to be accessible for screen reader users.

If you want to hide the `DialogTitle`, you can wrap it with our VisuallyHidden component.

For more information, see https://radix-ui.com/primitives/docs/components/dialog
Warning: Missing `Description` or `aria-describedby={undefined}` for {DialogContent}.

[90mstderr[2m | src/design-system/components/primitives/__tests__/Sheet.test.tsx[2m > [22m[2mSheet Component[2m > [22m[2mHeaders and Labels[2m > [22m[2mshould render done button
[22m[39m`DialogContent` requires a `DialogTitle` for the component to be accessible for screen reader users.

If you want to hide the `DialogTitle`, you can wrap it with our VisuallyHidden component.

For more information, see https://radix-ui.com/primitives/docs/components/dialog

[90mstderr[2m | src/design-system/components/primitives/__tests__/Sheet.test.tsx[2m > [22m[2mSheet Component[2m > [22m[2mInteraction[2m > [22m[2mshould call onOpenChange when done button is clicked
[22m[39m`DialogContent` requires a `DialogTitle` for the component to be accessible for screen reader users.

If you want to hide the `DialogTitle`, you can wrap it with our VisuallyHidden component.

For more information, see https://radix-ui.com/primitives/docs/components/dialog

[90mstderr[2m | src/design-system/components/patterns/__tests__/NumberPadSheet.test.tsx[2m > [22m[2mNumberPadSheet[2m > [22m[2mshould call onSubmit with parsed integer when Done is pressed
[22m[39m`DialogContent` requires a `DialogTitle` for the component to be accessible for screen reader users.

If you want to hide the `DialogTitle`, you can wrap it with our VisuallyHidden component.

For more information, see https://radix-ui.com/primitives/docs/components/dialog
Warning: Missing `Description` or `aria-describedby={undefined}` for {DialogContent}.

[90mstderr[2m | src/design-system/components/primitives/__tests__/Sheet.test.tsx[2m > [22m[2mSheet Component[2m > [22m[2mInteraction[2m > [22m[2mshould call onOpenChange when overlay is clicked
[22m[39m`DialogContent` requires a `DialogTitle` for the component to be accessible for screen reader users.

If you want to hide the `DialogTitle`, you can wrap it with our VisuallyHidden component.

For more information, see https://radix-ui.com/primitives/docs/components/dialog

[90mstderr[2m | components/__tests__/WorkoutBuilder.forecast.integration.test.tsx[2m > [22m[2mWorkoutBuilder - Forecast API Integration (Story 3.4)[2m > [22m[2mReact Integration Tests - Component Mounting and User Interactions[2m > [22m[2mrenders WorkoutBuilder in planning mode
[22m[39mâš ï¸ React Router Future Flag Warning: React Router will begin wrapping state updates in `React.startTransition` in v7. You can use the `v7_startTransition` future flag to opt-in early. For more information, see https://reactrouter.com/v6/upgrading/future#v7_starttransition.
âš ï¸ React Router Future Flag Warning: Relative route resolution within Splat routes is changing in v7. You can use the `v7_relativeSplatPath` future flag to opt-in early. For more information, see https://reactrouter.com/v6/upgrading/future#v7_relativesplatpath.
`DialogContent` requires a `DialogTitle` for the component to be accessible for screen reader users.

If you want to hide the `DialogTitle`, you can wrap it with our VisuallyHidden component.

For more information, see https://radix-ui.com/primitives/docs/components/dialog

[90mstderr[2m | components/__tests__/WorkoutBuilder.sheet.integration.test.tsx[2m > [22m[2mWorkoutBuilder Sheet Integration (Story 6.1)[2m > [22m[2mAC#1: Replace Legacy Modal with Sheet Component[2m > [22m[2mshould render as Sheet component (bottom drawer) when open
[22m[39mâš ï¸ React Router Future Flag Warning: React Router will begin wrapping state updates in `React.startTransition` in v7. You can use the `v7_startTransition` future flag to opt-in early. For more information, see https://reactrouter.com/v6/upgrading/future#v7_starttransition.
âš ï¸ React Router Future Flag Warning: Relative route resolution within Splat routes is changing in v7. You can use the `v7_relativeSplatPath` future flag to opt-in early. For more information, see https://reactrouter.com/v6/upgrading/future#v7_relativesplatpath.
`DialogContent` requires a `DialogTitle` for the component to be accessible for screen reader users.

If you want to hide the `DialogTitle`, you can wrap it with our VisuallyHidden component.

For more information, see https://radix-ui.com/primitives/docs/components/dialog

 [32mâœ“[39m src/design-system/components/primitives/__tests__/Input.test.tsx [2m([22m[2m37 tests[22m[2m)[22m[33m 1432[2mms[22m[39m
[90mstderr[2m | src/design-system/components/primitives/__tests__/Sheet.test.tsx[2m > [22m[2mSheet Component[2m > [22m[2mInteraction[2m > [22m[2mshould close on Escape key
[22m[39m`DialogContent` requires a `DialogTitle` for the component to be accessible for screen reader users.

If you want to hide the `DialogTitle`, you can wrap it with our VisuallyHidden component.

For more information, see https://radix-ui.com/primitives/docs/components/dialog

[90mstderr[2m | src/design-system/components/patterns/__tests__/NumberPadSheet.test.tsx[2m > [22m[2mNumberPadSheet[2m > [22m[2mshould reset to initial value when sheet reopens
[22m[39m`DialogContent` requires a `DialogTitle` for the component to be accessible for screen reader users.

If you want to hide the `DialogTitle`, you can wrap it with our VisuallyHidden component.

For more information, see https://radix-ui.com/primitives/docs/components/dialog
Warning: Missing `Description` or `aria-describedby={undefined}` for {DialogContent}.

[90mstderr[2m | components/__tests__/WorkoutBuilder.forecast.integration.test.tsx[2m > [22m[2mWorkoutBuilder - Forecast API Integration (Story 3.4)[2m > [22m[2mReact Integration Tests - Component Mounting and User Interactions[2m > [22m[2mdisplays forecast panel only when sets are added in planning mode
[22m[39m`DialogContent` requires a `DialogTitle` for the component to be accessible for screen reader users.

If you want to hide the `DialogTitle`, you can wrap it with our VisuallyHidden component.

For more information, see https://radix-ui.com/primitives/docs/components/dialog

[90mstderr[2m | src/design-system/components/patterns/__tests__/NumberPadSheet.test.tsx[2m > [22m[2mNumberPadSheet[2m > [22m[2mshould handle NaN gracefully
[22m[39m`DialogContent` requires a `DialogTitle` for the component to be accessible for screen reader users.

If you want to hide the `DialogTitle`, you can wrap it with our VisuallyHidden component.

For more information, see https://radix-ui.com/primitives/docs/components/dialog
Warning: Missing `Description` or `aria-describedby={undefined}` for {DialogContent}.

 [32mâœ“[39m src/design-system/components/patterns/__tests__/NumberPadSheet.test.tsx [2m([22m[2m12 tests[22m[2m)[22m[33m 1442[2mms[22m[39m
     [33m[2mâœ“[22m[39m should render when open [33m 377[2mms[22m[39m
[90mstderr[2m | src/design-system/components/primitives/__tests__/Sheet.test.tsx[2m > [22m[2mSheet Component[2m > [22m[2mInteraction[2m > [22m[2mshould handle multiple open/close cycles
[22m[39m`DialogContent` requires a `DialogTitle` for the component to be accessible for screen reader users.

If you want to hide the `DialogTitle`, you can wrap it with our VisuallyHidden component.

For more information, see https://radix-ui.com/primitives/docs/components/dialog

[90mstderr[2m | src/design-system/components/primitives/__tests__/Sheet.test.tsx[2m > [22m[2mSheet Component[2m > [22m[2mContent Area[2m > [22m[2mshould apply custom className to content area
[22m[39m`DialogContent` requires a `DialogTitle` for the component to be accessible for screen reader users.

If you want to hide the `DialogTitle`, you can wrap it with our VisuallyHidden component.

For more information, see https://radix-ui.com/primitives/docs/components/dialog

[90mstderr[2m | components/__tests__/WorkoutBuilder.forecast.integration.test.tsx[2m > [22m[2mWorkoutBuilder - Forecast API Integration (Story 3.4)[2m > [22m[2mReact Integration Tests - Component Mounting and User Interactions[2m > [22m[2mshows empty state when no sets added
[22m[39m`DialogContent` requires a `DialogTitle` for the component to be accessible for screen reader users.

If you want to hide the `DialogTitle`, you can wrap it with our VisuallyHidden component.

For more information, see https://radix-ui.com/primitives/docs/components/dialog

[90mstderr[2m | src/design-system/components/primitives/__tests__/Sheet.test.tsx[2m > [22m[2mSheet Component[2m > [22m[2mContent Area[2m > [22m[2mshould support scrollable content
[22m[39m`DialogContent` requires a `DialogTitle` for the component to be accessible for screen reader users.

If you want to hide the `DialogTitle`, you can wrap it with our VisuallyHidden component.

For more information, see https://radix-ui.com/primitives/docs/components/dialog

[90mstderr[2m | src/design-system/components/primitives/__tests__/Sheet.test.tsx[2m > [22m[2mSheet Component[2m > [22m[2mContent Area[2m > [22m[2mshould render children correctly
[22m[39m`DialogContent` requires a `DialogTitle` for the component to be accessible for screen reader users.

If you want to hide the `DialogTitle`, you can wrap it with our VisuallyHidden component.

For more information, see https://radix-ui.com/primitives/docs/components/dialog

 [32mâœ“[39m components/ui/__tests__/Modal.test.tsx [2m([22m[2m23 tests[22m[2m)[22m[33m 1548[2mms[22m[39m
         [33m[2mâœ“[22m[39m should close modal when ESC key is pressed [33m 377[2mms[22m[39m
[90mstderr[2m | components/__tests__/WorkoutBuilder.forecast.integration.test.tsx[2m > [22m[2mWorkoutBuilder - Forecast API Integration (Story 3.4)[2m > [22m[2mReact Integration Tests - Component Mounting and User Interactions[2m > [22m[2mverifies component can handle forecast data structure
[22m[39m`DialogContent` requires a `DialogTitle` for the component to be accessible for screen reader users.

If you want to hide the `DialogTitle`, you can wrap it with our VisuallyHidden component.

For more information, see https://radix-ui.com/primitives/docs/components/dialog

[90mstderr[2m | src/design-system/components/primitives/__tests__/Sheet.test.tsx[2m > [22m[2mSheet Component[2m > [22m[2mAccessibility[2m > [22m[2mshould have proper role and labels
[22m[39m`DialogContent` requires a `DialogTitle` for the component to be accessible for screen reader users.

If you want to hide the `DialogTitle`, you can wrap it with our VisuallyHidden component.

For more information, see https://radix-ui.com/primitives/docs/components/dialog
Warning: Missing `Description` or `aria-describedby={undefined}` for {DialogContent}.

[90mstderr[2m | src/design-system/components/primitives/__tests__/Sheet.test.tsx[2m > [22m[2mSheet Component[2m > [22m[2mAccessibility[2m > [22m[2mshould have accessible done button
[22m[39m`DialogContent` requires a `DialogTitle` for the component to be accessible for screen reader users.

If you want to hide the `DialogTitle`, you can wrap it with our VisuallyHidden component.

For more information, see https://radix-ui.com/primitives/docs/components/dialog

[90mstderr[2m | components/__tests__/WorkoutBuilder.forecast.integration.test.tsx[2m > [22m[2mWorkoutBuilder - Forecast API Integration (Story 3.4)[2m > [22m[2mReact Integration Tests - Component Mounting and User Interactions[2m > [22m[2mverifies component can handle bottleneck data structure
[22m[39m`DialogContent` requires a `DialogTitle` for the component to be accessible for screen reader users.

If you want to hide the `DialogTitle`, you can wrap it with our VisuallyHidden component.

For more information, see https://radix-ui.com/primitives/docs/components/dialog

[90mstderr[2m | src/design-system/components/primitives/__tests__/Sheet.test.tsx[2m > [22m[2mSheet Component[2m > [22m[2mAccessibility[2m > [22m[2mshould support keyboard navigation in content
[22m[39m`DialogContent` requires a `DialogTitle` for the component to be accessible for screen reader users.

If you want to hide the `DialogTitle`, you can wrap it with our VisuallyHidden component.

For more information, see https://radix-ui.com/primitives/docs/components/dialog

[90mstderr[2m | components/__tests__/WorkoutBuilder.forecast.integration.test.tsx[2m > [22m[2mWorkoutBuilder - Forecast API Integration (Story 3.4)[2m > [22m[2mReact Integration Tests - Component Mounting and User Interactions[2m > [22m[2mhandles forecast API errors gracefully
[22m[39m`DialogContent` requires a `DialogTitle` for the component to be accessible for screen reader users.

If you want to hide the `DialogTitle`, you can wrap it with our VisuallyHidden component.

For more information, see https://radix-ui.com/primitives/docs/components/dialog

[90mstderr[2m | components/__tests__/WorkoutBuilder.forecast.integration.test.tsx[2m > [22m[2mWorkoutBuilder - Forecast API Integration (Story 3.4)[2m > [22m[2mReact Integration Tests - Component Mounting and User Interactions[2m > [22m[2mcloses modal when close button is clicked
[22m[39m`DialogContent` requires a `DialogTitle` for the component to be accessible for screen reader users.

If you want to hide the `DialogTitle`, you can wrap it with our VisuallyHidden component.

For more information, see https://radix-ui.com/primitives/docs/components/dialog

[90mstderr[2m | src/design-system/components/primitives/__tests__/Sheet.test.tsx[2m > [22m[2mSheet Component[2m > [22m[2mAccessibility[2m > [22m[2mshould have focus trap behavior (Vaul feature)
[22m[39m`DialogContent` requires a `DialogTitle` for the component to be accessible for screen reader users.

If you want to hide the `DialogTitle`, you can wrap it with our VisuallyHidden component.

For more information, see https://radix-ui.com/primitives/docs/components/dialog

[90mstderr[2m | components/__tests__/WorkoutBuilder.forecast.integration.test.tsx[2m > [22m[2mWorkoutBuilder - Forecast API Integration (Story 3.4)[2m > [22m[2mReact Integration Tests - Component Mounting and User Interactions[2m > [22m[2mswitches between Forward Planning and Target-Driven modes
[22m[39m`DialogContent` requires a `DialogTitle` for the component to be accessible for screen reader users.

If you want to hide the `DialogTitle`, you can wrap it with our VisuallyHidden component.

For more information, see https://radix-ui.com/primitives/docs/components/dialog

[90mstderr[2m | src/design-system/components/primitives/__tests__/Sheet.test.tsx[2m > [22m[2mSheet Component[2m > [22m[2mAccessibility[2m > [22m[2mshould pass axe accessibility audit
[22m[39m`DialogContent` requires a `DialogTitle` for the component to be accessible for screen reader users.

If you want to hide the `DialogTitle`, you can wrap it with our VisuallyHidden component.

For more information, see https://radix-ui.com/primitives/docs/components/dialog
Warning: Missing `Description` or `aria-describedby={undefined}` for {DialogContent}.

[90mstderr[2m | components/__tests__/WorkoutBuilder.forecast.integration.test.tsx[2m > [22m[2mWorkoutBuilder - Forecast API Integration (Story 3.4)[2m > [22m[2mReact Integration Tests - Component Mounting and User Interactions[2m > [22m[2mswitches between Forward Planning and Target-Driven modes
[22m[39mTypeError: event.target.setPointerCapture is not a function
    at onPress [90m(file:///C:/Users/ender/.claude/projects/FitForge-Local/[39mnode_modules/[4mvaul[24m/dist/index.mjs:968:22[90m)[39m
    at onPointerDown [90m(file:///C:/Users/ender/.claude/projects/FitForge-Local/[39mnode_modules/[4mvaul[24m/dist/index.mjs:1474:13[90m)[39m
    at executeDispatch [90m(C:\Users\ender\.claude\projects\FitForge-Local\[39mnode_modules\[4mreact-dom[24m\cjs\react-dom-client.development.js:19116:9[90m)[39m
    at runWithFiberInDEV [90m(C:\Users\ender\.claude\projects\FitForge-Local\[39mnode_modules\[4mreact-dom[24m\cjs\react-dom-client.development.js:874:13[90m)[39m
    at processDispatchQueue [90m(C:\Users\ender\.claude\projects\FitForge-Local\[39mnode_modules\[4mreact-dom[24m\cjs\react-dom-client.development.js:19166:19[90m)[39m
    at [90mC:\Users\ender\.claude\projects\FitForge-Local\[39mnode_modules\[4mreact-dom[24m\cjs\react-dom-client.development.js:19767:9
    at batchedUpdates$1 [90m(C:\Users\ender\.claude\projects\FitForge-Local\[39mnode_modules\[4mreact-dom[24m\cjs\react-dom-client.development.js:3255:40[90m)[39m
    at dispatchEventForPluginEventSystem [90m(C:\Users\ender\.claude\projects\FitForge-Local\[39mnode_modules\[4mreact-dom[24m\cjs\react-dom-client.development.js:19320:7[90m)[39m
    at dispatchEvent [90m(C:\Users\ender\.claude\projects\FitForge-Local\[39mnode_modules\[4mreact-dom[24m\cjs\react-dom-client.development.js:23585:11[90m)[39m
    at dispatchDiscreteEvent [90m(C:\Users\ender\.claude\projects\FitForge-Local\[39mnode_modules\[4mreact-dom[24m\cjs\react-dom-client.development.js:23553:11[90m)[39m

[90mstderr[2m | src/design-system/components/primitives/__tests__/Sheet.test.tsx[2m > [22m[2mSheet Component[2m > [22m[2mEdge Cases[2m > [22m[2mshould handle rapid open/close state changes
[22m[39m`DialogContent` requires a `DialogTitle` for the component to be accessible for screen reader users.

If you want to hide the `DialogTitle`, you can wrap it with our VisuallyHidden component.

For more information, see https://radix-ui.com/primitives/docs/components/dialog

[90mstderr[2m | components/__tests__/WorkoutBuilder.forecast.integration.test.tsx[2m > [22m[2mWorkoutBuilder - Forecast API Integration (Story 3.4)[2m > [22m[2mReact Integration Tests - Component Mounting and User Interactions[2m > [22m[2mswitches between Forward Planning and Target-Driven modes
[22m[39mTypeError: Cannot read properties of undefined (reading 'match')
    at getTranslate [90m(file:///C:/Users/ender/.claude/projects/FitForge-Local/[39mnode_modules/[4mvaul[24m/dist/index.mjs:404:25[90m)[39m
    at onRelease [90m(file:///C:/Users/ender/.claude/projects/FitForge-Local/[39mnode_modules/[4mvaul[24m/dist/index.mjs:1228:29[90m)[39m
    at onPointerUp [90m(file:///C:/Users/ender/.claude/projects/FitForge-Local/[39mnode_modules/[4mvaul[24m/dist/index.mjs:1520:13[90m)[39m
    at executeDispatch [90m(C:\Users\ender\.claude\projects\FitForge-Local\[39mnode_modules\[4mreact-dom[24m\cjs\react-dom-client.development.js:19116:9[90m)[39m
    at runWithFiberInDEV [90m(C:\Users\ender\.claude\projects\FitForge-Local\[39mnode_modules\[4mreact-dom[24m\cjs\react-dom-client.development.js:874:13[90m)[39m
    at processDispatchQueue [90m(C:\Users\ender\.claude\projects\FitForge-Local\[39mnode_modules\[4mreact-dom[24m\cjs\react-dom-client.development.js:19166:19[90m)[39m
    at [90mC:\Users\ender\.claude\projects\FitForge-Local\[39mnode_modules\[4mreact-dom[24m\cjs\react-dom-client.development.js:19767:9
    at batchedUpdates$1 [90m(C:\Users\ender\.claude\projects\FitForge-Local\[39mnode_modules\[4mreact-dom[24m\cjs\react-dom-client.development.js:3255:40[90m)[39m
    at dispatchEventForPluginEventSystem [90m(C:\Users\ender\.claude\projects\FitForge-Local\[39mnode_modules\[4mreact-dom[24m\cjs\react-dom-client.development.js:19320:7[90m)[39m
    at dispatchEvent [90m(C:\Users\ender\.claude\projects\FitForge-Local\[39mnode_modules\[4mreact-dom[24m\cjs\react-dom-client.development.js:23585:11[90m)[39m

[90mstderr[2m | src/design-system/components/primitives/__tests__/Sheet.test.tsx[2m > [22m[2mSheet Component[2m > [22m[2mEdge Cases[2m > [22m[2mshould handle empty content
[22m[39m`DialogContent` requires a `DialogTitle` for the component to be accessible for screen reader users.

If you want to hide the `DialogTitle`, you can wrap it with our VisuallyHidden component.

For more information, see https://radix-ui.com/primitives/docs/components/dialog

[90mstderr[2m | components/__tests__/WorkoutBuilder.forecast.integration.test.tsx[2m > [22m[2mWorkoutBuilder - Forecast API Integration (Story 3.4)[2m > [22m[2mReact Integration Tests - Component Mounting and User Interactions[2m > [22m[2mswitches between Forward Planning and Target-Driven modes
[22m[39mTypeError: event.target.setPointerCapture is not a function
    at onPress [90m(file:///C:/Users/ender/.claude/projects/FitForge-Local/[39mnode_modules/[4mvaul[24m/dist/index.mjs:968:22[90m)[39m
    at onPointerDown [90m(file:///C:/Users/ender/.claude/projects/FitForge-Local/[39mnode_modules/[4mvaul[24m/dist/index.mjs:1474:13[90m)[39m
    at executeDispatch [90m(C:\Users\ender\.claude\projects\FitForge-Local\[39mnode_modules\[4mreact-dom[24m\cjs\react-dom-client.development.js:19116:9[90m)[39m
    at runWithFiberInDEV [90m(C:\Users\ender\.claude\projects\FitForge-Local\[39mnode_modules\[4mreact-dom[24m\cjs\react-dom-client.development.js:874:13[90m)[39m
    at processDispatchQueue [90m(C:\Users\ender\.claude\projects\FitForge-Local\[39mnode_modules\[4mreact-dom[24m\cjs\react-dom-client.development.js:19166:19[90m)[39m
    at [90mC:\Users\ender\.claude\projects\FitForge-Local\[39mnode_modules\[4mreact-dom[24m\cjs\react-dom-client.development.js:19767:9
    at batchedUpdates$1 [90m(C:\Users\ender\.claude\projects\FitForge-Local\[39mnode_modules\[4mreact-dom[24m\cjs\react-dom-client.development.js:3255:40[90m)[39m
    at dispatchEventForPluginEventSystem [90m(C:\Users\ender\.claude\projects\FitForge-Local\[39mnode_modules\[4mreact-dom[24m\cjs\react-dom-client.development.js:19320:7[90m)[39m
    at dispatchEvent [90m(C:\Users\ender\.claude\projects\FitForge-Local\[39mnode_modules\[4mreact-dom[24m\cjs\react-dom-client.development.js:23585:11[90m)[39m
    at dispatchDiscreteEvent [90m(C:\Users\ender\.claude\projects\FitForge-Local\[39mnode_modules\[4mreact-dom[24m\cjs\react-dom-client.development.js:23553:11[90m)[39m

[90mstderr[2m | src/design-system/components/primitives/__tests__/Sheet.test.tsx[2m > [22m[2mSheet Component[2m > [22m[2mEdge Cases[2m > [22m[2mshould handle very long title
[22m[39m`DialogContent` requires a `DialogTitle` for the component to be accessible for screen reader users.

If you want to hide the `DialogTitle`, you can wrap it with our VisuallyHidden component.

For more information, see https://radix-ui.com/primitives/docs/components/dialog

[90mstderr[2m | components/__tests__/WorkoutBuilder.forecast.integration.test.tsx[2m > [22m[2mWorkoutBuilder - Forecast API Integration (Story 3.4)[2m > [22m[2mReact Integration Tests - Component Mounting and User Interactions[2m > [22m[2mswitches between Forward Planning and Target-Driven modes
[22m[39mTypeError: Cannot read properties of undefined (reading 'match')
    at getTranslate [90m(file:///C:/Users/ender/.claude/projects/FitForge-Local/[39mnode_modules/[4mvaul[24m/dist/index.mjs:404:25[90m)[39m
    at onRelease [90m(file:///C:/Users/ender/.claude/projects/FitForge-Local/[39mnode_modules/[4mvaul[24m/dist/index.mjs:1228:29[90m)[39m
    at onPointerUp [90m(file:///C:/Users/ender/.claude/projects/FitForge-Local/[39mnode_modules/[4mvaul[24m/dist/index.mjs:1520:13[90m)[39m
    at executeDispatch [90m(C:\Users\ender\.claude\projects\FitForge-Local\[39mnode_modules\[4mreact-dom[24m\cjs\react-dom-client.development.js:19116:9[90m)[39m
    at runWithFiberInDEV [90m(C:\Users\ender\.claude\projects\FitForge-Local\[39mnode_modules\[4mreact-dom[24m\cjs\react-dom-client.development.js:874:13[90m)[39m
    at processDispatchQueue [90m(C:\Users\ender\.claude\projects\FitForge-Local\[39mnode_modules\[4mreact-dom[24m\cjs\react-dom-client.development.js:19166:19[90m)[39m
    at [90mC:\Users\ender\.claude\projects\FitForge-Local\[39mnode_modules\[4mreact-dom[24m\cjs\react-dom-client.development.js:19767:9
    at batchedUpdates$1 [90m(C:\Users\ender\.claude\projects\FitForge-Local\[39mnode_modules\[4mreact-dom[24m\cjs\react-dom-client.development.js:3255:40[90m)[39m
    at dispatchEventForPluginEventSystem [90m(C:\Users\ender\.claude\projects\FitForge-Local\[39mnode_modules\[4mreact-dom[24m\cjs\react-dom-client.development.js:19320:7[90m)[39m
    at dispatchEvent [90m(C:\Users\ender\.claude\projects\FitForge-Local\[39mnode_modules\[4mreact-dom[24m\cjs\react-dom-client.development.js:23585:11[90m)[39m

[90mstderr[2m | src/design-system/components/primitives/__tests__/Sheet.test.tsx[2m > [22m[2mSheet Component[2m > [22m[2mEdge Cases[2m > [22m[2mshould handle title only without description
[22m[39m`DialogContent` requires a `DialogTitle` for the component to be accessible for screen reader users.

If you want to hide the `DialogTitle`, you can wrap it with our VisuallyHidden component.

For more information, see https://radix-ui.com/primitives/docs/components/dialog

 [31mâ¯[39m components/__tests__/WorkoutBuilder.forecast.integration.test.tsx [2m([22m[2m21 tests[22m[2m | [22m[31m1 failed[39m[2m)[22m[33m 1137[2mms[22m[39m
       [32mâœ“[39m groups sets by exerciseId and formats for API[32m 3[2mms[22m[39m
       [32mâœ“[39m returns empty array for empty sets[32m 1[2mms[22m[39m
       [32mâœ“[39m returns green class for safe zone (0-60%)[32m 0[2mms[22m[39m
       [32mâœ“[39m returns yellow class for moderate zone (61-90%)[32m 0[2mms[22m[39m
       [32mâœ“[39m returns red class for high intensity zone (91-100%)[32m 0[2mms[22m[39m
       [32mâœ“[39m returns dark red class for bottleneck zone (>100%)[32m 0[2mms[22m[39m
       [32mâœ“[39m delays execution by specified time[32m 5[2mms[22m[39m
       [32mâœ“[39m can be cancelled[32m 1[2mms[22m[39m
       [32mâœ“[39m validates WorkoutForecastResponse type structure[32m 1[2mms[22m[39m
       [32mâœ“[39m validates POST request format[32m 1[2mms[22m[39m
       [32mâœ“[39m should not call API when workout sets is empty[32m 0[2mms[22m[39m
       [32mâœ“[39m catches and handles network errors[32m 1[2mms[22m[39m
       [32mâœ“[39m handles API error responses[32m 0[2mms[22m[39m
       [32mâœ“[39m renders WorkoutBuilder in planning mode[32m 272[2mms[22m[39m
       [32mâœ“[39m displays forecast panel only when sets are added in planning mode[32m 98[2mms[22m[39m
       [32mâœ“[39m shows empty state when no sets added[32m 117[2mms[22m[39m
       [32mâœ“[39m verifies component can handle forecast data structure[32m 77[2mms[22m[39m
       [32mâœ“[39m verifies component can handle bottleneck data structure[32m 74[2mms[22m[39m
       [32mâœ“[39m handles forecast API errors gracefully[32m 93[2mms[22m[39m
[31m       [31mÃ—[31m closes modal when close button is clicked[39m[32m 78[2mms[22m[39m
       [33m[2mâœ“[22m[39m switches between Forward Planning and Target-Driven modes [33m 313[2mms[22m[39m
[90mstderr[2m | src/design-system/components/primitives/__tests__/Sheet.test.tsx[2m > [22m[2mSheet Component[2m > [22m[2mEdge Cases[2m > [22m[2mshould handle description only without title
[22m[39m`DialogContent` requires a `DialogTitle` for the component to be accessible for screen reader users.

If you want to hide the `DialogTitle`, you can wrap it with our VisuallyHidden component.

For more information, see https://radix-ui.com/primitives/docs/components/dialog
Warning: Missing `Description` or `aria-describedby={undefined}` for {DialogContent}.

[90mstderr[2m | src/design-system/components/primitives/__tests__/Sheet.test.tsx[2m > [22m[2mSheet Component[2m > [22m[2mDefault Values[2m > [22m[2mshould default to md height
[22m[39m`DialogContent` requires a `DialogTitle` for the component to be accessible for screen reader users.

If you want to hide the `DialogTitle`, you can wrap it with our VisuallyHidden component.

For more information, see https://radix-ui.com/primitives/docs/components/dialog

 [32mâœ“[39m utils/setBuilder.test.ts [2m([22m[2m2 tests[22m[2m)[22m[32m 5[2mms[22m[39m
 [32mâœ“[39m utils/volumeForecasting.test.ts [2m([22m[2m1 test[22m[2m)[22m[32m 3[2mms[22m[39m
[90mstderr[2m | src/design-system/components/primitives/__tests__/Sheet.test.tsx[2m > [22m[2mSheet Component[2m > [22m[2mDefault Values[2m > [22m[2mshould default to showing handle
[22m[39m`DialogContent` requires a `DialogTitle` for the component to be accessible for screen reader users.

If you want to hide the `DialogTitle`, you can wrap it with our VisuallyHidden component.

For more information, see https://radix-ui.com/primitives/docs/components/dialog

 [32mâœ“[39m backend/services/__tests__/dataLoaders.test.js [2m([22m[2m7 tests[22m[2m)[22m[32m 8[2mms[22m[39m
 [32mâœ“[39m utils/workoutPlanner.test.ts [2m([22m[2m16 tests[22m[2m)[22m[32m 11[2mms[22m[39m
[90mstderr[2m | src/design-system/components/primitives/__tests__/Sheet.test.tsx[2m > [22m[2mSheet Component[2m > [22m[2mDefault Values[2m > [22m[2mshould render without title or description when not provided
[22m[39m`DialogContent` requires a `DialogTitle` for the component to be accessible for screen reader users.

If you want to hide the `DialogTitle`, you can wrap it with our VisuallyHidden component.

For more information, see https://radix-ui.com/primitives/docs/components/dialog

 [32mâœ“[39m src/design-system/components/primitives/__tests__/Sheet.test.tsx [2m([22m[2m34 tests[22m[2m)[22m[33m 2264[2mms[22m[39m
       [33m[2mâœ“[22m[39m should render when open is true [33m 362[2mms[22m[39m
 [32mâœ“[39m backend/services/__tests__/baselineUpdater.test.js [2m([22m[2m36 tests[22m[2m)[22m[32m 15[2mms[22m[39m
[90mstderr[2m | components/__tests__/WorkoutBuilder.sheet.integration.test.tsx[2m > [22m[2mWorkoutBuilder Sheet Integration (Story 6.1)[2m > [22m[2mAC#1: Replace Legacy Modal with Sheet Component[2m > [22m[2mshould render with 60vh height (md variant)
[22m[39m`DialogContent` requires a `DialogTitle` for the component to be accessible for screen reader users.

If you want to hide the `DialogTitle`, you can wrap it with our VisuallyHidden component.

For more information, see https://radix-ui.com/primitives/docs/components/dialog

 [32mâœ“[39m utils/exerciseEfficiency.test.ts [2m([22m[2m1 test[22m[2m)[22m[32m 2[2mms[22m[39m
 [32mâœ“[39m components/WorkoutBuilder.completion.test.tsx [2m([22m[2m15 tests[22m[2m)[22m[32m 6[2mms[22m[39m
[90mstderr[2m | components/__tests__/WorkoutBuilder.sheet.integration.test.tsx[2m > [22m[2mWorkoutBuilder Sheet Integration (Story 6.1)[2m > [22m[2mAC#1: Replace Legacy Modal with Sheet Component[2m > [22m[2mshould render drag handle at top of sheet
[22m[39m`DialogContent` requires a `DialogTitle` for the component to be accessible for screen reader users.

If you want to hide the `DialogTitle`, you can wrap it with our VisuallyHidden component.

For more information, see https://radix-ui.com/primitives/docs/components/dialog

[90mstderr[2m | components/__tests__/ExerciseRecommendations.integration.test.tsx[2m > [22m[2mExerciseRecommendations Integration Tests[2m > [22m[2mshould display score badge with correct value (AC 3)
[22m[39mError: Element type is invalid: expected a string (for built-in components) or a class/function (for composite components) but got: undefined. You likely forgot to export your component from the file it's defined in, or you might have mixed up default and named imports.

Check the render method of `ExerciseRecommendations`.
    at createFiberFromTypeAndProps [90m(C:\Users\ender\.claude\projects\FitForge-Local\[39mnode_modules\[4mreact-dom[24m\cjs\react-dom-client.development.js:5021:28[90m)[39m
    at createFiberFromElement [90m(C:\Users\ender\.claude\projects\FitForge-Local\[39mnode_modules\[4mreact-dom[24m\cjs\react-dom-client.development.js:5035:14[90m)[39m
    at createChild [90m(C:\Users\ender\.claude\projects\FitForge-Local\[39mnode_modules\[4mreact-dom[24m\cjs\react-dom-client.development.js:6338:26[90m)[39m
    at reconcileChildrenArray [90m(C:\Users\ender\.claude\projects\FitForge-Local\[39mnode_modules\[4mreact-dom[24m\cjs\react-dom-client.development.js:6670:25[90m)[39m
    at reconcileChildFibersImpl [90m(C:\Users\ender\.claude\projects\FitForge-Local\[39mnode_modules\[4mreact-dom[24m\cjs\react-dom-client.development.js:6993:30[90m)[39m
    at [90mC:\Users\ender\.claude\projects\FitForge-Local\[39mnode_modules\[4mreact-dom[24m\cjs\react-dom-client.development.js:7098:33
    at reconcileChildren [90m(C:\Users\ender\.claude\projects\FitForge-Local\[39mnode_modules\[4mreact-dom[24m\cjs\react-dom-client.development.js:9702:13[90m)[39m
    at beginWork [90m(C:\Users\ender\.claude\projects\FitForge-Local\[39mnode_modules\[4mreact-dom[24m\cjs\react-dom-client.development.js:12049:13[90m)[39m
    at runWithFiberInDEV [90m(C:\Users\ender\.claude\projects\FitForge-Local\[39mnode_modules\[4mreact-dom[24m\cjs\react-dom-client.development.js:874:13[90m)[39m
    at performUnitOfWork [90m(C:\Users\ender\.claude\projects\FitForge-Local\[39mnode_modules\[4mreact-dom[24m\cjs\react-dom-client.development.js:17641:22[90m)[39m
An error occurred in the <div> component.

Consider adding an error boundary to your tree to customize error handling behavior.
Visit https://react.dev/link/error-boundaries to learn more about error boundaries.


[90mstderr[2m | components/__tests__/WorkoutBuilder.sheet.integration.test.tsx[2m > [22m[2mWorkoutBuilder Sheet Integration (Story 6.1)[2m > [22m[2mAC#1: Replace Legacy Modal with Sheet Component[2m > [22m[2mshould support swipe-to-dismiss gesture (Vaul feature)
[22m[39m`DialogContent` requires a `DialogTitle` for the component to be accessible for screen reader users.

If you want to hide the `DialogTitle`, you can wrap it with our VisuallyHidden component.

For more information, see https://radix-ui.com/primitives/docs/components/dialog

[90mstderr[2m | components/__tests__/ExerciseRecommendations.integration.test.tsx[2m > [22m[2mExerciseRecommendations Integration Tests[2m > [22m[2mshould display tooltip with all 5 factors on hover (AC 5)
[22m[39mError: Element type is invalid: expected a string (for built-in components) or a class/function (for composite components) but got: undefined. You likely forgot to export your component from the file it's defined in, or you might have mixed up default and named imports.

Check the render method of `ExerciseRecommendations`.
    at createFiberFromTypeAndProps [90m(C:\Users\ender\.claude\projects\FitForge-Local\[39mnode_modules\[4mreact-dom[24m\cjs\react-dom-client.development.js:5021:28[90m)[39m
    at createFiberFromElement [90m(C:\Users\ender\.claude\projects\FitForge-Local\[39mnode_modules\[4mreact-dom[24m\cjs\react-dom-client.development.js:5035:14[90m)[39m
    at createChild [90m(C:\Users\ender\.claude\projects\FitForge-Local\[39mnode_modules\[4mreact-dom[24m\cjs\react-dom-client.development.js:6338:26[90m)[39m
    at reconcileChildrenArray [90m(C:\Users\ender\.claude\projects\FitForge-Local\[39mnode_modules\[4mreact-dom[24m\cjs\react-dom-client.development.js:6670:25[90m)[39m
    at reconcileChildFibersImpl [90m(C:\Users\ender\.claude\projects\FitForge-Local\[39mnode_modules\[4mreact-dom[24m\cjs\react-dom-client.development.js:6993:30[90m)[39m
    at [90mC:\Users\ender\.claude\projects\FitForge-Local\[39mnode_modules\[4mreact-dom[24m\cjs\react-dom-client.development.js:7098:33
    at reconcileChildren [90m(C:\Users\ender\.claude\projects\FitForge-Local\[39mnode_modules\[4mreact-dom[24m\cjs\react-dom-client.development.js:9702:13[90m)[39m
    at beginWork [90m(C:\Users\ender\.claude\projects\FitForge-Local\[39mnode_modules\[4mreact-dom[24m\cjs\react-dom-client.development.js:12049:13[90m)[39m
    at runWithFiberInDEV [90m(C:\Users\ender\.claude\projects\FitForge-Local\[39mnode_modules\[4mreact-dom[24m\cjs\react-dom-client.development.js:874:13[90m)[39m
    at performUnitOfWork [90m(C:\Users\ender\.claude\projects\FitForge-Local\[39mnode_modules\[4mreact-dom[24m\cjs\react-dom-client.development.js:17641:22[90m)[39m
An error occurred in the <div> component.

Consider adding an error boundary to your tree to customize error handling behavior.
Visit https://react.dev/link/error-boundaries to learn more about error boundaries.


[90mstderr[2m | components/__tests__/WorkoutBuilder.sheet.integration.test.tsx[2m > [22m[2mWorkoutBuilder Sheet Integration (Story 6.1)[2m > [22m[2mAC#2: Apply Glass Morphism Styling[2m > [22m[2mshould apply glass morphism background styling
[22m[39m`DialogContent` requires a `DialogTitle` for the component to be accessible for screen reader users.

If you want to hide the `DialogTitle`, you can wrap it with our VisuallyHidden component.

For more information, see https://radix-ui.com/primitives/docs/components/dialog

 [31mâ¯[39m backend/__tests__/integration/recovery-timeline.test.ts [2m([22m[2m1 test[22m[2m | [22m[31m1 failed[39m[2m)[22m[33m 5884[2mms[22m[39m
[31m     [31mÃ—[31m returns current recovery state with 24h/48h/72h projections[39m[33m 5882[2mms[22m[39m
[90mstderr[2m | components/__tests__/ExerciseRecommendations.integration.test.tsx[2m > [22m[2mExerciseRecommendations Integration Tests[2m > [22m[2mshould display warning badges for bottleneck risks (AC 4)
[22m[39mError: Element type is invalid: expected a string (for built-in components) or a class/function (for composite components) but got: undefined. You likely forgot to export your component from the file it's defined in, or you might have mixed up default and named imports.

Check the render method of `ExerciseRecommendations`.
    at createFiberFromTypeAndProps [90m(C:\Users\ender\.claude\projects\FitForge-Local\[39mnode_modules\[4mreact-dom[24m\cjs\react-dom-client.development.js:5021:28[90m)[39m
    at createFiberFromElement [90m(C:\Users\ender\.claude\projects\FitForge-Local\[39mnode_modules\[4mreact-dom[24m\cjs\react-dom-client.development.js:5035:14[90m)[39m
    at createChild [90m(C:\Users\ender\.claude\projects\FitForge-Local\[39mnode_modules\[4mreact-dom[24m\cjs\react-dom-client.development.js:6338:26[90m)[39m
    at reconcileChildrenArray [90m(C:\Users\ender\.claude\projects\FitForge-Local\[39mnode_modules\[4mreact-dom[24m\cjs\react-dom-client.development.js:6670:25[90m)[39m
    at reconcileChildFibersImpl [90m(C:\Users\ender\.claude\projects\FitForge-Local\[39mnode_modules\[4mreact-dom[24m\cjs\react-dom-client.development.js:6993:30[90m)[39m
    at [90mC:\Users\ender\.claude\projects\FitForge-Local\[39mnode_modules\[4mreact-dom[24m\cjs\react-dom-client.development.js:7098:33
    at reconcileChildren [90m(C:\Users\ender\.claude\projects\FitForge-Local\[39mnode_modules\[4mreact-dom[24m\cjs\react-dom-client.development.js:9702:13[90m)[39m
    at beginWork [90m(C:\Users\ender\.claude\projects\FitForge-Local\[39mnode_modules\[4mreact-dom[24m\cjs\react-dom-client.development.js:12049:13[90m)[39m
    at runWithFiberInDEV [90m(C:\Users\ender\.claude\projects\FitForge-Local\[39mnode_modules\[4mreact-dom[24m\cjs\react-dom-client.development.js:874:13[90m)[39m
    at performUnitOfWork [90m(C:\Users\ender\.claude\projects\FitForge-Local\[39mnode_modules\[4mreact-dom[24m\cjs\react-dom-client.development.js:17641:22[90m)[39m
An error occurred in the <div> component.

Consider adding an error boundary to your tree to customize error handling behavior.
Visit https://react.dev/link/error-boundaries to learn more about error boundaries.


[90mstderr[2m | components/__tests__/WorkoutBuilder.sheet.integration.test.tsx[2m > [22m[2mWorkoutBuilder Sheet Integration (Story 6.1)[2m > [22m[2mAC#2: Apply Glass Morphism Styling[2m > [22m[2mshould have backdrop-blur-sm class applied
[22m[39m`DialogContent` requires a `DialogTitle` for the component to be accessible for screen reader users.

If you want to hide the `DialogTitle`, you can wrap it with our VisuallyHidden component.

For more information, see https://radix-ui.com/primitives/docs/components/dialog

[90mstderr[2m | components/__tests__/ExerciseRecommendations.integration.test.tsx[2m > [22m[2mExerciseRecommendations Integration Tests[2m > [22m[2mshould call onAddToWorkout when clicking Add to Workout button (AC 6)
[22m[39mError: Element type is invalid: expected a string (for built-in components) or a class/function (for composite components) but got: undefined. You likely forgot to export your component from the file it's defined in, or you might have mixed up default and named imports.

Check the render method of `ExerciseRecommendations`.
    at createFiberFromTypeAndProps [90m(C:\Users\ender\.claude\projects\FitForge-Local\[39mnode_modules\[4mreact-dom[24m\cjs\react-dom-client.development.js:5021:28[90m)[39m
    at createFiberFromElement [90m(C:\Users\ender\.claude\projects\FitForge-Local\[39mnode_modules\[4mreact-dom[24m\cjs\react-dom-client.development.js:5035:14[90m)[39m
    at createChild [90m(C:\Users\ender\.claude\projects\FitForge-Local\[39mnode_modules\[4mreact-dom[24m\cjs\react-dom-client.development.js:6338:26[90m)[39m
    at reconcileChildrenArray [90m(C:\Users\ender\.claude\projects\FitForge-Local\[39mnode_modules\[4mreact-dom[24m\cjs\react-dom-client.development.js:6670:25[90m)[39m
    at reconcileChildFibersImpl [90m(C:\Users\ender\.claude\projects\FitForge-Local\[39mnode_modules\[4mreact-dom[24m\cjs\react-dom-client.development.js:6993:30[90m)[39m
    at [90mC:\Users\ender\.claude\projects\FitForge-Local\[39mnode_modules\[4mreact-dom[24m\cjs\react-dom-client.development.js:7098:33
    at reconcileChildren [90m(C:\Users\ender\.claude\projects\FitForge-Local\[39mnode_modules\[4mreact-dom[24m\cjs\react-dom-client.development.js:9702:13[90m)[39m
    at beginWork [90m(C:\Users\ender\.claude\projects\FitForge-Local\[39mnode_modules\[4mreact-dom[24m\cjs\react-dom-client.development.js:12049:13[90m)[39m
    at runWithFiberInDEV [90m(C:\Users\ender\.claude\projects\FitForge-Local\[39mnode_modules\[4mreact-dom[24m\cjs\react-dom-client.development.js:874:13[90m)[39m
    at performUnitOfWork [90m(C:\Users\ender\.claude\projects\FitForge-Local\[39mnode_modules\[4mreact-dom[24m\cjs\react-dom-client.development.js:17641:22[90m)[39m
An error occurred in the <div> component.

Consider adding an error boundary to your tree to customize error handling behavior.
Visit https://react.dev/link/error-boundaries to learn more about error boundaries.


[90mstderr[2m | components/__tests__/WorkoutBuilder.sheet.integration.test.tsx[2m > [22m[2mWorkoutBuilder Sheet Integration (Story 6.1)[2m > [22m[2mAC#2: Apply Glass Morphism Styling[2m > [22m[2mshould have rounded-t-[24px] top corners
[22m[39m`DialogContent` requires a `DialogTitle` for the component to be accessible for screen reader users.

If you want to hide the `DialogTitle`, you can wrap it with our VisuallyHidden component.

For more information, see https://radix-ui.com/primitives/docs/components/dialog

 [31mâ¯[39m backend/__tests__/integration/workout-completion.test.ts [2m([22m[2m2 tests[22m[2m | [22m[31m2 failed[39m[2m)[22m[33m 8063[2mms[22m[39m
[31m     [31mÃ—[31m calculates accurate fatigue percentages matching logic-sandbox[39m[33m 3608[2mms[22m[39m
[31m     [31mÃ—[31m triggers baseline update modal when baseline exceeded[39m[33m 4453[2mms[22m[39m
[90mstderr[2m | components/__tests__/WorkoutBuilder.sheet.integration.test.tsx[2m > [22m[2mWorkoutBuilder Sheet Integration (Story 6.1)[2m > [22m[2mAC#3: Integrate Button Primitives[2m > [22m[2mshould render Start Workout button with primary variant
[22m[39m`DialogContent` requires a `DialogTitle` for the component to be accessible for screen reader users.

If you want to hide the `DialogTitle`, you can wrap it with our VisuallyHidden component.

For more information, see https://radix-ui.com/primitives/docs/components/dialog

[90mstderr[2m | components/__tests__/WorkoutBuilder.sheet.integration.test.tsx[2m > [22m[2mWorkoutBuilder Sheet Integration (Story 6.1)[2m > [22m[2mAC#3: Integrate Button Primitives[2m > [22m[2mshould render Save as Template button with secondary variant
[22m[39m`DialogContent` requires a `DialogTitle` for the component to be accessible for screen reader users.

If you want to hide the `DialogTitle`, you can wrap it with our VisuallyHidden component.

For more information, see https://radix-ui.com/primitives/docs/components/dialog

[90mstderr[2m | components/__tests__/WorkoutBuilder.sheet.integration.test.tsx[2m > [22m[2mWorkoutBuilder Sheet Integration (Story 6.1)[2m > [22m[2mAC#3: Integrate Button Primitives[2m > [22m[2mshould render Log as Completed button with secondary variant
[22m[39m`DialogContent` requires a `DialogTitle` for the component to be accessible for screen reader users.

If you want to hide the `DialogTitle`, you can wrap it with our VisuallyHidden component.

For more information, see https://radix-ui.com/primitives/docs/components/dialog

[90mstderr[2m | components/__tests__/WorkoutBuilder.sheet.integration.test.tsx[2m > [22m[2mWorkoutBuilder Sheet Integration (Story 6.1)[2m > [22m[2mAC#3: Integrate Button Primitives[2m > [22m[2mshould render planning mode toggle buttons with ghost variant
[22m[39m`DialogContent` requires a `DialogTitle` for the component to be accessible for screen reader users.

If you want to hide the `DialogTitle`, you can wrap it with our VisuallyHidden component.

For more information, see https://radix-ui.com/primitives/docs/components/dialog

[90mstderr[2m | components/__tests__/ExerciseRecommendations.integration.test.tsx[2m > [22m[2mExerciseRecommendations Integration Tests[2m > [22m[2mshould show "Select a Muscle" message when no muscles selected
[22m[39mAn update to ExerciseRecommendations inside a test was not wrapped in act(...).

When testing, code that causes React state updates should be wrapped into act(...):

act(() => {
  /* fire events that update state */
});
/* assert on the output */

This ensures that you're testing the behavior the user would see in the browser. Learn more at https://react.dev/link/wrap-tests-with-act

[90mstderr[2m | components/__tests__/ExerciseRecommendations.integration.test.tsx[2m > [22m[2mExerciseRecommendations Integration Tests[2m > [22m[2mshould filter recommendations by equipment availability (AC 7)
[22m[39mError: Element type is invalid: expected a string (for built-in components) or a class/function (for composite components) but got: undefined. You likely forgot to export your component from the file it's defined in, or you might have mixed up default and named imports.

Check the render method of `ExerciseRecommendations`.
    at createFiberFromTypeAndProps [90m(C:\Users\ender\.claude\projects\FitForge-Local\[39mnode_modules\[4mreact-dom[24m\cjs\react-dom-client.development.js:5021:28[90m)[39m
    at createFiberFromElement [90m(C:\Users\ender\.claude\projects\FitForge-Local\[39mnode_modules\[4mreact-dom[24m\cjs\react-dom-client.development.js:5035:14[90m)[39m
    at createChild [90m(C:\Users\ender\.claude\projects\FitForge-Local\[39mnode_modules\[4mreact-dom[24m\cjs\react-dom-client.development.js:6338:26[90m)[39m
    at reconcileChildrenArray [90m(C:\Users\ender\.claude\projects\FitForge-Local\[39mnode_modules\[4mreact-dom[24m\cjs\react-dom-client.development.js:6670:25[90m)[39m
    at reconcileChildFibersImpl [90m(C:\Users\ender\.claude\projects\FitForge-Local\[39mnode_modules\[4mreact-dom[24m\cjs\react-dom-client.development.js:6993:30[90m)[39m
    at [90mC:\Users\ender\.claude\projects\FitForge-Local\[39mnode_modules\[4mreact-dom[24m\cjs\react-dom-client.development.js:7098:33
    at reconcileChildren [90m(C:\Users\ender\.claude\projects\FitForge-Local\[39mnode_modules\[4mreact-dom[24m\cjs\react-dom-client.development.js:9702:13[90m)[39m
    at beginWork [90m(C:\Users\ender\.claude\projects\FitForge-Local\[39mnode_modules\[4mreact-dom[24m\cjs\react-dom-client.development.js:12049:13[90m)[39m
    at runWithFiberInDEV [90m(C:\Users\ender\.claude\projects\FitForge-Local\[39mnode_modules\[4mreact-dom[24m\cjs\react-dom-client.development.js:874:13[90m)[39m
    at performUnitOfWork [90m(C:\Users\ender\.claude\projects\FitForge-Local\[39mnode_modules\[4mreact-dom[24m\cjs\react-dom-client.development.js:17641:22[90m)[39m
An error occurred in the <div> component.

Consider adding an error boundary to your tree to customize error handling behavior.
Visit https://react.dev/link/error-boundaries to learn more about error boundaries.


[90mstderr[2m | components/__tests__/ExerciseRecommendations.integration.test.tsx[2m > [22m[2mExerciseRecommendations Integration Tests[2m > [22m[2mshould map score to correct status (excellent, good, suboptimal)
[22m[39mError: Element type is invalid: expected a string (for built-in components) or a class/function (for composite components) but got: undefined. You likely forgot to export your component from the file it's defined in, or you might have mixed up default and named imports.

Check the render method of `ExerciseRecommendations`.
    at createFiberFromTypeAndProps [90m(C:\Users\ender\.claude\projects\FitForge-Local\[39mnode_modules\[4mreact-dom[24m\cjs\react-dom-client.development.js:5021:28[90m)[39m
    at createFiberFromElement [90m(C:\Users\ender\.claude\projects\FitForge-Local\[39mnode_modules\[4mreact-dom[24m\cjs\react-dom-client.development.js:5035:14[90m)[39m
    at createChild [90m(C:\Users\ender\.claude\projects\FitForge-Local\[39mnode_modules\[4mreact-dom[24m\cjs\react-dom-client.development.js:6338:26[90m)[39m
    at reconcileChildrenArray [90m(C:\Users\ender\.claude\projects\FitForge-Local\[39mnode_modules\[4mreact-dom[24m\cjs\react-dom-client.development.js:6670:25[90m)[39m
    at reconcileChildFibersImpl [90m(C:\Users\ender\.claude\projects\FitForge-Local\[39mnode_modules\[4mreact-dom[24m\cjs\react-dom-client.development.js:6993:30[90m)[39m
    at [90mC:\Users\ender\.claude\projects\FitForge-Local\[39mnode_modules\[4mreact-dom[24m\cjs\react-dom-client.development.js:7098:33
    at reconcileChildren [90m(C:\Users\ender\.claude\projects\FitForge-Local\[39mnode_modules\[4mreact-dom[24m\cjs\react-dom-client.development.js:9702:13[90m)[39m
    at beginWork [90m(C:\Users\ender\.claude\projects\FitForge-Local\[39mnode_modules\[4mreact-dom[24m\cjs\react-dom-client.development.js:12049:13[90m)[39m
    at runWithFiberInDEV [90m(C:\Users\ender\.claude\projects\FitForge-Local\[39mnode_modules\[4mreact-dom[24m\cjs\react-dom-client.development.js:874:13[90m)[39m
    at performUnitOfWork [90m(C:\Users\ender\.claude\projects\FitForge-Local\[39mnode_modules\[4mreact-dom[24m\cjs\react-dom-client.development.js:17641:22[90m)[39m
An error occurred in the <div> component.

Consider adding an error boundary to your tree to customize error handling behavior.
Visit https://react.dev/link/error-boundaries to learn more about error boundaries.


[90mstderr[2m | components/__tests__/WorkoutBuilder.sheet.integration.test.tsx[2m > [22m[2mWorkoutBuilder Sheet Integration (Story 6.1)[2m > [22m[2mAC#3: Integrate Button Primitives[2m > [22m[2mshould have accessible touch targets (60x60px minimum)
[22m[39m`DialogContent` requires a `DialogTitle` for the component to be accessible for screen reader users.

If you want to hide the `DialogTitle`, you can wrap it with our VisuallyHidden component.

For more information, see https://radix-ui.com/primitives/docs/components/dialog

[90mstderr[2m | components/__tests__/WorkoutBuilder.sheet.integration.test.tsx[2m > [22m[2mWorkoutBuilder Sheet Integration (Story 6.1)[2m > [22m[2mAC#4: Mobile-First Responsive Behavior[2m > [22m[2mshould render backdrop overlay
[22m[39m`DialogContent` requires a `DialogTitle` for the component to be accessible for screen reader users.

If you want to hide the `DialogTitle`, you can wrap it with our VisuallyHidden component.

For more information, see https://radix-ui.com/primitives/docs/components/dialog

[90mstderr[2m | components/__tests__/WorkoutBuilder.sheet.integration.test.tsx[2m > [22m[2mWorkoutBuilder Sheet Integration (Story 6.1)[2m > [22m[2mAC#4: Mobile-First Responsive Behavior[2m > [22m[2mshould dismiss sheet on backdrop click
[22m[39m`DialogContent` requires a `DialogTitle` for the component to be accessible for screen reader users.

If you want to hide the `DialogTitle`, you can wrap it with our VisuallyHidden component.

For more information, see https://radix-ui.com/primitives/docs/components/dialog

[90mstderr[2m | components/__tests__/WorkoutBuilder.sheet.integration.test.tsx[2m > [22m[2mWorkoutBuilder Sheet Integration (Story 6.1)[2m > [22m[2mAC#4: Mobile-First Responsive Behavior[2m > [22m[2mshould dismiss sheet on ESC key press
[22m[39m`DialogContent` requires a `DialogTitle` for the component to be accessible for screen reader users.

If you want to hide the `DialogTitle`, you can wrap it with our VisuallyHidden component.

For more information, see https://radix-ui.com/primitives/docs/components/dialog

[90mstderr[2m | components/__tests__/WorkoutBuilder.sheet.integration.test.tsx[2m > [22m[2mWorkoutBuilder Sheet Integration (Story 6.1)[2m > [22m[2mAC#4: Mobile-First Responsive Behavior[2m > [22m[2mshould trap focus inside sheet when open
[22m[39m`DialogContent` requires a `DialogTitle` for the component to be accessible for screen reader users.

If you want to hide the `DialogTitle`, you can wrap it with our VisuallyHidden component.

For more information, see https://radix-ui.com/primitives/docs/components/dialog

[90mstderr[2m | components/__tests__/WorkoutBuilder.sheet.integration.test.tsx[2m > [22m[2mWorkoutBuilder Sheet Integration (Story 6.1)[2m > [22m[2mAC#4: Mobile-First Responsive Behavior[2m > [22m[2mshould support keyboard navigation through controls
[22m[39m`DialogContent` requires a `DialogTitle` for the component to be accessible for screen reader users.

If you want to hide the `DialogTitle`, you can wrap it with our VisuallyHidden component.

For more information, see https://radix-ui.com/primitives/docs/components/dialog

[90mstderr[2m | components/__tests__/WorkoutBuilder.sheet.integration.test.tsx[2m > [22m[2mWorkoutBuilder Sheet Integration (Story 6.1)[2m > [22m[2mIntegration: Complete Workout Builder Flow[2m > [22m[2mshould open sheet, allow workout planning, and close
[22m[39m`DialogContent` requires a `DialogTitle` for the component to be accessible for screen reader users.

If you want to hide the `DialogTitle`, you can wrap it with our VisuallyHidden component.

For more information, see https://radix-ui.com/primitives/docs/components/dialog

[90mstderr[2m | components/__tests__/WorkoutBuilder.sheet.integration.test.tsx[2m > [22m[2mWorkoutBuilder Sheet Integration (Story 6.1)[2m > [22m[2mIntegration: Complete Workout Builder Flow[2m > [22m[2mshould open sheet, allow workout planning, and close
[22m[39mTypeError: event.target.setPointerCapture is not a function
    at onPress [90m(file:///C:/Users/ender/.claude/projects/FitForge-Local/[39mnode_modules/[4mvaul[24m/dist/index.mjs:968:22[90m)[39m
    at onPointerDown [90m(file:///C:/Users/ender/.claude/projects/FitForge-Local/[39mnode_modules/[4mvaul[24m/dist/index.mjs:1474:13[90m)[39m
    at executeDispatch [90m(C:\Users\ender\.claude\projects\FitForge-Local\[39mnode_modules\[4mreact-dom[24m\cjs\react-dom-client.development.js:19116:9[90m)[39m
    at runWithFiberInDEV [90m(C:\Users\ender\.claude\projects\FitForge-Local\[39mnode_modules\[4mreact-dom[24m\cjs\react-dom-client.development.js:874:13[90m)[39m
    at processDispatchQueue [90m(C:\Users\ender\.claude\projects\FitForge-Local\[39mnode_modules\[4mreact-dom[24m\cjs\react-dom-client.development.js:19166:19[90m)[39m
    at [90mC:\Users\ender\.claude\projects\FitForge-Local\[39mnode_modules\[4mreact-dom[24m\cjs\react-dom-client.development.js:19767:9
    at batchedUpdates$1 [90m(C:\Users\ender\.claude\projects\FitForge-Local\[39mnode_modules\[4mreact-dom[24m\cjs\react-dom-client.development.js:3255:40[90m)[39m
    at dispatchEventForPluginEventSystem [90m(C:\Users\ender\.claude\projects\FitForge-Local\[39mnode_modules\[4mreact-dom[24m\cjs\react-dom-client.development.js:19320:7[90m)[39m
    at dispatchEvent [90m(C:\Users\ender\.claude\projects\FitForge-Local\[39mnode_modules\[4mreact-dom[24m\cjs\react-dom-client.development.js:23585:11[90m)[39m
    at dispatchDiscreteEvent [90m(C:\Users\ender\.claude\projects\FitForge-Local\[39mnode_modules\[4mreact-dom[24m\cjs\react-dom-client.development.js:23553:11[90m)[39m

[90mstderr[2m | components/__tests__/WorkoutBuilder.sheet.integration.test.tsx[2m > [22m[2mWorkoutBuilder Sheet Integration (Story 6.1)[2m > [22m[2mIntegration: Complete Workout Builder Flow[2m > [22m[2mshould open sheet, allow workout planning, and close
[22m[39mTypeError: Cannot read properties of undefined (reading 'match')
    at getTranslate [90m(file:///C:/Users/ender/.claude/projects/FitForge-Local/[39mnode_modules/[4mvaul[24m/dist/index.mjs:404:25[90m)[39m
    at onRelease [90m(file:///C:/Users/ender/.claude/projects/FitForge-Local/[39mnode_modules/[4mvaul[24m/dist/index.mjs:1228:29[90m)[39m
    at onPointerUp [90m(file:///C:/Users/ender/.claude/projects/FitForge-Local/[39mnode_modules/[4mvaul[24m/dist/index.mjs:1520:13[90m)[39m
    at executeDispatch [90m(C:\Users\ender\.claude\projects\FitForge-Local\[39mnode_modules\[4mreact-dom[24m\cjs\react-dom-client.development.js:19116:9[90m)[39m
    at runWithFiberInDEV [90m(C:\Users\ender\.claude\projects\FitForge-Local\[39mnode_modules\[4mreact-dom[24m\cjs\react-dom-client.development.js:874:13[90m)[39m
    at processDispatchQueue [90m(C:\Users\ender\.claude\projects\FitForge-Local\[39mnode_modules\[4mreact-dom[24m\cjs\react-dom-client.development.js:19166:19[90m)[39m
    at [90mC:\Users\ender\.claude\projects\FitForge-Local\[39mnode_modules\[4mreact-dom[24m\cjs\react-dom-client.development.js:19767:9
    at batchedUpdates$1 [90m(C:\Users\ender\.claude\projects\FitForge-Local\[39mnode_modules\[4mreact-dom[24m\cjs\react-dom-client.development.js:3255:40[90m)[39m
    at dispatchEventForPluginEventSystem [90m(C:\Users\ender\.claude\projects\FitForge-Local\[39mnode_modules\[4mreact-dom[24m\cjs\react-dom-client.development.js:19320:7[90m)[39m
    at dispatchEvent [90m(C:\Users\ender\.claude\projects\FitForge-Local\[39mnode_modules\[4mreact-dom[24m\cjs\react-dom-client.development.js:23585:11[90m)[39m

[90mstderr[2m | components/__tests__/WorkoutBuilder.sheet.integration.test.tsx[2m > [22m[2mWorkoutBuilder Sheet Integration (Story 6.1)[2m > [22m[2mIntegration: Complete Workout Builder Flow[2m > [22m[2mshould maintain all existing workout builder functionality
[22m[39m`DialogContent` requires a `DialogTitle` for the component to be accessible for screen reader users.

If you want to hide the `DialogTitle`, you can wrap it with our VisuallyHidden component.

For more information, see https://radix-ui.com/primitives/docs/components/dialog

[90mstderr[2m | components/__tests__/WorkoutBuilder.sheet.integration.test.tsx[2m > [22m[2mWorkoutBuilder Sheet Integration (Story 6.1)[2m > [22m[2mIntegration: Complete Workout Builder Flow[2m > [22m[2mshould not conflict with other modals (BaselineUpdateModal)
[22m[39m`DialogContent` requires a `DialogTitle` for the component to be accessible for screen reader users.

If you want to hide the `DialogTitle`, you can wrap it with our VisuallyHidden component.

For more information, see https://radix-ui.com/primitives/docs/components/dialog

[90mstderr[2m | components/__tests__/WorkoutBuilder.sheet.integration.test.tsx[2m > [22m[2mWorkoutBuilder Sheet Integration (Story 6.1)[2m > [22m[2mIntegration: Complete Workout Builder Flow[2m > [22m[2mshould perform smoothly with spring animation
[22m[39m`DialogContent` requires a `DialogTitle` for the component to be accessible for screen reader users.

If you want to hide the `DialogTitle`, you can wrap it with our VisuallyHidden component.

For more information, see https://radix-ui.com/primitives/docs/components/dialog

[90mstderr[2m | components/__tests__/WorkoutBuilder.sheet.integration.test.tsx[2m > [22m[2mWorkoutBuilder Sheet Integration (Story 6.1)[2m > [22m[2mCross-browser Compatibility[2m > [22m[2mshould render correctly in different viewport sizes
[22m[39m`DialogContent` requires a `DialogTitle` for the component to be accessible for screen reader users.

If you want to hide the `DialogTitle`, you can wrap it with our VisuallyHidden component.

For more information, see https://radix-ui.com/primitives/docs/components/dialog

[90mstderr[2m | components/__tests__/WorkoutBuilder.sheet.integration.test.tsx[2m > [22m[2mWorkoutBuilder Sheet Integration (Story 6.1)[2m > [22m[2mCross-browser Compatibility[2m > [22m[2mshould work with glass effect on heavenly gradient background
[22m[39m`DialogContent` requires a `DialogTitle` for the component to be accessible for screen reader users.

If you want to hide the `DialogTitle`, you can wrap it with our VisuallyHidden component.

For more information, see https://radix-ui.com/primitives/docs/components/dialog

 [31mâ¯[39m components/__tests__/WorkoutBuilder.sheet.integration.test.tsx [2m([22m[2m24 tests[22m[2m | [22m[31m5 failed[39m[2m)[22m[33m 8006[2mms[22m[39m
[31m       [31mÃ—[31m should render as Sheet component (bottom drawer) when open[39m[33m 1259[2mms[22m[39m
       [32mâœ“[39m should not render when isOpen is false[32m 6[2mms[22m[39m
       [33m[2mâœ“[22m[39m should render with 60vh height (md variant) [33m 699[2mms[22m[39m
[31m       [31mÃ—[31m should render drag handle at top of sheet[39m[33m 1055[2mms[22m[39m
[31m       [31mÃ—[31m should support swipe-to-dismiss gesture (Vaul feature)[39m[33m 1034[2mms[22m[39m
[31m       [31mÃ—[31m should apply glass morphism background styling[39m[33m 1029[2mms[22m[39m
[31m       [31mÃ—[31m should have backdrop-blur-sm class applied[39m[33m 1042[2mms[22m[39m
       [33m[2mâœ“[22m[39m should have rounded-t-[24px] top corners [33m 325[2mms[22m[39m
       [32mâœ“[39m should render Start Workout button with primary variant[32m 117[2mms[22m[39m
       [32mâœ“[39m should render Save as Template button with secondary variant[32m 68[2mms[22m[39m
       [32mâœ“[39m should render Log as Completed button with secondary variant[32m 79[2mms[22m[39m
       [32mâœ“[39m should render planning mode toggle buttons with ghost variant[32m 103[2mms[22m[39m
       [32mâœ“[39m should have accessible touch targets (60x60px minimum)[32m 70[2mms[22m[39m
       [32mâœ“[39m should render backdrop overlay[32m 76[2mms[22m[39m
       [32mâœ“[39m should dismiss sheet on backdrop click[32m 92[2mms[22m[39m
       [32mâœ“[39m should dismiss sheet on ESC key press[32m 110[2mms[22m[39m
       [32mâœ“[39m should trap focus inside sheet when open[32m 115[2mms[22m[39m
       [32mâœ“[39m should support keyboard navigation through controls[32m 117[2mms[22m[39m
       [32mâœ“[39m should open sheet, allow workout planning, and close[32m 219[2mms[22m[39m
       [32mâœ“[39m should maintain all existing workout builder functionality[32m 105[2mms[22m[39m
       [32mâœ“[39m should not conflict with other modals (BaselineUpdateModal)[32m 48[2mms[22m[39m
       [32mâœ“[39m should perform smoothly with spring animation[32m 92[2mms[22m[39m
       [32mâœ“[39m should render correctly in different viewport sizes[32m 80[2mms[22m[39m
       [32mâœ“[39m should work with glass effect on heavenly gradient background[32m 62[2mms[22m[39m
 [31mâ¯[39m backend/__tests__/performance/api-performance.test.ts [2m([22m[2m4 tests[22m[2m | [22m[33m4 skipped[39m[2m)[22m[33m 10007[2mms[22m[39m
     [2m[90mâ†“[39m[22m POST /api/workouts/:id/complete responds in <500ms
     [2m[90mâ†“[39m[22m GET /api/recovery/timeline responds in <200ms
     [2m[90mâ†“[39m[22m POST /api/recommendations/exercises responds in <300ms (SKIPPED - pre-existing API bug)
     [2m[90mâ†“[39m[22m POST /api/forecast/workout responds in <250ms
[90mstderr[2m | components/__tests__/ExerciseRecommendations.integration.test.tsx[2m > [22m[2mExerciseRecommendations Integration Tests[2m > [22m[2mshould retry API call when clicking Retry button after error
[22m[39mError fetching recommendations: Error: Network error
    at C:/Users/ender/.claude/projects/FitForge-Local/components/__tests__/ExerciseRecommendations.integration.test.tsx:526:37
    at [90mfile:///C:/Users/ender/.claude/projects/FitForge-Local/[39mnode_modules/[4m@vitest/runner[24m/dist/index.js:157:11
    at [90mfile:///C:/Users/ender/.claude/projects/FitForge-Local/[39mnode_modules/[4m@vitest/runner[24m/dist/index.js:753:26
    at [90mfile:///C:/Users/ender/.claude/projects/FitForge-Local/[39mnode_modules/[4m@vitest/runner[24m/dist/index.js:1636:20
    at new Promise (<anonymous>)
    at runWithTimeout [90m(file:///C:/Users/ender/.claude/projects/FitForge-Local/[39mnode_modules/[4m@vitest/runner[24m/dist/index.js:1602:10[90m)[39m
    at runTest [90m(file:///C:/Users/ender/.claude/projects/FitForge-Local/[39mnode_modules/[4m@vitest/runner[24m/dist/index.js:1309:12[90m)[39m
    at runSuite [90m(file:///C:/Users/ender/.claude/projects/FitForge-Local/[39mnode_modules/[4m@vitest/runner[24m/dist/index.js:1468:8[90m)[39m
    at runSuite [90m(file:///C:/Users/ender/.claude/projects/FitForge-Local/[39mnode_modules/[4m@vitest/runner[24m/dist/index.js:1468:8[90m)[39m
    at runFiles [90m(file:///C:/Users/ender/.claude/projects/FitForge-Local/[39mnode_modules/[4m@vitest/runner[24m/dist/index.js:1526:3[90m)[39m

[90mstderr[2m | components/__tests__/ExerciseRecommendations.integration.test.tsx[2m > [22m[2mExerciseRecommendations Integration Tests[2m > [22m[2mshould retry API call when clicking Retry button after error
[22m[39mError: Element type is invalid: expected a string (for built-in components) or a class/function (for composite components) but got: undefined. You likely forgot to export your component from the file it's defined in, or you might have mixed up default and named imports.

Check the render method of `ExerciseRecommendations`.
    at createFiberFromTypeAndProps [90m(C:\Users\ender\.claude\projects\FitForge-Local\[39mnode_modules\[4mreact-dom[24m\cjs\react-dom-client.development.js:5021:28[90m)[39m
    at createFiberFromElement [90m(C:\Users\ender\.claude\projects\FitForge-Local\[39mnode_modules\[4mreact-dom[24m\cjs\react-dom-client.development.js:5035:14[90m)[39m
    at createChild [90m(C:\Users\ender\.claude\projects\FitForge-Local\[39mnode_modules\[4mreact-dom[24m\cjs\react-dom-client.development.js:6338:26[90m)[39m
    at reconcileChildrenArray [90m(C:\Users\ender\.claude\projects\FitForge-Local\[39mnode_modules\[4mreact-dom[24m\cjs\react-dom-client.development.js:6670:25[90m)[39m
    at reconcileChildFibersImpl [90m(C:\Users\ender\.claude\projects\FitForge-Local\[39mnode_modules\[4mreact-dom[24m\cjs\react-dom-client.development.js:6993:30[90m)[39m
    at [90mC:\Users\ender\.claude\projects\FitForge-Local\[39mnode_modules\[4mreact-dom[24m\cjs\react-dom-client.development.js:7098:33
    at reconcileChildren [90m(C:\Users\ender\.claude\projects\FitForge-Local\[39mnode_modules\[4mreact-dom[24m\cjs\react-dom-client.development.js:9702:13[90m)[39m
    at beginWork [90m(C:\Users\ender\.claude\projects\FitForge-Local\[39mnode_modules\[4mreact-dom[24m\cjs\react-dom-client.development.js:12049:13[90m)[39m
    at runWithFiberInDEV [90m(C:\Users\ender\.claude\projects\FitForge-Local\[39mnode_modules\[4mreact-dom[24m\cjs\react-dom-client.development.js:874:13[90m)[39m
    at performUnitOfWork [90m(C:\Users\ender\.claude\projects\FitForge-Local\[39mnode_modules\[4mreact-dom[24m\cjs\react-dom-client.development.js:17641:22[90m)[39m
An error occurred in the <div> component.

Consider adding an error boundary to your tree to customize error handling behavior.
Visit https://react.dev/link/error-boundaries to learn more about error boundaries.


[90mstderr[2m | components/__tests__/ExerciseRecommendations.integration.test.tsx[2m > [22m[2mExerciseRecommendations Integration Tests[2m > [22m[2mshould handle API response with 500 error
[22m[39mError fetching recommendations: Error: Failed to fetch recommendations: Internal Server Error
    at fetchRecommendations (C:/Users/ender/.claude/projects/FitForge-Local/components/ExerciseRecommendations.tsx:108:17)

 [31mâ¯[39m components/__tests__/ExerciseRecommendations.integration.test.tsx [2m([22m[2m15 tests[22m[2m | [22m[31m7 failed[39m[2m)[22m[33m 11368[2mms[22m[39m
     [32mâœ“[39m should call API when selectedMuscles prop is provided (AC 1)[32m 117[2mms[22m[39m
     [32mâœ“[39m should send correct request body structure (AC 1)[32m 52[2mms[22m[39m
     [32mâœ“[39m should display loading state while fetching (AC 6)[32m 24[2mms[22m[39m
     [32mâœ“[39m should display error state on network failure (AC 6)[32m 32[2mms[22m[39m
[31m     [31mÃ—[31m should parse and display recommendations with scores (AC 2, 3)[39m[33m 3014[2mms[22m[39m
[31m     [31mÃ—[31m should display score badge with correct value (AC 3)[39m[33m 1017[2mms[22m[39m
[31m     [31mÃ—[31m should display tooltip with all 5 factors on hover (AC 5)[39m[33m 1010[2mms[22m[39m
[31m     [31mÃ—[31m should display warning badges for bottleneck risks (AC 4)[39m[33m 1011[2mms[22m[39m
[31m     [31mÃ—[31m should call onAddToWorkout when clicking Add to Workout button (AC 6)[39m[33m 1013[2mms[22m[39m
     [32mâœ“[39m should handle empty results gracefully (AC 6)[32m 14[2mms[22m[39m
     [32mâœ“[39m should show "Select a Muscle" message when no muscles selected[32m 2[2mms[22m[39m
     [32mâœ“[39m should filter recommendations by equipment availability (AC 7)[32m 16[2mms[22m[39m
[31m     [31mÃ—[31m should map score to correct status (excellent, good, suboptimal)[39m[33m 3013[2mms[22m[39m
[31m     [31mÃ—[31m should retry API call when clicking Retry button after error[39m[33m 1025[2mms[22m[39m
     [32mâœ“[39m should handle API response with 500 error[32m 5[2mms[22m[39m
[90mstderr[2m | components/__tests__/RecoveryDashboard.integration.test.tsx[2m > [22m[2mRecoveryDashboard - Story 3.2 Integration[2m > [22m[2mhandles network error gracefully
[22m[39mError fetching recovery data: Error: Network error
    at C:/Users/ender/.claude/projects/FitForge-Local/components/__tests__/RecoveryDashboard.integration.test.tsx:363:37
    at [90mfile:///C:/Users/ender/.claude/projects/FitForge-Local/[39mnode_modules/[4m@vitest/runner[24m/dist/index.js:157:11
    at [90mfile:///C:/Users/ender/.claude/projects/FitForge-Local/[39mnode_modules/[4m@vitest/runner[24m/dist/index.js:753:26
    at [90mfile:///C:/Users/ender/.claude/projects/FitForge-Local/[39mnode_modules/[4m@vitest/runner[24m/dist/index.js:1636:20
    at new Promise (<anonymous>)
    at runWithTimeout [90m(file:///C:/Users/ender/.claude/projects/FitForge-Local/[39mnode_modules/[4m@vitest/runner[24m/dist/index.js:1602:10[90m)[39m
    at runTest [90m(file:///C:/Users/ender/.claude/projects/FitForge-Local/[39mnode_modules/[4m@vitest/runner[24m/dist/index.js:1309:12[90m)[39m
    at runSuite [90m(file:///C:/Users/ender/.claude/projects/FitForge-Local/[39mnode_modules/[4m@vitest/runner[24m/dist/index.js:1468:8[90m)[39m
    at runSuite [90m(file:///C:/Users/ender/.claude/projects/FitForge-Local/[39mnode_modules/[4m@vitest/runner[24m/dist/index.js:1468:8[90m)[39m
    at runFiles [90m(file:///C:/Users/ender/.claude/projects/FitForge-Local/[39mnode_modules/[4m@vitest/runner[24m/dist/index.js:1526:3[90m)[39m

[90mstderr[2m | components/__tests__/RecoveryDashboard.integration.test.tsx[2m > [22m[2mRecoveryDashboard - Story 3.2 Integration[2m > [22m[2mhandles 500 server error
[22m[39mError fetching recovery data: Error: Failed to fetch recovery data
    at fetchRecoveryData (C:/Users/ender/.claude/projects/FitForge-Local/components/screens/RecoveryDashboard.tsx:61:17)

[90mstderr[2m | components/__tests__/RecoveryDashboard.integration.test.tsx[2m > [22m[2mRecoveryDashboard - Story 3.2 Integration[2m > [22m[2mhandles malformed API response
[22m[39mError fetching recovery data: TypeError: Cannot read properties of undefined (reading 'forEach')
    at fetchRecoveryData (C:/Users/ender/.claude/projects/FitForge-Local/components/screens/RecoveryDashboard.tsx:71:22)

 [31mâ¯[39m components/__tests__/RecoveryDashboard.integration.test.tsx [2m([22m[2m13 tests[22m[2m | [22m[31m13 failed[39m[2m)[22m[33m 60244[2mms[22m[39m
[31m     [31mÃ—[31m AC1: calls GET /api/recovery/timeline on component mount[39m[33m 5025[2mms[22m[39m
[31m     [31mÃ—[31m AC2: displays loading state with skeleton UI during fetch[39m[32m 134[2mms[22m[39m
[31m     [31mÃ—[31m AC3: receives and parses API response structure correctly[39m[33m 5008[2mms[22m[39m
[31m     [31mÃ—[31m AC4: passes muscleStates and onMuscleClick props to RecoveryTimelineView[39m[33m 5006[2mms[22m[39m
[31m     [31mÃ—[31m AC5: renders MuscleHeatMap component with muscle data[39m[33m 5014[2mms[22m[39m
[31m     [31mÃ—[31m AC6: auto-refreshes data every 60 seconds[39m[33m 5002[2mms[22m[39m
[31m     [31mÃ—[31m AC7: clears interval on component unmount[39m[33m 5012[2mms[22m[39m
[31m     [31mÃ—[31m AC8: shows muscle detail modal when muscle is clicked[39m[33m 5008[2mms[22m[39m
[31m     [31mÃ—[31m handles network error gracefully[39m[33m 5013[2mms[22m[39m
[31m     [31mÃ—[31m handles 500 server error[39m[33m 5005[2mms[22m[39m
[31m     [31mÃ—[31m closes muscle detail modal when close button is clicked[39m[33m 5008[2mms[22m[39m
[31m     [31mÃ—[31m handles empty muscles array from API[39m[33m 5005[2mms[22m[39m
[31m     [31mÃ—[31m handles malformed API response[39m[33m 5002[2mms[22m[39m

[31mâŽ¯âŽ¯âŽ¯âŽ¯âŽ¯âŽ¯[39m[1m[41m Failed Suites 8 [49m[22m[31mâŽ¯âŽ¯âŽ¯âŽ¯âŽ¯âŽ¯âŽ¯[39m

[41m[1m FAIL [22m[49m components/__tests__/ModalDepth.integration.test.tsx[2m [ components/__tests__/ModalDepth.integration.test.tsx ][22m
[31m[1mSyntaxError[22m: Unexpected token '}'[39m
[31m[2mâŽ¯âŽ¯âŽ¯âŽ¯âŽ¯âŽ¯âŽ¯âŽ¯âŽ¯âŽ¯âŽ¯âŽ¯âŽ¯âŽ¯âŽ¯âŽ¯âŽ¯âŽ¯âŽ¯âŽ¯âŽ¯âŽ¯âŽ¯[1/39]âŽ¯[22m[39m

[41m[1m FAIL [22m[49m components/__tests__/QuickAdd.sheet.test.tsx[2m [ components/__tests__/QuickAdd.sheet.test.tsx ][22m
[31m[1mSyntaxError[22m: Unexpected token '}'[39m
[31m[2mâŽ¯âŽ¯âŽ¯âŽ¯âŽ¯âŽ¯âŽ¯âŽ¯âŽ¯âŽ¯âŽ¯âŽ¯âŽ¯âŽ¯âŽ¯âŽ¯âŽ¯âŽ¯âŽ¯âŽ¯âŽ¯âŽ¯âŽ¯[2/39]âŽ¯[22m[39m

[41m[1m FAIL [22m[49m backend/__tests__/database.test.ts[2m [ backend/__tests__/database.test.ts ][22m
[31m[1mError[22m: Could not locate the bindings file. Tried:
 â†’ C:\Users\ender\.claude\projects\FitForge-Local\backend\node_modules\better-sqlite3\build\better_sqlite3.node
 â†’ C:\Users\ender\.claude\projects\FitForge-Local\backend\node_modules\better-sqlite3\build\Debug\better_sqlite3.node
 â†’ C:\Users\ender\.claude\projects\FitForge-Local\backend\node_modules\better-sqlite3\build\Release\better_sqlite3.node
 â†’ C:\Users\ender\.claude\projects\FitForge-Local\backend\node_modules\better-sqlite3\out\Debug\better_sqlite3.node
 â†’ C:\Users\ender\.claude\projects\FitForge-Local\backend\node_modules\better-sqlite3\Debug\better_sqlite3.node
 â†’ C:\Users\ender\.claude\projects\FitForge-Local\backend\node_modules\better-sqlite3\out\Release\better_sqlite3.node
 â†’ C:\Users\ender\.claude\projects\FitForge-Local\backend\node_modules\better-sqlite3\Release\better_sqlite3.node
 â†’ C:\Users\ender\.claude\projects\FitForge-Local\backend\node_modules\better-sqlite3\build\default\better_sqlite3.node
 â†’ C:\Users\ender\.claude\projects\FitForge-Local\backend\node_modules\better-sqlite3\compiled\25.1.0\win32\x64\better_sqlite3.node
 â†’ C:\Users\ender\.claude\projects\FitForge-Local\backend\node_modules\better-sqlite3\addon-build\release\install-root\better_sqlite3.node
 â†’ C:\Users\ender\.claude\projects\FitForge-Local\backend\node_modules\better-sqlite3\addon-build\debug\install-root\better_sqlite3.node
 â†’ C:\Users\ender\.claude\projects\FitForge-Local\backend\node_modules\better-sqlite3\addon-build\default\install-root\better_sqlite3.node
 â†’ C:\Users\ender\.claude\projects\FitForge-Local\backend\node_modules\better-sqlite3\lib\binding\node-v141-win32-x64\better_sqlite3.node[39m
[90m [2mâ¯[22m bindings backend/node_modules/bindings/bindings.js:[2m126:9[22m[39m
[90m [2mâ¯[22m new Database backend/node_modules/better-sqlite3/lib/database.js:[2m48:64[22m[39m
[36m [2mâ¯[22m backend/database/database.ts:[2m40:31[22m[39m
    [90m 38| [39m
    [90m 39| [39m[90m// Initialize database[39m
    [90m 40| [39m[35mconst[39m db[33m:[39m [33mDatabase[39m[33m.[39m[33mDatabase[39m [33m=[39m [35mnew[39m [33mDatabase[39m([33mDB_PATH[39m)[33m;[39m
    [90m   | [39m                              [31m^[39m
    [90m 41| [39mdb.pragma('journal_mode = DELETE'); // DELETE mode for Docker compatibâ€¦
    [90m 42| [39m
[90m [2mâ¯[22m backend/__tests__/database.test.ts:[2m1:1[22m[39m

[31m[2mâŽ¯âŽ¯âŽ¯âŽ¯âŽ¯âŽ¯âŽ¯âŽ¯âŽ¯âŽ¯âŽ¯âŽ¯âŽ¯âŽ¯âŽ¯âŽ¯âŽ¯âŽ¯âŽ¯âŽ¯âŽ¯âŽ¯âŽ¯[3/39]âŽ¯[22m[39m

[41m[1m FAIL [22m[49m backend/__tests__/exerciseRecommendations.test.ts[2m [ backend/__tests__/exerciseRecommendations.test.ts ][22m
[31m[1mError[22m: Could not locate the bindings file. Tried:
 â†’ C:\Users\ender\.claude\projects\FitForge-Local\backend\node_modules\better-sqlite3\build\better_sqlite3.node
 â†’ C:\Users\ender\.claude\projects\FitForge-Local\backend\node_modules\better-sqlite3\build\Debug\better_sqlite3.node
 â†’ C:\Users\ender\.claude\projects\FitForge-Local\backend\node_modules\better-sqlite3\build\Release\better_sqlite3.node
 â†’ C:\Users\ender\.claude\projects\FitForge-Local\backend\node_modules\better-sqlite3\out\Debug\better_sqlite3.node
 â†’ C:\Users\ender\.claude\projects\FitForge-Local\backend\node_modules\better-sqlite3\Debug\better_sqlite3.node
 â†’ C:\Users\ender\.claude\projects\FitForge-Local\backend\node_modules\better-sqlite3\out\Release\better_sqlite3.node
 â†’ C:\Users\ender\.claude\projects\FitForge-Local\backend\node_modules\better-sqlite3\Release\better_sqlite3.node
 â†’ C:\Users\ender\.claude\projects\FitForge-Local\backend\node_modules\better-sqlite3\build\default\better_sqlite3.node
 â†’ C:\Users\ender\.claude\projects\FitForge-Local\backend\node_modules\better-sqlite3\compiled\25.1.0\win32\x64\better_sqlite3.node
 â†’ C:\Users\ender\.claude\projects\FitForge-Local\backend\node_modules\better-sqlite3\addon-build\release\install-root\better_sqlite3.node
 â†’ C:\Users\ender\.claude\projects\FitForge-Local\backend\node_modules\better-sqlite3\addon-build\debug\install-root\better_sqlite3.node
 â†’ C:\Users\ender\.claude\projects\FitForge-Local\backend\node_modules\better-sqlite3\addon-build\default\install-root\better_sqlite3.node
 â†’ C:\Users\ender\.claude\projects\FitForge-Local\backend\node_modules\better-sqlite3\lib\binding\node-v141-win32-x64\better_sqlite3.node[39m
[90m [2mâ¯[22m bindings backend/node_modules/bindings/bindings.js:[2m126:9[22m[39m
[90m [2mâ¯[22m new Database backend/node_modules/better-sqlite3/lib/database.js:[2m48:64[22m[39m
[36m [2mâ¯[22m backend/database/database.ts:[2m40:31[22m[39m
    [90m 38| [39m
    [90m 39| [39m[90m// Initialize database[39m
    [90m 40| [39m[35mconst[39m db[33m:[39m [33mDatabase[39m[33m.[39m[33mDatabase[39m [33m=[39m [35mnew[39m [33mDatabase[39m([33mDB_PATH[39m)[33m;[39m
    [90m   | [39m                              [31m^[39m
    [90m 41| [39mdb.pragma('journal_mode = DELETE'); // DELETE mode for Docker compatibâ€¦
    [90m 42| [39m
[90m [2mâ¯[22m backend/__tests__/exerciseRecommendations.test.ts:[2m13:1[22m[39m

[31m[2mâŽ¯âŽ¯âŽ¯âŽ¯âŽ¯âŽ¯âŽ¯âŽ¯âŽ¯âŽ¯âŽ¯âŽ¯âŽ¯âŽ¯âŽ¯âŽ¯âŽ¯âŽ¯âŽ¯âŽ¯âŽ¯âŽ¯âŽ¯[4/39]âŽ¯[22m[39m

[41m[1m FAIL [22m[49m backend/__tests__/recoveryTimeline.test.ts[2m [ backend/__tests__/recoveryTimeline.test.ts ][22m
[31m[1mError[22m: Could not locate the bindings file. Tried:
 â†’ C:\Users\ender\.claude\projects\FitForge-Local\backend\node_modules\better-sqlite3\build\better_sqlite3.node
 â†’ C:\Users\ender\.claude\projects\FitForge-Local\backend\node_modules\better-sqlite3\build\Debug\better_sqlite3.node
 â†’ C:\Users\ender\.claude\projects\FitForge-Local\backend\node_modules\better-sqlite3\build\Release\better_sqlite3.node
 â†’ C:\Users\ender\.claude\projects\FitForge-Local\backend\node_modules\better-sqlite3\out\Debug\better_sqlite3.node
 â†’ C:\Users\ender\.claude\projects\FitForge-Local\backend\node_modules\better-sqlite3\Debug\better_sqlite3.node
 â†’ C:\Users\ender\.claude\projects\FitForge-Local\backend\node_modules\better-sqlite3\out\Release\better_sqlite3.node
 â†’ C:\Users\ender\.claude\projects\FitForge-Local\backend\node_modules\better-sqlite3\Release\better_sqlite3.node
 â†’ C:\Users\ender\.claude\projects\FitForge-Local\backend\node_modules\better-sqlite3\build\default\better_sqlite3.node
 â†’ C:\Users\ender\.claude\projects\FitForge-Local\backend\node_modules\better-sqlite3\compiled\25.1.0\win32\x64\better_sqlite3.node
 â†’ C:\Users\ender\.claude\projects\FitForge-Local\backend\node_modules\better-sqlite3\addon-build\release\install-root\better_sqlite3.node
 â†’ C:\Users\ender\.claude\projects\FitForge-Local\backend\node_modules\better-sqlite3\addon-build\debug\install-root\better_sqlite3.node
 â†’ C:\Users\ender\.claude\projects\FitForge-Local\backend\node_modules\better-sqlite3\addon-build\default\install-root\better_sqlite3.node
 â†’ C:\Users\ender\.claude\projects\FitForge-Local\backend\node_modules\better-sqlite3\lib\binding\node-v141-win32-x64\better_sqlite3.node[39m
[90m [2mâ¯[22m bindings backend/node_modules/bindings/bindings.js:[2m126:9[22m[39m
[90m [2mâ¯[22m new Database backend/node_modules/better-sqlite3/lib/database.js:[2m48:64[22m[39m
[36m [2mâ¯[22m backend/database/database.ts:[2m40:31[22m[39m
    [90m 38| [39m
    [90m 39| [39m[90m// Initialize database[39m
    [90m 40| [39m[35mconst[39m db[33m:[39m [33mDatabase[39m[33m.[39m[33mDatabase[39m [33m=[39m [35mnew[39m [33mDatabase[39m([33mDB_PATH[39m)[33m;[39m
    [90m   | [39m                              [31m^[39m
    [90m 41| [39mdb.pragma('journal_mode = DELETE'); // DELETE mode for Docker compatibâ€¦
    [90m 42| [39m
[90m [2mâ¯[22m backend/__tests__/recoveryTimeline.test.ts:[2m13:1[22m[39m

[31m[2mâŽ¯âŽ¯âŽ¯âŽ¯âŽ¯âŽ¯âŽ¯âŽ¯âŽ¯âŽ¯âŽ¯âŽ¯âŽ¯âŽ¯âŽ¯âŽ¯âŽ¯âŽ¯âŽ¯âŽ¯âŽ¯âŽ¯âŽ¯[5/39]âŽ¯[22m[39m

[41m[1m FAIL [22m[49m backend/__tests__/workoutCompletion.test.ts[2m [ backend/__tests__/workoutCompletion.test.ts ][22m
[31m[1mError[22m: Could not locate the bindings file. Tried:
 â†’ C:\Users\ender\.claude\projects\FitForge-Local\backend\node_modules\better-sqlite3\build\better_sqlite3.node
 â†’ C:\Users\ender\.claude\projects\FitForge-Local\backend\node_modules\better-sqlite3\build\Debug\better_sqlite3.node
 â†’ C:\Users\ender\.claude\projects\FitForge-Local\backend\node_modules\better-sqlite3\build\Release\better_sqlite3.node
 â†’ C:\Users\ender\.claude\projects\FitForge-Local\backend\node_modules\better-sqlite3\out\Debug\better_sqlite3.node
 â†’ C:\Users\ender\.claude\projects\FitForge-Local\backend\node_modules\better-sqlite3\Debug\better_sqlite3.node
 â†’ C:\Users\ender\.claude\projects\FitForge-Local\backend\node_modules\better-sqlite3\out\Release\better_sqlite3.node
 â†’ C:\Users\ender\.claude\projects\FitForge-Local\backend\node_modules\better-sqlite3\Release\better_sqlite3.node
 â†’ C:\Users\ender\.claude\projects\FitForge-Local\backend\node_modules\better-sqlite3\build\default\better_sqlite3.node
 â†’ C:\Users\ender\.claude\projects\FitForge-Local\backend\node_modules\better-sqlite3\compiled\25.1.0\win32\x64\better_sqlite3.node
 â†’ C:\Users\ender\.claude\projects\FitForge-Local\backend\node_modules\better-sqlite3\addon-build\release\install-root\better_sqlite3.node
 â†’ C:\Users\ender\.claude\projects\FitForge-Local\backend\node_modules\better-sqlite3\addon-build\debug\install-root\better_sqlite3.node
 â†’ C:\Users\ender\.claude\projects\FitForge-Local\backend\node_modules\better-sqlite3\addon-build\default\install-root\better_sqlite3.node
 â†’ C:\Users\ender\.claude\projects\FitForge-Local\backend\node_modules\better-sqlite3\lib\binding\node-v141-win32-x64\better_sqlite3.node[39m
[90m [2mâ¯[22m bindings backend/node_modules/bindings/bindings.js:[2m126:9[22m[39m
[90m [2mâ¯[22m new Database backend/node_modules/better-sqlite3/lib/database.js:[2m48:64[22m[39m
[36m [2mâ¯[22m backend/database/database.ts:[2m40:31[22m[39m
    [90m 38| [39m
    [90m 39| [39m[90m// Initialize database[39m
    [90m 40| [39m[35mconst[39m db[33m:[39m [33mDatabase[39m[33m.[39m[33mDatabase[39m [33m=[39m [35mnew[39m [33mDatabase[39m([33mDB_PATH[39m)[33m;[39m
    [90m   | [39m                              [31m^[39m
    [90m 41| [39mdb.pragma('journal_mode = DELETE'); // DELETE mode for Docker compatibâ€¦
    [90m 42| [39m
[90m [2mâ¯[22m backend/__tests__/workoutCompletion.test.ts:[2m13:1[22m[39m

[31m[2mâŽ¯âŽ¯âŽ¯âŽ¯âŽ¯âŽ¯âŽ¯âŽ¯âŽ¯âŽ¯âŽ¯âŽ¯âŽ¯âŽ¯âŽ¯âŽ¯âŽ¯âŽ¯âŽ¯âŽ¯âŽ¯âŽ¯âŽ¯[6/39]âŽ¯[22m[39m

[41m[1m FAIL [22m[49m backend/__tests__/workoutForecast.test.ts[2m [ backend/__tests__/workoutForecast.test.ts ][22m
[31m[1mError[22m: Could not locate the bindings file. Tried:
 â†’ C:\Users\ender\.claude\projects\FitForge-Local\backend\node_modules\better-sqlite3\build\better_sqlite3.node
 â†’ C:\Users\ender\.claude\projects\FitForge-Local\backend\node_modules\better-sqlite3\build\Debug\better_sqlite3.node
 â†’ C:\Users\ender\.claude\projects\FitForge-Local\backend\node_modules\better-sqlite3\build\Release\better_sqlite3.node
 â†’ C:\Users\ender\.claude\projects\FitForge-Local\backend\node_modules\better-sqlite3\out\Debug\better_sqlite3.node
 â†’ C:\Users\ender\.claude\projects\FitForge-Local\backend\node_modules\better-sqlite3\Debug\better_sqlite3.node
 â†’ C:\Users\ender\.claude\projects\FitForge-Local\backend\node_modules\better-sqlite3\out\Release\better_sqlite3.node
 â†’ C:\Users\ender\.claude\projects\FitForge-Local\backend\node_modules\better-sqlite3\Release\better_sqlite3.node
 â†’ C:\Users\ender\.claude\projects\FitForge-Local\backend\node_modules\better-sqlite3\build\default\better_sqlite3.node
 â†’ C:\Users\ender\.claude\projects\FitForge-Local\backend\node_modules\better-sqlite3\compiled\25.1.0\win32\x64\better_sqlite3.node
 â†’ C:\Users\ender\.claude\projects\FitForge-Local\backend\node_modules\better-sqlite3\addon-build\release\install-root\better_sqlite3.node
 â†’ C:\Users\ender\.claude\projects\FitForge-Local\backend\node_modules\better-sqlite3\addon-build\debug\install-root\better_sqlite3.node
 â†’ C:\Users\ender\.claude\projects\FitForge-Local\backend\node_modules\better-sqlite3\addon-build\default\install-root\better_sqlite3.node
 â†’ C:\Users\ender\.claude\projects\FitForge-Local\backend\node_modules\better-sqlite3\lib\binding\node-v141-win32-x64\better_sqlite3.node[39m
[90m [2mâ¯[22m bindings backend/node_modules/bindings/bindings.js:[2m126:9[22m[39m
[90m [2mâ¯[22m new Database backend/node_modules/better-sqlite3/lib/database.js:[2m48:64[22m[39m
[36m [2mâ¯[22m backend/database/database.ts:[2m40:31[22m[39m
    [90m 38| [39m
    [90m 39| [39m[90m// Initialize database[39m
    [90m 40| [39m[35mconst[39m db[33m:[39m [33mDatabase[39m[33m.[39m[33mDatabase[39m [33m=[39m [35mnew[39m [33mDatabase[39m([33mDB_PATH[39m)[33m;[39m
    [90m   | [39m                              [31m^[39m
    [90m 41| [39mdb.pragma('journal_mode = DELETE'); // DELETE mode for Docker compatibâ€¦
    [90m 42| [39m
[90m [2mâ¯[22m backend/__tests__/workoutForecast.test.ts:[2m18:1[22m[39m

[31m[2mâŽ¯âŽ¯âŽ¯âŽ¯âŽ¯âŽ¯âŽ¯âŽ¯âŽ¯âŽ¯âŽ¯âŽ¯âŽ¯âŽ¯âŽ¯âŽ¯âŽ¯âŽ¯âŽ¯âŽ¯âŽ¯âŽ¯âŽ¯[7/39]âŽ¯[22m[39m

[41m[1m FAIL [22m[49m backend/__tests__/performance/api-performance.test.ts[2m > [22mAPI Performance Tests
[31m[1mError[22m: Hook timed out in 10000ms.
If this is a long-running hook, pass a timeout value as the last argument or configure it globally with "hookTimeout".[39m
[36m [2mâ¯[22m backend/__tests__/performance/api-performance.test.ts:[2m22:3[22m[39m
    [90m 20| [39m
    [90m 21| [39m[34mdescribe[39m([32m'API Performance Tests'[39m[33m,[39m () [33m=>[39m {
    [90m 22| [39m  [34mbeforeAll[39m([35masync[39m () [33m=>[39m {
    [90m   | [39m  [31m^[39m
    [90m 23| [39m    [90m// Seed 50+ workouts for realistic performance testing[39m
    [90m 24| [39m    console[33m.[39m[34mlog[39m([32m'Seeding 50 workouts for performance testing...'[39m)[33m;[39m

[31m[2mâŽ¯âŽ¯âŽ¯âŽ¯âŽ¯âŽ¯âŽ¯âŽ¯âŽ¯âŽ¯âŽ¯âŽ¯âŽ¯âŽ¯âŽ¯âŽ¯âŽ¯âŽ¯âŽ¯âŽ¯âŽ¯âŽ¯âŽ¯[8/39]âŽ¯[22m[39m


[31mâŽ¯âŽ¯âŽ¯âŽ¯âŽ¯âŽ¯[39m[1m[41m Failed Tests 31 [49m[22m[31mâŽ¯âŽ¯âŽ¯âŽ¯âŽ¯âŽ¯âŽ¯[39m

[41m[1m FAIL [22m[49m components/__tests__/ExerciseRecommendations.integration.test.tsx[2m > [22mExerciseRecommendations Integration Tests[2m > [22mshould parse and display recommendations with scores (AC 2, 3)
[31m[1mTestingLibraryElementError[22m: Unable to find an element with the text: Barbell Squat. This could be because the text is broken up by multiple elements. In this case, you can provide a function for your text matcher to make your matcher more flexible.

Ignored nodes: comments, script, style
[36m<body>[31m
  [36m<div />[31m
[36m</body>[31m

Ignored nodes: comments, script, style
[36m<html>[31m
  [36m<head />[31m
  [36m<body>[31m
    [36m<div />[31m
  [36m</body>[31m
[36m</html>[31m[39m
[90m [2mâ¯[22m Proxy.waitForWrapper node_modules/@testing-library/dom/dist/wait-for.js:[2m163:27[22m[39m
[36m [2mâ¯[22m components/__tests__/ExerciseRecommendations.integration.test.tsx:[2m274:11[22m[39m
    [90m272| [39m    )[33m;[39m
    [90m273| [39m
    [90m274| [39m    [35mawait[39m [34mwaitFor[39m(() [33m=>[39m {
    [90m   | [39m          [31m^[39m
    [90m275| [39m      [90m// Wait for recommendations to be displayed[39m
    [90m276| [39m      [34mexpect[39m(screen[33m.[39m[34mgetByText[39m([32m'Barbell Squat'[39m))[33m.[39m[34mtoBeInTheDocument[39m()[33m;[39m

[31m[2mâŽ¯âŽ¯âŽ¯âŽ¯âŽ¯âŽ¯âŽ¯âŽ¯âŽ¯âŽ¯âŽ¯âŽ¯âŽ¯âŽ¯âŽ¯âŽ¯âŽ¯âŽ¯âŽ¯âŽ¯âŽ¯âŽ¯âŽ¯[9/39]âŽ¯[22m[39m

[41m[1m FAIL [22m[49m components/__tests__/ExerciseRecommendations.integration.test.tsx[2m > [22mExerciseRecommendations Integration Tests[2m > [22mshould display score badge with correct value (AC 3)
[31m[1mTestingLibraryElementError[22m: Unable to find an element with the text: /^\d+$/. This could be because the text is broken up by multiple elements. In this case, you can provide a function for your text matcher to make your matcher more flexible.

Ignored nodes: comments, script, style
[36m<body>[31m
  [36m<div />[31m
[36m</body>[31m

Ignored nodes: comments, script, style
[36m<html>[31m
  [36m<head />[31m
  [36m<body>[31m
    [36m<div />[31m
  [36m</body>[31m
[36m</html>[31m[39m
[90m [2mâ¯[22m Proxy.waitForWrapper node_modules/@testing-library/dom/dist/wait-for.js:[2m163:27[22m[39m
[36m [2mâ¯[22m components/__tests__/ExerciseRecommendations.integration.test.tsx:[2m302:11[22m[39m
    [90m300| [39m    )[33m;[39m
    [90m301| [39m
    [90m302| [39m    [35mawait[39m [34mwaitFor[39m(() [33m=>[39m {
    [90m   | [39m          [31m^[39m
    [90m303| [39m      [35mconst[39m scoreBadges [33m=[39m screen[33m.[39m[34mgetAllByText[39m([36m/^\d+$/[39m)[33m;[39m
    [90m304| [39m      [34mexpect[39m(scoreBadges[33m.[39mlength)[33m.[39m[34mtoBeGreaterThan[39m([34m0[39m)[33m;[39m

[31m[2mâŽ¯âŽ¯âŽ¯âŽ¯âŽ¯âŽ¯âŽ¯âŽ¯âŽ¯âŽ¯âŽ¯âŽ¯âŽ¯âŽ¯âŽ¯âŽ¯âŽ¯âŽ¯âŽ¯âŽ¯âŽ¯âŽ¯[10/39]âŽ¯[22m[39m

[41m[1m FAIL [22m[49m components/__tests__/ExerciseRecommendations.integration.test.tsx[2m > [22mExerciseRecommendations Integration Tests[2m > [22mshould display tooltip with all 5 factors on hover (AC 5)
[31m[1mTestingLibraryElementError[22m: Unable to find an element with the text: Barbell Squat. This could be because the text is broken up by multiple elements. In this case, you can provide a function for your text matcher to make your matcher more flexible.

Ignored nodes: comments, script, style
[36m<body>[31m
  [36m<div />[31m
[36m</body>[31m

Ignored nodes: comments, script, style
[36m<html>[31m
  [36m<head />[31m
  [36m<body>[31m
    [36m<div />[31m
  [36m</body>[31m
[36m</html>[31m[39m
[90m [2mâ¯[22m Proxy.waitForWrapper node_modules/@testing-library/dom/dist/wait-for.js:[2m163:27[22m[39m
[36m [2mâ¯[22m components/__tests__/ExerciseRecommendations.integration.test.tsx:[2m325:11[22m[39m
    [90m323| [39m    )[33m;[39m
    [90m324| [39m
    [90m325| [39m    [35mawait[39m [34mwaitFor[39m(() [33m=>[39m {
    [90m   | [39m          [31m^[39m
    [90m326| [39m      [34mexpect[39m(screen[33m.[39m[34mgetByText[39m([32m'Barbell Squat'[39m))[33m.[39m[34mtoBeInTheDocument[39m()[33m;[39m
    [90m327| [39m    })[33m;[39m

[31m[2mâŽ¯âŽ¯âŽ¯âŽ¯âŽ¯âŽ¯âŽ¯âŽ¯âŽ¯âŽ¯âŽ¯âŽ¯âŽ¯âŽ¯âŽ¯âŽ¯âŽ¯âŽ¯âŽ¯âŽ¯âŽ¯âŽ¯[11/39]âŽ¯[22m[39m

[41m[1m FAIL [22m[49m components/__tests__/ExerciseRecommendations.integration.test.tsx[2m > [22mExerciseRecommendations Integration Tests[2m > [22mshould display warning badges for bottleneck risks (AC 4)
[31m[1mTestingLibraryElementError[22m: Unable to find an element with the text: âš ï¸ Bottleneck: Hamstrings at 85%. This could be because the text is broken up by multiple elements. In this case, you can provide a function for your text matcher to make your matcher more flexible.

Ignored nodes: comments, script, style
[36m<body>[31m
  [36m<div />[31m
[36m</body>[31m

Ignored nodes: comments, script, style
[36m<html>[31m
  [36m<head />[31m
  [36m<body>[31m
    [36m<div />[31m
  [36m</body>[31m
[36m</html>[31m[39m
[90m [2mâ¯[22m Proxy.waitForWrapper node_modules/@testing-library/dom/dist/wait-for.js:[2m163:27[22m[39m
[36m [2mâ¯[22m components/__tests__/ExerciseRecommendations.integration.test.tsx:[2m358:11[22m[39m
    [90m356| [39m    )[33m;[39m
    [90m357| [39m
    [90m358| [39m    [35mawait[39m [34mwaitFor[39m(() [33m=>[39m {
    [90m   | [39m          [31m^[39m
    [90m359| [39m      expect(screen.getByText('âš ï¸ Bottleneck: Hamstrings at 85%')).toBâ€¦
    [90m360| [39m    })[33m;[39m

[31m[2mâŽ¯âŽ¯âŽ¯âŽ¯âŽ¯âŽ¯âŽ¯âŽ¯âŽ¯âŽ¯âŽ¯âŽ¯âŽ¯âŽ¯âŽ¯âŽ¯âŽ¯âŽ¯âŽ¯âŽ¯âŽ¯âŽ¯[12/39]âŽ¯[22m[39m

[41m[1m FAIL [22m[49m components/__tests__/ExerciseRecommendations.integration.test.tsx[2m > [22mExerciseRecommendations Integration Tests[2m > [22mshould call onAddToWorkout when clicking Add to Workout button (AC 6)
[31m[1mTestingLibraryElementError[22m: Unable to find an element with the text: Barbell Squat. This could be because the text is broken up by multiple elements. In this case, you can provide a function for your text matcher to make your matcher more flexible.

Ignored nodes: comments, script, style
[36m<body>[31m
  [36m<div />[31m
[36m</body>[31m

Ignored nodes: comments, script, style
[36m<html>[31m
  [36m<head />[31m
  [36m<body>[31m
    [36m<div />[31m
  [36m</body>[31m
[36m</html>[31m[39m
[90m [2mâ¯[22m Proxy.waitForWrapper node_modules/@testing-library/dom/dist/wait-for.js:[2m163:27[22m[39m
[36m [2mâ¯[22m components/__tests__/ExerciseRecommendations.integration.test.tsx:[2m385:11[22m[39m
    [90m383| [39m    )[33m;[39m
    [90m384| [39m
    [90m385| [39m    [35mawait[39m [34mwaitFor[39m(() [33m=>[39m {
    [90m   | [39m          [31m^[39m
    [90m386| [39m      [34mexpect[39m(screen[33m.[39m[34mgetByText[39m([32m'Barbell Squat'[39m))[33m.[39m[34mtoBeInTheDocument[39m()[33m;[39m
    [90m387| [39m    })[33m;[39m

[31m[2mâŽ¯âŽ¯âŽ¯âŽ¯âŽ¯âŽ¯âŽ¯âŽ¯âŽ¯âŽ¯âŽ¯âŽ¯âŽ¯âŽ¯âŽ¯âŽ¯âŽ¯âŽ¯âŽ¯âŽ¯âŽ¯âŽ¯[13/39]âŽ¯[22m[39m

[41m[1m FAIL [22m[49m components/__tests__/ExerciseRecommendations.integration.test.tsx[2m > [22mExerciseRecommendations Integration Tests[2m > [22mshould map score to correct status (excellent, good, suboptimal)
[31m[1mTestingLibraryElementError[22m: Unable to find an element with the text: Barbell Squat. This could be because the text is broken up by multiple elements. In this case, you can provide a function for your text matcher to make your matcher more flexible.

Ignored nodes: comments, script, style
[36m<body>[31m
  [36m<div />[31m
[36m</body>[31m

Ignored nodes: comments, script, style
[36m<html>[31m
  [36m<head />[31m
  [36m<body>[31m
    [36m<div />[31m
  [36m</body>[31m
[36m</html>[31m[39m
[90m [2mâ¯[22m Proxy.waitForWrapper node_modules/@testing-library/dom/dist/wait-for.js:[2m163:27[22m[39m
[36m [2mâ¯[22m components/__tests__/ExerciseRecommendations.integration.test.tsx:[2m505:11[22m[39m
    [90m503| [39m    )[33m;[39m
    [90m504| [39m
    [90m505| [39m    [35mawait[39m [34mwaitFor[39m(() [33m=>[39m {
    [90m   | [39m          [31m^[39m
    [90m506| [39m      [90m// Wait for at least one exercise to appear[39m
    [90m507| [39m      [34mexpect[39m(screen[33m.[39m[34mgetByText[39m([32m'Barbell Squat'[39m))[33m.[39m[34mtoBeInTheDocument[39m()[33m;[39m

[31m[2mâŽ¯âŽ¯âŽ¯âŽ¯âŽ¯âŽ¯âŽ¯âŽ¯âŽ¯âŽ¯âŽ¯âŽ¯âŽ¯âŽ¯âŽ¯âŽ¯âŽ¯âŽ¯âŽ¯âŽ¯âŽ¯âŽ¯[14/39]âŽ¯[22m[39m

[41m[1m FAIL [22m[49m components/__tests__/ExerciseRecommendations.integration.test.tsx[2m > [22mExerciseRecommendations Integration Tests[2m > [22mshould retry API call when clicking Retry button after error
[31m[1mTestingLibraryElementError[22m: Unable to find an element with the text: Barbell Squat. This could be because the text is broken up by multiple elements. In this case, you can provide a function for your text matcher to make your matcher more flexible.

Ignored nodes: comments, script, style
[36m<body>[31m
  [36m<div />[31m
[36m</body>[31m

Ignored nodes: comments, script, style
[36m<html>[31m
  [36m<head />[31m
  [36m<body>[31m
    [36m<div />[31m
  [36m</body>[31m
[36m</html>[31m[39m
[90m [2mâ¯[22m Proxy.waitForWrapper node_modules/@testing-library/dom/dist/wait-for.js:[2m163:27[22m[39m
[36m [2mâ¯[22m components/__tests__/ExerciseRecommendations.integration.test.tsx:[2m561:11[22m[39m
    [90m559| [39m    )[33m;[39m
    [90m560| [39m
    [90m561| [39m    [35mawait[39m [34mwaitFor[39m(() [33m=>[39m {
    [90m   | [39m          [31m^[39m
    [90m562| [39m      [34mexpect[39m(screen[33m.[39m[34mgetByText[39m([32m'Barbell Squat'[39m))[33m.[39m[34mtoBeInTheDocument[39m()[33m;[39m
    [90m563| [39m    })[33m;[39m

[31m[2mâŽ¯âŽ¯âŽ¯âŽ¯âŽ¯âŽ¯âŽ¯âŽ¯âŽ¯âŽ¯âŽ¯âŽ¯âŽ¯âŽ¯âŽ¯âŽ¯âŽ¯âŽ¯âŽ¯âŽ¯âŽ¯âŽ¯[15/39]âŽ¯[22m[39m

[41m[1m FAIL [22m[49m components/__tests__/RecoveryDashboard.integration.test.tsx[2m > [22mRecoveryDashboard - Story 3.2 Integration[2m > [22mAC1: calls GET /api/recovery/timeline on component mount
[31m[1mError[22m: Test timed out in 5000ms.
If this is a long-running test, pass a timeout value as the last argument or configure it globally with "testTimeout".[39m
[36m [2mâ¯[22m components/__tests__/RecoveryDashboard.integration.test.tsx:[2m180:3[22m[39m
    [90m178| [39m
    [90m179| [39m  [90m// AC1: Test component mounts and calls GET /api/recovery/timeline[39m
    [90m180| [39m  it('AC1: calls GET /api/recovery/timeline on component mount', asyncâ€¦
    [90m   | [39m  [31m^[39m
    [90m181| [39m    [34mrender[39m([33m<[39m[33mRecoveryDashboard[39m [33m/[39m[33m>[39m)[33m;[39m
    [90m182| [39m

[31m[2mâŽ¯âŽ¯âŽ¯âŽ¯âŽ¯âŽ¯âŽ¯âŽ¯âŽ¯âŽ¯âŽ¯âŽ¯âŽ¯âŽ¯âŽ¯âŽ¯âŽ¯âŽ¯âŽ¯âŽ¯âŽ¯âŽ¯[16/39]âŽ¯[22m[39m

[41m[1m FAIL [22m[49m components/__tests__/RecoveryDashboard.integration.test.tsx[2m > [22mRecoveryDashboard - Story 3.2 Integration[2m > [22mAC2: displays loading state with skeleton UI during fetch
[31m[1mTestingLibraryElementError[22m[39m: Unable to find an element with the role "img"

Here are the available roles:

  banner:

  Name "":
  [36m<header[39m
    [33mclass[39m=[32m"sticky top-0 z-10 bg-background-dark/95 backdrop-blur-sm border-b border-white/10 "[39m
    [33mrole[39m=[32m"banner"[39m
  [36m/>[39m

  --------------------------------------------------
  heading:

  Name "Recovery Dashboard":
  [36m<h1[39m
    [33mclass[39m=[32m"text-white text-xl font-bold"[39m
  [36m/>[39m

  Name "Today's Recommendation":
  [36m<h2[39m
    [33mclass[39m=[32m"text-2xl font-bold mb-3"[39m
    [33mid[39m=[32m"workout-recommendation-heading"[39m
  [36m/>[39m

  Name "Smart Workout Plan":
  [36m<h3[39m
    [33mclass[39m=[32m"text-lg font-bold text-white"[39m
  [36m/>[39m

  Name "Muscle Recovery Status":
  [36m<h2[39m
    [33mclass[39m=[32m"text-2xl font-bold mb-4"[39m
    [33mid[39m=[32m"muscle-recovery-heading"[39m
  [36m/>[39m

  Name "Smart Exercise Recommendations":
  [36m<h2[39m
    [33mclass[39m=[32m"text-2xl font-bold mb-4"[39m
    [33mid[39m=[32m"exercise-recommendations-heading"[39m
  [36m/>[39m

  --------------------------------------------------
  button:

  Name "Settings":
  [36m<button[39m
    [33maria-label[39m=[32m"Settings"[39m
    [33mclass[39m=[32m"p-2 text-gray-400 hover:text-white transition-colors rounded-lg focus-visible:outline-none focus-visible:ring-2 focus-visible:ring-primary"[39m
  [36m/>[39m

  Name "Start Workout":
  [36m<button[39m
    [33maria-label[39m=[32m"Start Workout"[39m
    [33mclass[39m=[32m"fixed bottom-24 right-6 w-16 h-16 bg-primary hover:bg-primary/90 text-white rounded-full shadow-2xl transition-all duration-300 focus-visible:outline-none focus-visible:ring-2 focus-visible:ring-primary focus-visible:ring-offset-2 focus-visible:ring-offset-background-dark disabled:opacity-50 disabled:cursor-not-allowed z-50 flex items-center justify-center "[39m
    [33mdisabled[39m=[32m""[39m
  [36m/>[39m

  --------------------------------------------------
  main:

  Name "":
  [36m<main[39m
    [33mclass[39m=[32m"px-6 py-6 pb-32"[39m
    [33mrole[39m=[32m"main"[39m
  [36m/>[39m

  --------------------------------------------------
  region:

  Name "Today's Recommendation":
  [36m<section[39m
    [33maria-labelledby[39m=[32m"workout-recommendation-heading"[39m
    [33mclass[39m=[32m"mb-8"[39m
  [36m/>[39m

  Name "Muscle Recovery Status":
  [36m<section[39m
    [33maria-labelledby[39m=[32m"muscle-recovery-heading"[39m
    [33mclass[39m=[32m"mb-8"[39m
  [36m/>[39m

  Name "Smart Exercise Recommendations":
  [36m<section[39m
    [33maria-labelledby[39m=[32m"exercise-recommendations-heading"[39m
  [36m/>[39m

  --------------------------------------------------
  paragraph:

  Name "":
  [36m<p[39m
    [33mclass[39m=[32m"text-gray-200"[39m
  [36m/>[39m

  Name "":
  [36m<p />[39m

  Name "":
  [36m<p />[39m

  --------------------------------------------------
  tablist:

  Name "Exercise category filters":
  [36m<div[39m
    [33maria-label[39m=[32m"Exercise category filters"[39m
    [33mclass[39m=[32m"flex gap-2 mb-4 overflow-x-auto pb-2"[39m
    [33mrole[39m=[32m"tablist"[39m
  [36m/>[39m

  --------------------------------------------------
  tab:

  Name "ALL":
  [36m<button[39m
    [33maria-controls[39m=[32m"recommendations-ALL"[39m
    [33maria-selected[39m=[32m"true"[39m
    [33mclass[39m=[32m"px-4 py-2 rounded-full font-medium whitespace-nowrap transition-all duration-300 focus-visible:outline-none focus-visible:ring-2 focus-visible:ring-primary bg-primary text-white"[39m
    [33mrole[39m=[32m"tab"[39m
  [36m/>[39m

  Name "PUSH":
  [36m<button[39m
    [33maria-controls[39m=[32m"recommendations-PUSH"[39m
    [33maria-selected[39m=[32m"false"[39m
    [33mclass[39m=[32m"px-4 py-2 rounded-full font-medium whitespace-nowrap transition-all duration-300 focus-visible:outline-none focus-visible:ring-2 focus-visible:ring-primary bg-white/10 text-gray-300 hover:bg-white/20"[39m
    [33mrole[39m=[32m"tab"[39m
  [36m/>[39m

  Name "PULL":
  [36m<button[39m
    [33maria-controls[39m=[32m"recommendations-PULL"[39m
    [33maria-selected[39m=[32m"false"[39m
    [33mclass[39m=[32m"px-4 py-2 rounded-full font-medium whitespace-nowrap transition-all duration-300 focus-visible:outline-none focus-visible:ring-2 focus-visible:ring-primary bg-white/10 text-gray-300 hover:bg-white/20"[39m
    [33mrole[39m=[32m"tab"[39m
  [36m/>[39m

  Name "LEGS":
  [36m<button[39m
    [33maria-controls[39m=[32m"recommendations-LEGS"[39m
    [33maria-selected[39m=[32m"false"[39m
    [33mclass[39m=[32m"px-4 py-2 rounded-full font-medium whitespace-nowrap transition-all duration-300 focus-visible:outline-none focus-visible:ring-2 focus-visible:ring-primary bg-white/10 text-gray-300 hover:bg-white/20"[39m
    [33mrole[39m=[32m"tab"[39m
  [36m/>[39m

  Name "CORE":
  [36m<button[39m
    [33maria-controls[39m=[32m"recommendations-CORE"[39m
    [33maria-selected[39m=[32m"false"[39m
    [33mclass[39m=[32m"px-4 py-2 rounded-full font-medium whitespace-nowrap transition-all duration-300 focus-visible:outline-none focus-visible:ring-2 focus-visible:ring-primary bg-white/10 text-gray-300 hover:bg-white/20"[39m
    [33mrole[39m=[32m"tab"[39m
  [36m/>[39m

  --------------------------------------------------
  tabpanel:

  Name "":
  [36m<div[39m
    [33maria-labelledby[39m=[32m"tab-ALL"[39m
    [33mid[39m=[32m"recommendations-ALL"[39m
    [33mrole[39m=[32m"tabpanel"[39m
  [36m/>[39m

  --------------------------------------------------

Ignored nodes: comments, script, style
[36m<body>[39m
  [36m<div>[39m
    [36m<div[39m
      [33mclass[39m=[32m"min-h-screen bg-background text-white "[39m
    [36m>[39m
      [36m<header[39m
        [33mclass[39m=[32m"sticky top-0 z-10 bg-background-dark/95 backdrop-blur-sm border-b border-white/10 "[39m
        [33mrole[39m=[32m"banner"[39m
      [36m>[39m
        [36m<div[39m
          [33mclass[39m=[32m"flex items-center justify-between px-4 py-3"[39m
        [36m>[39m
          [36m<div[39m
            [33mclass[39m=[32m"flex items-center gap-2"[39m
          [36m>[39m
            [36m<span[39m
              [33maria-hidden[39m=[32m"true"[39m
              [33mclass[39m=[32m"material-symbols-outlined text-brand-cyan text-2xl"[39m
            [36m>[39m
              [0mfitness_center[0m
            [36m</span>[39m
            [36m<h1[39m
              [33mclass[39m=[32m"text-white text-xl font-bold"[39m
            [36m>[39m
              [0mRecovery Dashboard[0m
            [36m</h1>[39m
          [36m</div>[39m
          [36m<button[39m
            [33maria-label[39m=[32m"Settings"[39m
            [33mclass[39m=[32m"p-2 text-gray-400 hover:text-white transition-colors rounded-lg focus-visible:outline-none focus-visible:ring-2 focus-visible:ring-primary"[39m
          [36m>[39m
            [36m<span[39m
              [33maria-hidden[39m=[32m"true"[39m
              [33mclass[39m=[32m"material-symbols-outlined"[39m
            [36m>[39m
              [0msettings[0m
            [36m</span>[39m
          [36m</button>[39m
        [36m</div>[39m
      [36m</header>[39m
      [36m<main[39m
        [33mclass[39m=[32m"px-6 py-6 pb-32"[39m
        [33mrole[39m=[32m"main"[39m
      [36m>[39m
        [36m<section[39m
          [33maria-labelledby[39m=[32m"workout-recommendation-heading"[39m
          [33mclass[39m=[32m"mb-8"[39m
        [36m>[39m
          [36m<h2[39m
            [33mclass[39m=[32m"text-2xl font-bold mb-3"[39m
            [33mid[39m=[32m"workout-recommendation-heading"[39m
          [36m>[39m
            [0mToday's Recommendation[0m
          [36m</h2>[39m
          [36m<div[39m
            [33mclass[39m=[32m"p-4 rounded-lg bg-gradient-to-r from-primary/20 to-brand-cyan/20 border border-primary/30"[39m
          [36m>[39m
            [36m<div[39m
              [33mclass[39m=[32m"flex items-center gap-3 mb-2"[39m
            [36m>[39m
              [36m<span[39m
                [33maria-hidden[39m=[32m"true"[39m
                [33mclass[39m=[32m"material-symbols-outlined text-primary text-3xl"[39m
              [36m>[39m
                [0mauto_awesome[0m
              [36m</span>[39m
              [36m<h3[39m
                [33mclass[39m=[32m"text-lg font-bold text-white"[39m
              [36m>[39m
                [0mSmart Workout Plan[0m
              [36m</h3>[39m
            [36m</div>[39m
            [36m<p[39m
              [33mclass[39m=[32m"text-gray-200"[39m
            [36m>[39m
              [0mLoading workout recommendation...[0m
            [36m</p>[39m
          [36m</div>[39m
        [36m</section>[39m
        [36m<section[39m
          [33maria-labelledby[39m=[32m"muscle-recovery-heading"[39m
          [33mclass[39m=[32m"mb-8"[39m
        [36m>[39m
          [36m<h2[39m
            [33mclass[39m=[32m"text-2xl font-bold mb-4"[39m
            [33mid[39m=[32m"muscle-recovery-heading"[39m
          [36m>[39m
            [0mMuscle Recovery Status[0m
          [36m</h2>[39m
          [36m<div[39m
            [33mclass[39m=[32m"p-8 text-center text-gray-400"[39m
          [36m>[39m
            [36m<span[39m
              [33maria-hidden[39m=[32m"true"[39m
              [33mclass[39m=[32m"material-symbols-outlined text-6xl mb-2"[39m
            [36m>[39m
              [0mfitness_center[0m
            [36m</span>[39m
            [36m<p>[39m
              [0mNo muscle data available. Start your first workout![0m
            [36m</p>[39m
          [36m</div>[39m
        [36m</section>[39m
        [36m<section[39m
          [33maria-labelledby[39m=[32m"exercise-recommendations-heading"[39m
        [36m>[39m
          [36m<h2[39m
            [33mclass[39m=[32m"text-2xl font-bold mb-4"[39m
            [33mid[39m=[32m"exercise-recommendations-heading"[39m
          [36m>[39m
            [0mSmart Exercise Recommendations[0m
          [36m</h2>[39m
          [36m<div[39m
            [33maria-label[39m=[32m"Exercise category filters"[39m
            [33mclass[39m=[32m"flex gap-2 mb-4 overflow-x-auto pb-2"[39m
            [33mrole[39m=[32m"tablist"[39m
          [36m>[39m
            [36m<button[39m
              [33maria-controls[39m=[32m"recommendations-ALL"[39m
              [33maria-selected[39m=[32m"true"[39m
              [33mclass[39m=[32m"px-4 py-2 rounded-full font-medium whitespace-nowrap transition-all duration-300 focus-visible:outline-none focus-visible:ring-2 focus-visible:ring-primary bg-primary text-white"[39m
              [33mrole[39m=[32m"tab"[39m
            [36m>[39m
              [0mALL[0m
            [36m</button>[39m
            [36m<button[39m
              [33maria-controls[39m=[32m"recommendations-PUSH"[39m
              [33maria-selected[39m=[32m"false"[39m
              [33mclass[39m=[32m"px-4 py-2 rounded-full font-medium whitespace-nowrap transition-all duration-300 focus-visible:outline-none focus-visible:ring-2 focus-visible:ring-primary bg-white/10 text-gray-300 hover:bg-white/20"[39m
              [33mrole[39m=[32m"tab"[39m
            [36m>[39m
              [0mPUSH[0m
            [36m</button>[39m
            [36m<button[39m
              [33maria-controls[39m=[32m"recommendations-PULL"[39m
              [33maria-selected[39m=[32m"false"[39m
              [33mclass[39m=[32m"px-4 py-2 rounded-full font-medium whitespace-nowrap transition-all duration-300 focus-visible:outline-none focus-visible:ring-2 focus-visible:ring-primary bg-white/10 text-gray-300 hover:bg-white/20"[39m
              [33mrole[39m=[32m"tab"[39m
            [36m>[39m
              [0mPULL[0m
            [36m</button>[39m
            [36m<button[39m
              [33maria-controls[39m=[32m"recommendations-LEGS"[39m
              [33maria-selected[39m=[32m"false"[39m
              [33mclass[39m=[32m"px-4 py-2 rounded-full font-medium whitespace-nowrap transition-all duration-300 focus-visible:outline-none focus-visible:ring-2 focus-visible:ring-primary bg-white/10 text-gray-300 hover:bg-white/20"[39m
              [33mrole[39m=[32m"tab"[39m
            [36m>[39m
              [0mLEGS[0m
            [36m</button>[39m
            [36m<button[39m
              [33maria-controls[39m=[32m"recommendations-CORE"[39m
              [33maria-selected[39m=[32m"false"[39m
              [33mclass[39m=[32m"px-4 py-2 rounded-full font-medium whitespace-nowrap transition-all duration-300 focus-visible:outline-none focus-visible:ring-2 focus-visible:ring-primary bg-white/10 text-gray-300 hover:bg-white/20"[39m
              [33mrole[39m=[32m"tab"[39m
            [36m>[39m
              [0mCORE[0m
            [36m</button>[39m
          [36m</div>[39m
          [36m<div[39m
            [33maria-labelledby[39m=[32m"tab-ALL"[39m
            [33mid[39m=[32m"recommendations-ALL"[39m
            [33mrole[39m=[32m"tabpanel"[39m
          [36m>[39m
            [36m<div[39m
              [33mclass[39m=[32m"p-8 text-center text-gray-400"[39m
            [36m>[39m
              [36m<span[39m
                [33maria-hidden[39m=[32m"true"[39m
                [33mclass[39m=[32m"material-symbols-outlined text-6xl mb-2"[39m
              [36m>[39m
                [0msearch_off[0m
              [36m</span>[39m
              [36m<p>[39m
                [0mNo recommendations available for [0m
                [0mALL[0m
              [36m</p>[39m
            [36m</div>[39m
          [36m</div>[39m
        [36m</section>[39m
      [36m</main>[39m
      [36m<button[39m
        [33maria-label[39m=[32m"Start Workout"[39m
        [33mclass[39m=[32m"fixed bottom-24 right-6 w-16 h-16 bg-primary hover:bg-primary/90 text-white rounded-full shadow-2xl transition-all duration-300 focus-visible:outline-none focus-visible:ring-2 focus-visible:ring-primary focus-visible:ring-offset-2 focus-visible:ring-offset-background-dark disabled:opacity-50 disabled:cursor-not-allowed z-50 flex items-center justify-center "[39m
        [33mdisabled[39m=[32m""[39m
      [36m>[39m
        [36m<span[39m
          [33maria-hidden[39m=[32m"true"[39m
          [33mclass[39m=[32m"material-symbols-outlined text-3xl"[39m
        [36m>[39m
          [0mplay_arrow[0m
        [36m</span>[39m
      [36m</button>[39m
    [36m</div>[39m
  [36m</div>[39m
[36m</body>[39m
[90m [2mâ¯[22m Object.getElementError node_modules/@testing-library/dom/dist/config.js:[2m37:19[22m[39m
[90m [2mâ¯[22m node_modules/@testing-library/dom/dist/query-helpers.js:[2m76:38[22m[39m
[90m [2mâ¯[22m node_modules/@testing-library/dom/dist/query-helpers.js:[2m109:15[22m[39m
[36m [2mâ¯[22m components/__tests__/RecoveryDashboard.integration.test.tsx:[2m203:37[22m[39m
    [90m201| [39m
    [90m202| [39m    [90m// Check for skeleton UI (multiple skeleton boxes)[39m
    [90m203| [39m    const skeletonElements = screen.getAllByRole('img', { hidden: trueâ€¦
    [90m   | [39m                                    [31m^[39m
    [90m204| [39m    [34mexpect[39m(skeletonElements[33m.[39mlength)[33m.[39m[34mtoBeGreaterThan[39m([34m0[39m)[33m;[39m
    [90m205| [39m

[31m[2mâŽ¯âŽ¯âŽ¯âŽ¯âŽ¯âŽ¯âŽ¯âŽ¯âŽ¯âŽ¯âŽ¯âŽ¯âŽ¯âŽ¯âŽ¯âŽ¯âŽ¯âŽ¯âŽ¯âŽ¯âŽ¯âŽ¯[17/39]âŽ¯[22m[39m

[41m[1m FAIL [22m[49m components/__tests__/RecoveryDashboard.integration.test.tsx[2m > [22mRecoveryDashboard - Story 3.2 Integration[2m > [22mAC3: receives and parses API response structure correctly
[31m[1mError[22m: Test timed out in 5000ms.
If this is a long-running test, pass a timeout value as the last argument or configure it globally with "testTimeout".[39m
[36m [2mâ¯[22m components/__tests__/RecoveryDashboard.integration.test.tsx:[2m219:3[22m[39m
    [90m217| [39m
    [90m218| [39m  [90m// AC3: Test API response parsing and data extraction[39m
    [90m219| [39m  it('AC3: receives and parses API response structure correctly', asynâ€¦
    [90m   | [39m  [31m^[39m
    [90m220| [39m    [34mrender[39m([33m<[39m[33mRecoveryDashboard[39m [33m/[39m[33m>[39m)[33m;[39m
    [90m221| [39m

[31m[2mâŽ¯âŽ¯âŽ¯âŽ¯âŽ¯âŽ¯âŽ¯âŽ¯âŽ¯âŽ¯âŽ¯âŽ¯âŽ¯âŽ¯âŽ¯âŽ¯âŽ¯âŽ¯âŽ¯âŽ¯âŽ¯âŽ¯[18/39]âŽ¯[22m[39m

[41m[1m FAIL [22m[49m components/__tests__/RecoveryDashboard.integration.test.tsx[2m > [22mRecoveryDashboard - Story 3.2 Integration[2m > [22mAC4: passes muscleStates and onMuscleClick props to RecoveryTimelineView
[31m[1mError[22m: Test timed out in 5000ms.
If this is a long-running test, pass a timeout value as the last argument or configure it globally with "testTimeout".[39m
[36m [2mâ¯[22m components/__tests__/RecoveryDashboard.integration.test.tsx:[2m239:3[22m[39m
    [90m237| [39m
    [90m238| [39m  [90m// AC4: Test RecoveryTimelineView integration[39m
    [90m239| [39m  it('AC4: passes muscleStates and onMuscleClick props to RecoveryTimeâ€¦
    [90m   | [39m  [31m^[39m
    [90m240| [39m    [34mrender[39m([33m<[39m[33mRecoveryDashboard[39m [33m/[39m[33m>[39m)[33m;[39m
    [90m241| [39m

[31m[2mâŽ¯âŽ¯âŽ¯âŽ¯âŽ¯âŽ¯âŽ¯âŽ¯âŽ¯âŽ¯âŽ¯âŽ¯âŽ¯âŽ¯âŽ¯âŽ¯âŽ¯âŽ¯âŽ¯âŽ¯âŽ¯âŽ¯[19/39]âŽ¯[22m[39m

[41m[1m FAIL [22m[49m components/__tests__/RecoveryDashboard.integration.test.tsx[2m > [22mRecoveryDashboard - Story 3.2 Integration[2m > [22mAC5: renders MuscleHeatMap component with muscle data
[31m[1mError[22m: Test timed out in 5000ms.
If this is a long-running test, pass a timeout value as the last argument or configure it globally with "testTimeout".[39m
[36m [2mâ¯[22m components/__tests__/RecoveryDashboard.integration.test.tsx:[2m260:3[22m[39m
    [90m258| [39m
    [90m259| [39m  // AC5: Color mapping is handled by MuscleHeatMap component (tested â€¦
    [90m260| [39m  it('AC5: renders MuscleHeatMap component with muscle data', async ()â€¦
    [90m   | [39m  [31m^[39m
    [90m261| [39m    [34mrender[39m([33m<[39m[33mRecoveryDashboard[39m [33m/[39m[33m>[39m)[33m;[39m
    [90m262| [39m

[31m[2mâŽ¯âŽ¯âŽ¯âŽ¯âŽ¯âŽ¯âŽ¯âŽ¯âŽ¯âŽ¯âŽ¯âŽ¯âŽ¯âŽ¯âŽ¯âŽ¯âŽ¯âŽ¯âŽ¯âŽ¯âŽ¯âŽ¯[20/39]âŽ¯[22m[39m

[41m[1m FAIL [22m[49m components/__tests__/RecoveryDashboard.integration.test.tsx[2m > [22mRecoveryDashboard - Story 3.2 Integration[2m > [22mAC6: auto-refreshes data every 60 seconds
[31m[1mError[22m: Test timed out in 5000ms.
If this is a long-running test, pass a timeout value as the last argument or configure it globally with "testTimeout".[39m
[36m [2mâ¯[22m components/__tests__/RecoveryDashboard.integration.test.tsx:[2m274:3[22m[39m
    [90m272| [39m
    [90m273| [39m  [90m// AC6: Test auto-refresh with 60-second interval[39m
    [90m274| [39m  [34mit[39m([32m'AC6: auto-refreshes data every 60 seconds'[39m[33m,[39m [35masync[39m () [33m=>[39m {
    [90m   | [39m  [31m^[39m
    [90m275| [39m    [34mrender[39m([33m<[39m[33mRecoveryDashboard[39m [33m/[39m[33m>[39m)[33m;[39m
    [90m276| [39m

[31m[2mâŽ¯âŽ¯âŽ¯âŽ¯âŽ¯âŽ¯âŽ¯âŽ¯âŽ¯âŽ¯âŽ¯âŽ¯âŽ¯âŽ¯âŽ¯âŽ¯âŽ¯âŽ¯âŽ¯âŽ¯âŽ¯âŽ¯[21/39]âŽ¯[22m[39m

[41m[1m FAIL [22m[49m components/__tests__/RecoveryDashboard.integration.test.tsx[2m > [22mRecoveryDashboard - Story 3.2 Integration[2m > [22mAC7: clears interval on component unmount
[31m[1mError[22m: Test timed out in 5000ms.
If this is a long-running test, pass a timeout value as the last argument or configure it globally with "testTimeout".[39m
[36m [2mâ¯[22m components/__tests__/RecoveryDashboard.integration.test.tsx:[2m297:3[22m[39m
    [90m295| [39m
    [90m296| [39m  [90m// AC7: Test cleanup on component unmount[39m
    [90m297| [39m  [34mit[39m([32m'AC7: clears interval on component unmount'[39m[33m,[39m [35masync[39m () [33m=>[39m {
    [90m   | [39m  [31m^[39m
    [90m298| [39m    [35mconst[39m clearIntervalSpy [33m=[39m vi[33m.[39m[34mspyOn[39m(global[33m,[39m [32m'clearInterval'[39m)[33m;[39m
    [90m299| [39m

[31m[2mâŽ¯âŽ¯âŽ¯âŽ¯âŽ¯âŽ¯âŽ¯âŽ¯âŽ¯âŽ¯âŽ¯âŽ¯âŽ¯âŽ¯âŽ¯âŽ¯âŽ¯âŽ¯âŽ¯âŽ¯âŽ¯âŽ¯[22/39]âŽ¯[22m[39m

[41m[1m FAIL [22m[49m components/__tests__/RecoveryDashboard.integration.test.tsx[2m > [22mRecoveryDashboard - Story 3.2 Integration[2m > [22mAC8: shows muscle detail modal when muscle is clicked
[31m[1mError[22m: Test timed out in 5000ms.
If this is a long-running test, pass a timeout value as the last argument or configure it globally with "testTimeout".[39m
[36m [2mâ¯[22m components/__tests__/RecoveryDashboard.integration.test.tsx:[2m317:3[22m[39m
    [90m315| [39m
    [90m316| [39m  [90m// AC8: Test muscle detail view on click[39m
    [90m317| [39m  it('AC8: shows muscle detail modal when muscle is clicked', async ()â€¦
    [90m   | [39m  [31m^[39m
    [90m318| [39m    [34mrender[39m([33m<[39m[33mRecoveryDashboard[39m [33m/[39m[33m>[39m)[33m;[39m
    [90m319| [39m

[31m[2mâŽ¯âŽ¯âŽ¯âŽ¯âŽ¯âŽ¯âŽ¯âŽ¯âŽ¯âŽ¯âŽ¯âŽ¯âŽ¯âŽ¯âŽ¯âŽ¯âŽ¯âŽ¯âŽ¯âŽ¯âŽ¯âŽ¯[23/39]âŽ¯[22m[39m

[41m[1m FAIL [22m[49m components/__tests__/RecoveryDashboard.integration.test.tsx[2m > [22mRecoveryDashboard - Story 3.2 Integration[2m > [22mhandles network error gracefully
[31m[1mError[22m: Test timed out in 5000ms.
If this is a long-running test, pass a timeout value as the last argument or configure it globally with "testTimeout".[39m
[36m [2mâ¯[22m components/__tests__/RecoveryDashboard.integration.test.tsx:[2m362:3[22m[39m
    [90m360| [39m
    [90m361| [39m  [90m// Error Handling: Network error[39m
    [90m362| [39m  [34mit[39m([32m'handles network error gracefully'[39m[33m,[39m [35masync[39m () [33m=>[39m {
    [90m   | [39m  [31m^[39m
    [90m363| [39m    fetchMock[33m.[39m[34mmockRejectedValueOnce[39m([35mnew[39m [33mError[39m([32m'Network error'[39m))[33m;[39m
    [90m364| [39m

[31m[2mâŽ¯âŽ¯âŽ¯âŽ¯âŽ¯âŽ¯âŽ¯âŽ¯âŽ¯âŽ¯âŽ¯âŽ¯âŽ¯âŽ¯âŽ¯âŽ¯âŽ¯âŽ¯âŽ¯âŽ¯âŽ¯âŽ¯[24/39]âŽ¯[22m[39m

[41m[1m FAIL [22m[49m components/__tests__/RecoveryDashboard.integration.test.tsx[2m > [22mRecoveryDashboard - Story 3.2 Integration[2m > [22mhandles 500 server error
[31m[1mError[22m: Test timed out in 5000ms.
If this is a long-running test, pass a timeout value as the last argument or configure it globally with "testTimeout".[39m
[36m [2mâ¯[22m components/__tests__/RecoveryDashboard.integration.test.tsx:[2m378:3[22m[39m
    [90m376| [39m
    [90m377| [39m  [90m// Error Handling: 500 error[39m
    [90m378| [39m  [34mit[39m([32m'handles 500 server error'[39m[33m,[39m [35masync[39m () [33m=>[39m {
    [90m   | [39m  [31m^[39m
    [90m379| [39m    fetchMock[33m.[39m[34mmockResolvedValueOnce[39m({
    [90m380| [39m      ok[33m:[39m [35mfalse[39m[33m,[39m

[31m[2mâŽ¯âŽ¯âŽ¯âŽ¯âŽ¯âŽ¯âŽ¯âŽ¯âŽ¯âŽ¯âŽ¯âŽ¯âŽ¯âŽ¯âŽ¯âŽ¯âŽ¯âŽ¯âŽ¯âŽ¯âŽ¯âŽ¯[25/39]âŽ¯[22m[39m

[41m[1m FAIL [22m[49m components/__tests__/RecoveryDashboard.integration.test.tsx[2m > [22mRecoveryDashboard - Story 3.2 Integration[2m > [22mcloses muscle detail modal when close button is clicked
[31m[1mError[22m: Test timed out in 5000ms.
If this is a long-running test, pass a timeout value as the last argument or configure it globally with "testTimeout".[39m
[36m [2mâ¯[22m components/__tests__/RecoveryDashboard.integration.test.tsx:[2m396:3[22m[39m
    [90m394| [39m
    [90m395| [39m  [90m// Integration: Close modal[39m
    [90m396| [39m  it('closes muscle detail modal when close button is clicked', async â€¦
    [90m   | [39m  [31m^[39m
    [90m397| [39m    [34mrender[39m([33m<[39m[33mRecoveryDashboard[39m [33m/[39m[33m>[39m)[33m;[39m
    [90m398| [39m

[31m[2mâŽ¯âŽ¯âŽ¯âŽ¯âŽ¯âŽ¯âŽ¯âŽ¯âŽ¯âŽ¯âŽ¯âŽ¯âŽ¯âŽ¯âŽ¯âŽ¯âŽ¯âŽ¯âŽ¯âŽ¯âŽ¯âŽ¯[26/39]âŽ¯[22m[39m

[41m[1m FAIL [22m[49m components/__tests__/RecoveryDashboard.integration.test.tsx[2m > [22mRecoveryDashboard - Story 3.2 Integration[2m > [22mhandles empty muscles array from API
[31m[1mError[22m: Test timed out in 5000ms.
If this is a long-running test, pass a timeout value as the last argument or configure it globally with "testTimeout".[39m
[36m [2mâ¯[22m components/__tests__/RecoveryDashboard.integration.test.tsx:[2m426:3[22m[39m
    [90m424| [39m
    [90m425| [39m  [90m// Edge case: Empty muscles array[39m
    [90m426| [39m  [34mit[39m([32m'handles empty muscles array from API'[39m[33m,[39m [35masync[39m () [33m=>[39m {
    [90m   | [39m  [31m^[39m
    [90m427| [39m    fetchMock[33m.[39m[34mmockResolvedValueOnce[39m({
    [90m428| [39m      ok[33m:[39m [35mtrue[39m[33m,[39m

[31m[2mâŽ¯âŽ¯âŽ¯âŽ¯âŽ¯âŽ¯âŽ¯âŽ¯âŽ¯âŽ¯âŽ¯âŽ¯âŽ¯âŽ¯âŽ¯âŽ¯âŽ¯âŽ¯âŽ¯âŽ¯âŽ¯âŽ¯[27/39]âŽ¯[22m[39m

[41m[1m FAIL [22m[49m components/__tests__/RecoveryDashboard.integration.test.tsx[2m > [22mRecoveryDashboard - Story 3.2 Integration[2m > [22mhandles malformed API response
[31m[1mError[22m: Test timed out in 5000ms.
If this is a long-running test, pass a timeout value as the last argument or configure it globally with "testTimeout".[39m
[36m [2mâ¯[22m components/__tests__/RecoveryDashboard.integration.test.tsx:[2m443:3[22m[39m
    [90m441| [39m
    [90m442| [39m  [90m// Edge case: Malformed API response[39m
    [90m443| [39m  [34mit[39m([32m'handles malformed API response'[39m[33m,[39m [35masync[39m () [33m=>[39m {
    [90m   | [39m  [31m^[39m
    [90m444| [39m    fetchMock[33m.[39m[34mmockResolvedValueOnce[39m({
    [90m445| [39m      ok[33m:[39m [35mtrue[39m[33m,[39m

[31m[2mâŽ¯âŽ¯âŽ¯âŽ¯âŽ¯âŽ¯âŽ¯âŽ¯âŽ¯âŽ¯âŽ¯âŽ¯âŽ¯âŽ¯âŽ¯âŽ¯âŽ¯âŽ¯âŽ¯âŽ¯âŽ¯âŽ¯[28/39]âŽ¯[22m[39m

[41m[1m FAIL [22m[49m components/__tests__/WorkoutBuilder.forecast.integration.test.tsx[2m > [22mWorkoutBuilder - Forecast API Integration (Story 3.4)[2m > [22mReact Integration Tests - Component Mounting and User Interactions[2m > [22mcloses modal when close button is clicked
[31m[1mAssertionError[22m: expected null to be truthy[39m

[32m- Expected:[39m 
true

[31m+ Received:[39m 
null

[36m [2mâ¯[22m components/__tests__/WorkoutBuilder.forecast.integration.test.tsx:[2m593:27[22m[39m
    [90m591| [39m      [90m// Find close button by class (it's the Ã— text button in header)[39m
    [90m592| [39m      const closeButton = container.querySelector('.text-slate-400.hovâ€¦
    [90m593| [39m      [34mexpect[39m(closeButton)[33m.[39m[34mtoBeTruthy[39m()[33m;[39m
    [90m   | [39m                          [31m^[39m
    [90m594| [39m
    [90m595| [39m      [35mawait[39m user[33m.[39m[34mclick[39m(closeButton[33m![39m)[33m;[39m

[31m[2mâŽ¯âŽ¯âŽ¯âŽ¯âŽ¯âŽ¯âŽ¯âŽ¯âŽ¯âŽ¯âŽ¯âŽ¯âŽ¯âŽ¯âŽ¯âŽ¯âŽ¯âŽ¯âŽ¯âŽ¯âŽ¯âŽ¯[29/39]âŽ¯[22m[39m

[41m[1m FAIL [22m[49m components/__tests__/WorkoutBuilder.sheet.integration.test.tsx[2m > [22mWorkoutBuilder Sheet Integration (Story 6.1)[2m > [22mAC#1: Replace Legacy Modal with Sheet Component[2m > [22mshould render as Sheet component (bottom drawer) when open
[31m[1mError[22m: [2mexpect([22m[31melement[31m[2m).not.toBeInTheDocument()[22m

[31mexpected document not to contain element, found <div
  class="text-center py-8 text-slate-400"
>
  Loading...
</div> instead[31m

Ignored nodes: comments, script, style
[36m<html[31m
  [33mstyle[31m=[32m"scroll-behavior: auto;"[31m
[36m>[31m
  [36m<head />[31m
  [36m<body[31m
    [33mdata-scroll-locked[31m=[32m"1"[31m
    [33mstyle[31m=[32m"pointer-events: none;"[31m
  [36m>[31m
    [36m<span[31m
      [33maria-hidden[31m=[32m"true"[31m
      [33mdata-aria-hidden[31m=[32m"true"[31m
      [33mdata-radix-focus-guard[31m=[32m""[31m
      [33mstyle[31m=[32m"outline: none; opacity: 0; position: fixed; pointer-events: none;"[31m
      [33mtabindex[31m=[32m"0"[31m
    [36m/>[31m
    [36m<div[31m
      [33maria-hidden[31m=[32m"true"[31m
      [33mdata-aria-hidden[31m=[32m"true"[31m
    [36m/>[31m
    [36m<div[31m
      [33maria-hidden[31m=[32m"true"[31m
      [33mclass[31m=[32m"fixed inset-0 z-40 bg-black/40"[31m
      [33mdata-aria-hidden[31m=[32m"true"[31m
      [33mdata-state[31m=[32m"open"[31m
      [33mdata-vaul-animate[31m=[32m"true"[31m
      [33mdata-vaul-overlay[31m=[32m""[31m
      [33mdata-vaul-snap-points[31m=[32m"false"[31m
      [33mdata-vaul-snap-points-overlay[31m=[32m"true"[31m
      [33mstyle[31m=[32m"pointer-events: auto;"[31m
    [36m/>[31m
    [36m<div[31m
      [33maria-labelledby[31m=[32m"sheet-title"[31m
      [33mclass[31m=[32m"fixed bottom-0 left-0 right-0 z-50 mx-auto flex flex-col bg-white/50 backdrop-blur-sm rounded-t-[24px] border-t border-gray-300/50"[31m
      [33mdata-state[31m=[32m"open"[31m
      [33mdata-vaul-animate[31m=[32m"true"[31m
      [33mdata-vaul-custom-container[31m=[32m"false"[31m
      [33mdata-vaul-delayed-snap-points[31m=[32m"false"[31m
      [33mdata-vaul-drawer[31m=[32m""[31m
      [33mdata-vaul-drawer-direction[31m=[32m"bottom"[31m
      [33mdata-vaul-snap-points[31m=[32m"false"[31m
      [33mid[31m=[32m"radix-_r_0_"[31m
      [33mrole[31m=[32m"dialog"[31m
      [33mstyle[31m=[32m"height: 60vh; max-height: 60vh; border-top-color: rgba(255, 255, 255, 0.5); pointer-events: auto;"[31m
      [33mtabindex[31m=[32m"-1"[31m
    [36m>[31m
      [36m<div[31m
        [33mclass[31m=[32m"flex justify-center pt-3 pb-2"[31m
      [36m>[31m
        [36m<div[31m
          [33mclass[31m=[32m"h-1.5 w-12 rounded-full"[31m
          [33mstyle[31m=[32m"background-color: rgb(168, 182, 213);"[31m
        [36m/>[31m
      [36m</div>[31m
      [36m<div[31m
        [33mclass[31m=[32m"flex-shrink-0 border-b border-gray-200/50 px-6 py-4"[31m
      [36m>[31m
        [36m<h2[31m
          [33mclass[31m=[32m"text-lg font-semibold text-gray-900"[31m
          [33mid[31m=[32m"sheet-title"[31m
        [36m>[31m
          [0mBuild Workout[0m
        [36m</h2>[31m
      [36m</div>[31m
      [36m<div[31m
        [33mclass[31m=[32m"flex-1 overflow-y-auto px-6 py-4 "[31m
      [36m>[31m
        [36m<div[31m
          [33mclass[31m=[32m"space-y-4"[31m
        [36m>[31m
          [36m<div[31m
            [33mclass[31m=[32m"text-center py-8 text-slate-400"[31m
          [36m>[31m
            [0mLoading...[0m
          [36m</div>[31m
        [36m</div>[31m
      [36m</div>[31m
      [36m<div[31m
        [33mclass[31m=[32m"flex-shrink-0 border-t border-gray-200/50 px-6 py-3"[31m
      [36m>[31m
        [36m<button[31m
          [33maria-label[31m=[32m"Close sheet"[31m
          [33mclass[31m=[32m"w-full rounded-lg bg-gray-100/50 px-4 py-2 text-center text-sm font-medium text-gray-700 transition-all duration-200 hover:bg-gray-200/50 focus:outline-none focus:ring-2 focus:ring-primary/30"[31m
        [36m>[31m
          [0mDone[0m
        [36m</button>[31m
      [36m</div>[31m
    [36m</div>[31m
    [36m<span[31m
      [33maria-hidden[31m=[32m"true"[31m
      [33mdata-aria-hidden[31m=[32m"true"[31m
      [33mdata-radix-focus-guard[31m=[32m""[31m
      [33mstyle[31m=[32m"outline: none; opacity: 0; position: fixed; pointer-events: none;"[31m
      [33mtabindex[31m=[32m"0"[31m
    [36m/>[31m
  [36m</body>[31m
[36m</html>[31m...[39m
[36m [2mâ¯[22m components/__tests__/WorkoutBuilder.sheet.integration.test.tsx:[2m109:54[22m[39m
    [90m107| [39m      [90m// Wait for loading to complete[39m
    [90m108| [39m      [35mawait[39m [34mwaitFor[39m(() [33m=>[39m {
    [90m109| [39m        expect(screen.queryByText('Loading...')).not.toBeInTheDocumentâ€¦
    [90m   | [39m                                                     [31m^[39m
    [90m110| [39m      })[33m;[39m
    [90m111| [39m
[90m [2mâ¯[22m runWithExpensiveErrorDiagnosticsDisabled node_modules/@testing-library/dom/dist/config.js:[2m47:12[22m[39m
[90m [2mâ¯[22m checkCallback node_modules/@testing-library/dom/dist/wait-for.js:[2m124:77[22m[39m
[90m [2mâ¯[22m Timeout.checkRealTimersCallback node_modules/@testing-library/dom/dist/wait-for.js:[2m118:16[22m[39m

[31m[2mâŽ¯âŽ¯âŽ¯âŽ¯âŽ¯âŽ¯âŽ¯âŽ¯âŽ¯âŽ¯âŽ¯âŽ¯âŽ¯âŽ¯âŽ¯âŽ¯âŽ¯âŽ¯âŽ¯âŽ¯âŽ¯âŽ¯[30/39]âŽ¯[22m[39m

[41m[1m FAIL [22m[49m components/__tests__/WorkoutBuilder.sheet.integration.test.tsx[2m > [22mWorkoutBuilder Sheet Integration (Story 6.1)[2m > [22mAC#1: Replace Legacy Modal with Sheet Component[2m > [22mshould render drag handle at top of sheet
[31m[1mError[22m: [2mexpect([22m[31melement[31m[2m).not.toBeInTheDocument()[22m

[31mexpected document not to contain element, found <div
  class="text-center py-8 text-slate-400"
>
  Loading...
</div> instead[31m

Ignored nodes: comments, script, style
[36m<html[31m
  [33mstyle[31m=[32m"scroll-behavior: auto;"[31m
[36m>[31m
  [36m<head />[31m
  [36m<body[31m
    [33mdata-scroll-locked[31m=[32m"1"[31m
    [33mstyle[31m=[32m"pointer-events: none;"[31m
  [36m>[31m
    [36m<span[31m
      [33maria-hidden[31m=[32m"true"[31m
      [33mdata-aria-hidden[31m=[32m"true"[31m
      [33mdata-radix-focus-guard[31m=[32m""[31m
      [33mstyle[31m=[32m"outline: none; opacity: 0; position: fixed; pointer-events: none;"[31m
      [33mtabindex[31m=[32m"0"[31m
    [36m/>[31m
    [36m<div[31m
      [33maria-hidden[31m=[32m"true"[31m
      [33mdata-aria-hidden[31m=[32m"true"[31m
    [36m/>[31m
    [36m<div[31m
      [33maria-hidden[31m=[32m"true"[31m
      [33mclass[31m=[32m"fixed inset-0 z-40 bg-black/40"[31m
      [33mdata-aria-hidden[31m=[32m"true"[31m
      [33mdata-state[31m=[32m"open"[31m
      [33mdata-vaul-animate[31m=[32m"true"[31m
      [33mdata-vaul-overlay[31m=[32m""[31m
      [33mdata-vaul-snap-points[31m=[32m"false"[31m
      [33mdata-vaul-snap-points-overlay[31m=[32m"true"[31m
      [33mstyle[31m=[32m"pointer-events: auto;"[31m
    [36m/>[31m
    [36m<div[31m
      [33maria-labelledby[31m=[32m"sheet-title"[31m
      [33mclass[31m=[32m"fixed bottom-0 left-0 right-0 z-50 mx-auto flex flex-col bg-white/50 backdrop-blur-sm rounded-t-[24px] border-t border-gray-300/50"[31m
      [33mdata-state[31m=[32m"open"[31m
      [33mdata-vaul-animate[31m=[32m"true"[31m
      [33mdata-vaul-custom-container[31m=[32m"false"[31m
      [33mdata-vaul-delayed-snap-points[31m=[32m"false"[31m
      [33mdata-vaul-drawer[31m=[32m""[31m
      [33mdata-vaul-drawer-direction[31m=[32m"bottom"[31m
      [33mdata-vaul-snap-points[31m=[32m"false"[31m
      [33mid[31m=[32m"radix-_r_9_"[31m
      [33mrole[31m=[32m"dialog"[31m
      [33mstyle[31m=[32m"height: 60vh; max-height: 60vh; border-top-color: rgba(255, 255, 255, 0.5); pointer-events: auto;"[31m
      [33mtabindex[31m=[32m"-1"[31m
    [36m>[31m
      [36m<div[31m
        [33mclass[31m=[32m"flex justify-center pt-3 pb-2"[31m
      [36m>[31m
        [36m<div[31m
          [33mclass[31m=[32m"h-1.5 w-12 rounded-full"[31m
          [33mstyle[31m=[32m"background-color: rgb(168, 182, 213);"[31m
        [36m/>[31m
      [36m</div>[31m
      [36m<div[31m
        [33mclass[31m=[32m"flex-shrink-0 border-b border-gray-200/50 px-6 py-4"[31m
      [36m>[31m
        [36m<h2[31m
          [33mclass[31m=[32m"text-lg font-semibold text-gray-900"[31m
          [33mid[31m=[32m"sheet-title"[31m
        [36m>[31m
          [0mBuild Workout[0m
        [36m</h2>[31m
      [36m</div>[31m
      [36m<div[31m
        [33mclass[31m=[32m"flex-1 overflow-y-auto px-6 py-4 "[31m
      [36m>[31m
        [36m<div[31m
          [33mclass[31m=[32m"space-y-4"[31m
        [36m>[31m
          [36m<div[31m
            [33mclass[31m=[32m"text-center py-8 text-slate-400"[31m
          [36m>[31m
            [0mLoading...[0m
          [36m</div>[31m
        [36m</div>[31m
      [36m</div>[31m
      [36m<div[31m
        [33mclass[31m=[32m"flex-shrink-0 border-t border-gray-200/50 px-6 py-3"[31m
      [36m>[31m
        [36m<button[31m
          [33maria-label[31m=[32m"Close sheet"[31m
          [33mclass[31m=[32m"w-full rounded-lg bg-gray-100/50 px-4 py-2 text-center text-sm font-medium text-gray-700 transition-all duration-200 hover:bg-gray-200/50 focus:outline-none focus:ring-2 focus:ring-primary/30"[31m
        [36m>[31m
          [0mDone[0m
        [36m</button>[31m
      [36m</div>[31m
    [36m</div>[31m
    [36m<span[31m
      [33maria-hidden[31m=[32m"true"[31m
      [33mdata-aria-hidden[31m=[32m"true"[31m
      [33mdata-radix-focus-guard[31m=[32m""[31m
      [33mstyle[31m=[32m"outline: none; opacity: 0; position: fixed; pointer-events: none;"[31m
      [33mtabindex[31m=[32m"0"[31m
    [36m/>[31m
  [36m</body>[31m
[36m</html>[31m...[39m
[36m [2mâ¯[22m components/__tests__/WorkoutBuilder.sheet.integration.test.tsx:[2m138:54[22m[39m
    [90m136| [39m
    [90m137| [39m      [35mawait[39m [34mwaitFor[39m(() [33m=>[39m {
    [90m138| [39m        expect(screen.queryByText('Loading...')).not.toBeInTheDocumentâ€¦
    [90m   | [39m                                                     [31m^[39m
    [90m139| [39m      })[33m;[39m
    [90m140| [39m
[90m [2mâ¯[22m runWithExpensiveErrorDiagnosticsDisabled node_modules/@testing-library/dom/dist/config.js:[2m47:12[22m[39m
[90m [2mâ¯[22m checkCallback node_modules/@testing-library/dom/dist/wait-for.js:[2m124:77[22m[39m
[90m [2mâ¯[22m Timeout.checkRealTimersCallback node_modules/@testing-library/dom/dist/wait-for.js:[2m118:16[22m[39m

[31m[2mâŽ¯âŽ¯âŽ¯âŽ¯âŽ¯âŽ¯âŽ¯âŽ¯âŽ¯âŽ¯âŽ¯âŽ¯âŽ¯âŽ¯âŽ¯âŽ¯âŽ¯âŽ¯âŽ¯âŽ¯âŽ¯âŽ¯[31/39]âŽ¯[22m[39m

[41m[1m FAIL [22m[49m components/__tests__/WorkoutBuilder.sheet.integration.test.tsx[2m > [22mWorkoutBuilder Sheet Integration (Story 6.1)[2m > [22mAC#1: Replace Legacy Modal with Sheet Component[2m > [22mshould support swipe-to-dismiss gesture (Vaul feature)
[31m[1mError[22m: [2mexpect([22m[31melement[31m[2m).not.toBeInTheDocument()[22m

[31mexpected document not to contain element, found <div
  class="text-center py-8 text-slate-400"
>
  Loading...
</div> instead[31m

Ignored nodes: comments, script, style
[36m<html[31m
  [33mstyle[31m=[32m"scroll-behavior: auto;"[31m
[36m>[31m
  [36m<head />[31m
  [36m<body[31m
    [33mdata-scroll-locked[31m=[32m"1"[31m
    [33mstyle[31m=[32m"pointer-events: none;"[31m
  [36m>[31m
    [36m<span[31m
      [33maria-hidden[31m=[32m"true"[31m
      [33mdata-aria-hidden[31m=[32m"true"[31m
      [33mdata-radix-focus-guard[31m=[32m""[31m
      [33mstyle[31m=[32m"outline: none; opacity: 0; position: fixed; pointer-events: none;"[31m
      [33mtabindex[31m=[32m"0"[31m
    [36m/>[31m
    [36m<div[31m
      [33maria-hidden[31m=[32m"true"[31m
      [33mdata-aria-hidden[31m=[32m"true"[31m
    [36m/>[31m
    [36m<div[31m
      [33maria-hidden[31m=[32m"true"[31m
      [33mclass[31m=[32m"fixed inset-0 z-40 bg-black/40"[31m
      [33mdata-aria-hidden[31m=[32m"true"[31m
      [33mdata-state[31m=[32m"open"[31m
      [33mdata-vaul-animate[31m=[32m"true"[31m
      [33mdata-vaul-overlay[31m=[32m""[31m
      [33mdata-vaul-snap-points[31m=[32m"false"[31m
      [33mdata-vaul-snap-points-overlay[31m=[32m"true"[31m
      [33mstyle[31m=[32m"pointer-events: auto;"[31m
    [36m/>[31m
    [36m<div[31m
      [33maria-labelledby[31m=[32m"sheet-title"[31m
      [33mclass[31m=[32m"fixed bottom-0 left-0 right-0 z-50 mx-auto flex flex-col bg-white/50 backdrop-blur-sm rounded-t-[24px] border-t border-gray-300/50"[31m
      [33mdata-state[31m=[32m"open"[31m
      [33mdata-vaul-animate[31m=[32m"true"[31m
      [33mdata-vaul-custom-container[31m=[32m"false"[31m
      [33mdata-vaul-delayed-snap-points[31m=[32m"false"[31m
      [33mdata-vaul-drawer[31m=[32m""[31m
      [33mdata-vaul-drawer-direction[31m=[32m"bottom"[31m
      [33mdata-vaul-snap-points[31m=[32m"false"[31m
      [33mid[31m=[32m"radix-_r_c_"[31m
      [33mrole[31m=[32m"dialog"[31m
      [33mstyle[31m=[32m"height: 60vh; max-height: 60vh; border-top-color: rgba(255, 255, 255, 0.5); pointer-events: auto;"[31m
      [33mtabindex[31m=[32m"-1"[31m
    [36m>[31m
      [36m<div[31m
        [33mclass[31m=[32m"flex justify-center pt-3 pb-2"[31m
      [36m>[31m
        [36m<div[31m
          [33mclass[31m=[32m"h-1.5 w-12 rounded-full"[31m
          [33mstyle[31m=[32m"background-color: rgb(168, 182, 213);"[31m
        [36m/>[31m
      [36m</div>[31m
      [36m<div[31m
        [33mclass[31m=[32m"flex-shrink-0 border-b border-gray-200/50 px-6 py-4"[31m
      [36m>[31m
        [36m<h2[31m
          [33mclass[31m=[32m"text-lg font-semibold text-gray-900"[31m
          [33mid[31m=[32m"sheet-title"[31m
        [36m>[31m
          [0mBuild Workout[0m
        [36m</h2>[31m
      [36m</div>[31m
      [36m<div[31m
        [33mclass[31m=[32m"flex-1 overflow-y-auto px-6 py-4 "[31m
      [36m>[31m
        [36m<div[31m
          [33mclass[31m=[32m"space-y-4"[31m
        [36m>[31m
          [36m<div[31m
            [33mclass[31m=[32m"text-center py-8 text-slate-400"[31m
          [36m>[31m
            [0mLoading...[0m
          [36m</div>[31m
        [36m</div>[31m
      [36m</div>[31m
      [36m<div[31m
        [33mclass[31m=[32m"flex-shrink-0 border-t border-gray-200/50 px-6 py-3"[31m
      [36m>[31m
        [36m<button[31m
          [33maria-label[31m=[32m"Close sheet"[31m
          [33mclass[31m=[32m"w-full rounded-lg bg-gray-100/50 px-4 py-2 text-center text-sm font-medium text-gray-700 transition-all duration-200 hover:bg-gray-200/50 focus:outline-none focus:ring-2 focus:ring-primary/30"[31m
        [36m>[31m
          [0mDone[0m
        [36m</button>[31m
      [36m</div>[31m
    [36m</div>[31m
    [36m<span[31m
      [33maria-hidden[31m=[32m"true"[31m
      [33mdata-aria-hidden[31m=[32m"true"[31m
      [33mdata-radix-focus-guard[31m=[32m""[31m
      [33mstyle[31m=[32m"outline: none; opacity: 0; position: fixed; pointer-events: none;"[31m
      [33mtabindex[31m=[32m"0"[31m
    [36m/>[31m
  [36m</body>[31m
[36m</html>[31m...[39m
[36m [2mâ¯[22m components/__tests__/WorkoutBuilder.sheet.integration.test.tsx:[2m151:54[22m[39m
    [90m149| [39m
    [90m150| [39m      [35mawait[39m [34mwaitFor[39m(() [33m=>[39m {
    [90m151| [39m        expect(screen.queryByText('Loading...')).not.toBeInTheDocumentâ€¦
    [90m   | [39m                                                     [31m^[39m
    [90m152| [39m      })[33m;[39m
    [90m153| [39m
[90m [2mâ¯[22m runWithExpensiveErrorDiagnosticsDisabled node_modules/@testing-library/dom/dist/config.js:[2m47:12[22m[39m
[90m [2mâ¯[22m checkCallback node_modules/@testing-library/dom/dist/wait-for.js:[2m124:77[22m[39m
[90m [2mâ¯[22m Timeout.checkRealTimersCallback node_modules/@testing-library/dom/dist/wait-for.js:[2m118:16[22m[39m

[31m[2mâŽ¯âŽ¯âŽ¯âŽ¯âŽ¯âŽ¯âŽ¯âŽ¯âŽ¯âŽ¯âŽ¯âŽ¯âŽ¯âŽ¯âŽ¯âŽ¯âŽ¯âŽ¯âŽ¯âŽ¯âŽ¯âŽ¯[32/39]âŽ¯[22m[39m

[41m[1m FAIL [22m[49m components/__tests__/WorkoutBuilder.sheet.integration.test.tsx[2m > [22mWorkoutBuilder Sheet Integration (Story 6.1)[2m > [22mAC#2: Apply Glass Morphism Styling[2m > [22mshould apply glass morphism background styling
[31m[1mError[22m: [2mexpect([22m[31melement[31m[2m).not.toBeInTheDocument()[22m

[31mexpected document not to contain element, found <div
  class="text-center py-8 text-slate-400"
>
  Loading...
</div> instead[31m

Ignored nodes: comments, script, style
[36m<html[31m
  [33mstyle[31m=[32m"scroll-behavior: auto;"[31m
[36m>[31m
  [36m<head />[31m
  [36m<body[31m
    [33mdata-scroll-locked[31m=[32m"1"[31m
    [33mstyle[31m=[32m"pointer-events: none;"[31m
  [36m>[31m
    [36m<span[31m
      [33maria-hidden[31m=[32m"true"[31m
      [33mdata-aria-hidden[31m=[32m"true"[31m
      [33mdata-radix-focus-guard[31m=[32m""[31m
      [33mstyle[31m=[32m"outline: none; opacity: 0; position: fixed; pointer-events: none;"[31m
      [33mtabindex[31m=[32m"0"[31m
    [36m/>[31m
    [36m<div[31m
      [33maria-hidden[31m=[32m"true"[31m
      [33mdata-aria-hidden[31m=[32m"true"[31m
    [36m/>[31m
    [36m<div[31m
      [33maria-hidden[31m=[32m"true"[31m
      [33mclass[31m=[32m"fixed inset-0 z-40 bg-black/40"[31m
      [33mdata-aria-hidden[31m=[32m"true"[31m
      [33mdata-state[31m=[32m"open"[31m
      [33mdata-vaul-animate[31m=[32m"true"[31m
      [33mdata-vaul-overlay[31m=[32m""[31m
      [33mdata-vaul-snap-points[31m=[32m"false"[31m
      [33mdata-vaul-snap-points-overlay[31m=[32m"true"[31m
      [33mstyle[31m=[32m"pointer-events: auto;"[31m
    [36m/>[31m
    [36m<div[31m
      [33maria-labelledby[31m=[32m"sheet-title"[31m
      [33mclass[31m=[32m"fixed bottom-0 left-0 right-0 z-50 mx-auto flex flex-col bg-white/50 backdrop-blur-sm rounded-t-[24px] border-t border-gray-300/50"[31m
      [33mdata-state[31m=[32m"open"[31m
      [33mdata-vaul-animate[31m=[32m"true"[31m
      [33mdata-vaul-custom-container[31m=[32m"false"[31m
      [33mdata-vaul-delayed-snap-points[31m=[32m"false"[31m
      [33mdata-vaul-drawer[31m=[32m""[31m
      [33mdata-vaul-drawer-direction[31m=[32m"bottom"[31m
      [33mdata-vaul-snap-points[31m=[32m"false"[31m
      [33mid[31m=[32m"radix-_r_f_"[31m
      [33mrole[31m=[32m"dialog"[31m
      [33mstyle[31m=[32m"height: 60vh; max-height: 60vh; border-top-color: rgba(255, 255, 255, 0.5); pointer-events: auto;"[31m
      [33mtabindex[31m=[32m"-1"[31m
    [36m>[31m
      [36m<div[31m
        [33mclass[31m=[32m"flex justify-center pt-3 pb-2"[31m
      [36m>[31m
        [36m<div[31m
          [33mclass[31m=[32m"h-1.5 w-12 rounded-full"[31m
          [33mstyle[31m=[32m"background-color: rgb(168, 182, 213);"[31m
        [36m/>[31m
      [36m</div>[31m
      [36m<div[31m
        [33mclass[31m=[32m"flex-shrink-0 border-b border-gray-200/50 px-6 py-4"[31m
      [36m>[31m
        [36m<h2[31m
          [33mclass[31m=[32m"text-lg font-semibold text-gray-900"[31m
          [33mid[31m=[32m"sheet-title"[31m
        [36m>[31m
          [0mBuild Workout[0m
        [36m</h2>[31m
      [36m</div>[31m
      [36m<div[31m
        [33mclass[31m=[32m"flex-1 overflow-y-auto px-6 py-4 "[31m
      [36m>[31m
        [36m<div[31m
          [33mclass[31m=[32m"space-y-4"[31m
        [36m>[31m
          [36m<div[31m
            [33mclass[31m=[32m"text-center py-8 text-slate-400"[31m
          [36m>[31m
            [0mLoading...[0m
          [36m</div>[31m
        [36m</div>[31m
      [36m</div>[31m
      [36m<div[31m
        [33mclass[31m=[32m"flex-shrink-0 border-t border-gray-200/50 px-6 py-3"[31m
      [36m>[31m
        [36m<button[31m
          [33maria-label[31m=[32m"Close sheet"[31m
          [33mclass[31m=[32m"w-full rounded-lg bg-gray-100/50 px-4 py-2 text-center text-sm font-medium text-gray-700 transition-all duration-200 hover:bg-gray-200/50 focus:outline-none focus:ring-2 focus:ring-primary/30"[31m
        [36m>[31m
          [0mDone[0m
        [36m</button>[31m
      [36m</div>[31m
    [36m</div>[31m
    [36m<span[31m
      [33maria-hidden[31m=[32m"true"[31m
      [33mdata-aria-hidden[31m=[32m"true"[31m
      [33mdata-radix-focus-guard[31m=[32m""[31m
      [33mstyle[31m=[32m"outline: none; opacity: 0; position: fixed; pointer-events: none;"[31m
      [33mtabindex[31m=[32m"0"[31m
    [36m/>[31m
  [36m</body>[31m
[36m</html>[31m...[39m
[36m [2mâ¯[22m components/__tests__/WorkoutBuilder.sheet.integration.test.tsx:[2m165:54[22m[39m
    [90m163| [39m
    [90m164| [39m      [35mawait[39m [34mwaitFor[39m(() [33m=>[39m {
    [90m165| [39m        expect(screen.queryByText('Loading...')).not.toBeInTheDocumentâ€¦
    [90m   | [39m                                                     [31m^[39m
    [90m166| [39m      })[33m;[39m
    [90m167| [39m
[90m [2mâ¯[22m runWithExpensiveErrorDiagnosticsDisabled node_modules/@testing-library/dom/dist/config.js:[2m47:12[22m[39m
[90m [2mâ¯[22m checkCallback node_modules/@testing-library/dom/dist/wait-for.js:[2m124:77[22m[39m
[90m [2mâ¯[22m Timeout.checkRealTimersCallback node_modules/@testing-library/dom/dist/wait-for.js:[2m118:16[22m[39m

[31m[2mâŽ¯âŽ¯âŽ¯âŽ¯âŽ¯âŽ¯âŽ¯âŽ¯âŽ¯âŽ¯âŽ¯âŽ¯âŽ¯âŽ¯âŽ¯âŽ¯âŽ¯âŽ¯âŽ¯âŽ¯âŽ¯âŽ¯[33/39]âŽ¯[22m[39m

[41m[1m FAIL [22m[49m components/__tests__/WorkoutBuilder.sheet.integration.test.tsx[2m > [22mWorkoutBuilder Sheet Integration (Story 6.1)[2m > [22mAC#2: Apply Glass Morphism Styling[2m > [22mshould have backdrop-blur-sm class applied
[31m[1mError[22m: [2mexpect([22m[31melement[31m[2m).not.toBeInTheDocument()[22m

[31mexpected document not to contain element, found <div
  class="text-center py-8 text-slate-400"
>
  Loading...
</div> instead[31m

Ignored nodes: comments, script, style
[36m<html[31m
  [33mstyle[31m=[32m"scroll-behavior: auto;"[31m
[36m>[31m
  [36m<head />[31m
  [36m<body[31m
    [33mdata-scroll-locked[31m=[32m"1"[31m
    [33mstyle[31m=[32m"pointer-events: none;"[31m
  [36m>[31m
    [36m<span[31m
      [33maria-hidden[31m=[32m"true"[31m
      [33mdata-aria-hidden[31m=[32m"true"[31m
      [33mdata-radix-focus-guard[31m=[32m""[31m
      [33mstyle[31m=[32m"outline: none; opacity: 0; position: fixed; pointer-events: none;"[31m
      [33mtabindex[31m=[32m"0"[31m
    [36m/>[31m
    [36m<div[31m
      [33maria-hidden[31m=[32m"true"[31m
      [33mdata-aria-hidden[31m=[32m"true"[31m
    [36m/>[31m
    [36m<div[31m
      [33maria-hidden[31m=[32m"true"[31m
      [33mclass[31m=[32m"fixed inset-0 z-40 bg-black/40"[31m
      [33mdata-aria-hidden[31m=[32m"true"[31m
      [33mdata-state[31m=[32m"open"[31m
      [33mdata-vaul-animate[31m=[32m"true"[31m
      [33mdata-vaul-overlay[31m=[32m""[31m
      [33mdata-vaul-snap-points[31m=[32m"false"[31m
      [33mdata-vaul-snap-points-overlay[31m=[32m"true"[31m
      [33mstyle[31m=[32m"pointer-events: auto;"[31m
    [36m/>[31m
    [36m<div[31m
      [33maria-labelledby[31m=[32m"sheet-title"[31m
      [33mclass[31m=[32m"fixed bottom-0 left-0 right-0 z-50 mx-auto flex flex-col bg-white/50 backdrop-blur-sm rounded-t-[24px] border-t border-gray-300/50"[31m
      [33mdata-state[31m=[32m"open"[31m
      [33mdata-vaul-animate[31m=[32m"true"[31m
      [33mdata-vaul-custom-container[31m=[32m"false"[31m
      [33mdata-vaul-delayed-snap-points[31m=[32m"false"[31m
      [33mdata-vaul-drawer[31m=[32m""[31m
      [33mdata-vaul-drawer-direction[31m=[32m"bottom"[31m
      [33mdata-vaul-snap-points[31m=[32m"false"[31m
      [33mid[31m=[32m"radix-_r_i_"[31m
      [33mrole[31m=[32m"dialog"[31m
      [33mstyle[31m=[32m"height: 60vh; max-height: 60vh; border-top-color: rgba(255, 255, 255, 0.5); pointer-events: auto;"[31m
      [33mtabindex[31m=[32m"-1"[31m
    [36m>[31m
      [36m<div[31m
        [33mclass[31m=[32m"flex justify-center pt-3 pb-2"[31m
      [36m>[31m
        [36m<div[31m
          [33mclass[31m=[32m"h-1.5 w-12 rounded-full"[31m
          [33mstyle[31m=[32m"background-color: rgb(168, 182, 213);"[31m
        [36m/>[31m
      [36m</div>[31m
      [36m<div[31m
        [33mclass[31m=[32m"flex-shrink-0 border-b border-gray-200/50 px-6 py-4"[31m
      [36m>[31m
        [36m<h2[31m
          [33mclass[31m=[32m"text-lg font-semibold text-gray-900"[31m
          [33mid[31m=[32m"sheet-title"[31m
        [36m>[31m
          [0mBuild Workout[0m
        [36m</h2>[31m
      [36m</div>[31m
      [36m<div[31m
        [33mclass[31m=[32m"flex-1 overflow-y-auto px-6 py-4 "[31m
      [36m>[31m
        [36m<div[31m
          [33mclass[31m=[32m"space-y-4"[31m
        [36m>[31m
          [36m<div[31m
            [33mclass[31m=[32m"text-center py-8 text-slate-400"[31m
          [36m>[31m
            [0mLoading...[0m
          [36m</div>[31m
        [36m</div>[31m
      [36m</div>[31m
      [36m<div[31m
        [33mclass[31m=[32m"flex-shrink-0 border-t border-gray-200/50 px-6 py-3"[31m
      [36m>[31m
        [36m<button[31m
          [33maria-label[31m=[32m"Close sheet"[31m
          [33mclass[31m=[32m"w-full rounded-lg bg-gray-100/50 px-4 py-2 text-center text-sm font-medium text-gray-700 transition-all duration-200 hover:bg-gray-200/50 focus:outline-none focus:ring-2 focus:ring-primary/30"[31m
        [36m>[31m
          [0mDone[0m
        [36m</button>[31m
      [36m</div>[31m
    [36m</div>[31m
    [36m<span[31m
      [33maria-hidden[31m=[32m"true"[31m
      [33mdata-aria-hidden[31m=[32m"true"[31m
      [33mdata-radix-focus-guard[31m=[32m""[31m
      [33mstyle[31m=[32m"outline: none; opacity: 0; position: fixed; pointer-events: none;"[31m
      [33mtabindex[31m=[32m"0"[31m
    [36m/>[31m
  [36m</body>[31m
[36m</html>[31m...[39m
[36m [2mâ¯[22m components/__tests__/WorkoutBuilder.sheet.integration.test.tsx:[2m177:54[22m[39m
    [90m175| [39m
    [90m176| [39m      [35mawait[39m [34mwaitFor[39m(() [33m=>[39m {
    [90m177| [39m        expect(screen.queryByText('Loading...')).not.toBeInTheDocumentâ€¦
    [90m   | [39m                                                     [31m^[39m
    [90m178| [39m      })[33m;[39m
    [90m179| [39m
[90m [2mâ¯[22m runWithExpensiveErrorDiagnosticsDisabled node_modules/@testing-library/dom/dist/config.js:[2m47:12[22m[39m
[90m [2mâ¯[22m checkCallback node_modules/@testing-library/dom/dist/wait-for.js:[2m124:77[22m[39m
[90m [2mâ¯[22m Timeout.checkRealTimersCallback node_modules/@testing-library/dom/dist/wait-for.js:[2m118:16[22m[39m

[31m[2mâŽ¯âŽ¯âŽ¯âŽ¯âŽ¯âŽ¯âŽ¯âŽ¯âŽ¯âŽ¯âŽ¯âŽ¯âŽ¯âŽ¯âŽ¯âŽ¯âŽ¯âŽ¯âŽ¯âŽ¯âŽ¯âŽ¯[34/39]âŽ¯[22m[39m

[41m[1m FAIL [22m[49m backend/__tests__/integration/exercise-recommendations.test.ts[2m > [22mIntegration: Exercise Recommendations Flow[2m > [22mreturns ranked recommendations with bottleneck warnings
[31m[1mAssertionError[22m: expected undefined to be defined[39m
[36m [2mâ¯[22m backend/__tests__/integration/exercise-recommendations.test.ts:[2m73:34[22m[39m
    [90m 71| [39m
    [90m 72| [39m    [90m// Assert: Verify recommendations structure[39m
    [90m 73| [39m    [34mexpect[39m(recs[33m.[39mrecommendations)[33m.[39m[34mtoBeDefined[39m()[33m;[39m
    [90m   | [39m                                 [31m^[39m
    [90m 74| [39m    [34mexpect[39m(recs[33m.[39mrecommendations[33m.[39mlength)[33m.[39m[34mtoBeGreaterThan[39m([34m0[39m)[33m;[39m
    [90m 75| [39m

[31m[2mâŽ¯âŽ¯âŽ¯âŽ¯âŽ¯âŽ¯âŽ¯âŽ¯âŽ¯âŽ¯âŽ¯âŽ¯âŽ¯âŽ¯âŽ¯âŽ¯âŽ¯âŽ¯âŽ¯âŽ¯âŽ¯âŽ¯[35/39]âŽ¯[22m[39m

[41m[1m FAIL [22m[49m backend/__tests__/integration/recovery-timeline.test.ts[2m > [22mIntegration: Recovery Timeline Flow[2m > [22mreturns current recovery state with 24h/48h/72h projections
[31m[1mAssertionError[22m: expected +0 to be close to 31, received difference is 31, but expected 0.5[39m
[36m [2mâ¯[22m backend/__tests__/integration/recovery-timeline.test.ts:[2m100:39[22m[39m
    [90m 98| [39m    [90m// Hamstrings should have highest fatigue at 31%[39m
    [90m 99| [39m    [34mexpect[39m(hamstrings)[33m.[39m[34mtoBeDefined[39m()[33m;[39m
    [90m100| [39m    expect(hamstrings.currentFatigue).toBeCloseTo(EXPECTED_FATIGUE.Hamâ€¦
    [90m   | [39m                                      [31m^[39m
    [90m101| [39m
    [90m102| [39m    [90m// Verify 24h projection (15% recovery per day)[39m

[31m[2mâŽ¯âŽ¯âŽ¯âŽ¯âŽ¯âŽ¯âŽ¯âŽ¯âŽ¯âŽ¯âŽ¯âŽ¯âŽ¯âŽ¯âŽ¯âŽ¯âŽ¯âŽ¯âŽ¯âŽ¯âŽ¯âŽ¯[36/39]âŽ¯[22m[39m

[41m[1m FAIL [22m[49m backend/__tests__/integration/workout-completion.test.ts[2m > [22mIntegration: Workout Completion Flow[2m > [22mcalculates accurate fatigue percentages matching logic-sandbox
[31m[1mAssertionError[22m: expected +0 to be close to 15, received difference is 15, but expected 0.5[39m
[36m [2mâ¯[22m backend/__tests__/integration/workout-completion.test.ts:[2m94:43[22m[39m
    [90m 92| [39m    [90m// Quadriceps: 15% Â±0.5[39m
    [90m 93| [39m    [34mexpect[39m(completion[33m.[39mfatigue[33m.[39m[33mQuadriceps[39m)[33m.[39m[34mtoBeDefined[39m()[33m;[39m
    [90m 94| [39m    [34mexpect[39m(completion[33m.[39mfatigue[33m.[39m[33mQuadriceps[39m)[33m.[39m[34mtoBeCloseTo[39m(
    [90m   | [39m                                          [31m^[39m
    [90m 95| [39m      [33mEXPECTED_FATIGUE[39m[33m.[39m[33mQuadriceps[39m[33m,[39m
    [90m 96| [39m      [34m0[39m

[31m[2mâŽ¯âŽ¯âŽ¯âŽ¯âŽ¯âŽ¯âŽ¯âŽ¯âŽ¯âŽ¯âŽ¯âŽ¯âŽ¯âŽ¯âŽ¯âŽ¯âŽ¯âŽ¯âŽ¯âŽ¯âŽ¯âŽ¯[37/39]âŽ¯[22m[39m

[41m[1m FAIL [22m[49m backend/__tests__/integration/workout-completion.test.ts[2m > [22mIntegration: Workout Completion Flow[2m > [22mtriggers baseline update modal when baseline exceeded
[31m[1mAssertionError[22m: expected 0 to be greater than 0[39m
[36m [2mâ¯[22m backend/__tests__/integration/workout-completion.test.ts:[2m167:51[22m[39m
    [90m165| [39m    [90m// Assert: Verify baseline suggestions are present[39m
    [90m166| [39m    [34mexpect[39m(completion[33m.[39mbaselineSuggestions)[33m.[39m[34mtoBeDefined[39m()[33m;[39m
    [90m167| [39m    [34mexpect[39m(completion[33m.[39mbaselineSuggestions[33m.[39mlength)[33m.[39m[34mtoBeGreaterThan[39m([34m0[39m)[33m;[39m
    [90m   | [39m                                                  [31m^[39m
    [90m168| [39m
    [90m169| [39m    // Find Hamstrings suggestion (should be present since we exceededâ€¦

[31m[2mâŽ¯âŽ¯âŽ¯âŽ¯âŽ¯âŽ¯âŽ¯âŽ¯âŽ¯âŽ¯âŽ¯âŽ¯âŽ¯âŽ¯âŽ¯âŽ¯âŽ¯âŽ¯âŽ¯âŽ¯âŽ¯âŽ¯[38/39]âŽ¯[22m[39m

[41m[1m FAIL [22m[49m backend/__tests__/integration/workout-forecast.test.ts[2m > [22mIntegration: Workout Forecast Flow[2m > [22mpredicts fatigue for planned exercises in real-time
[31m[1mAssertionError[22m: expected undefined to be defined[39m
[36m [2mâ¯[22m backend/__tests__/integration/workout-forecast.test.ts:[2m77:33[22m[39m
    [90m 75| [39m
    [90m 76| [39m    // Verify Pectoralis forecast (primary muscle for Dumbbell Bench Pâ€¦
    [90m 77| [39m    [34mexpect[39m(forecast[33m.[39m[33mPectoralis[39m)[33m.[39m[34mtoBeDefined[39m()[33m;[39m
    [90m   | [39m                                [31m^[39m
    [90m 78| [39m    [34mexpect[39m(forecast[33m.[39m[33mPectoralis[39m[33m.[39mforecastedFatiguePercent)[33m.[39m[34mtoBeDefined[39m()[33m;[39m
    [90m 79| [39m    [34mexpect[39m(forecast[33m.[39m[33mPectoralis[39m[33m.[39mvolumeAdded)[33m.[39m[34mtoBeDefined[39m()[33m;[39m

[31m[2mâŽ¯âŽ¯âŽ¯âŽ¯âŽ¯âŽ¯âŽ¯âŽ¯âŽ¯âŽ¯âŽ¯âŽ¯âŽ¯âŽ¯âŽ¯âŽ¯âŽ¯âŽ¯âŽ¯âŽ¯âŽ¯âŽ¯[39/39]âŽ¯[22m[39m

[31mâŽ¯âŽ¯âŽ¯âŽ¯âŽ¯âŽ¯[39m[1m[41m Unhandled Errors [49m[22m[31mâŽ¯âŽ¯âŽ¯âŽ¯âŽ¯âŽ¯[39m
[31m[1m
Vitest caught 16 unhandled errors during the test run.
This might cause false positive tests. Resolve unhandled errors to make sure your tests are not affected.[22m[39m

[31mâŽ¯âŽ¯âŽ¯âŽ¯âŽ¯[39m[1m[41m Uncaught Exception [49m[22m[31mâŽ¯âŽ¯âŽ¯âŽ¯âŽ¯[39m
[31m[1mError[22m: Element type is invalid: expected a string (for built-in components) or a class/function (for composite components) but got: undefined. You likely forgot to export your component from the file it's defined in, or you might have mixed up default and named imports.

Check the render method of `ExerciseRecommendations`.[39m
[90m [2mâ¯[22m createFiberFromTypeAndProps node_modules/react-dom/cjs/react-dom-client.development.js:[2m5021:28[22m[39m
[90m [2mâ¯[22m createFiberFromElement node_modules/react-dom/cjs/react-dom-client.development.js:[2m5035:14[22m[39m
[90m [2mâ¯[22m createChild node_modules/react-dom/cjs/react-dom-client.development.js:[2m6338:26[22m[39m
[90m [2mâ¯[22m reconcileChildrenArray node_modules/react-dom/cjs/react-dom-client.development.js:[2m6670:25[22m[39m
[90m [2mâ¯[22m reconcileChildFibersImpl node_modules/react-dom/cjs/react-dom-client.development.js:[2m6993:30[22m[39m
[90m [2mâ¯[22m node_modules/react-dom/cjs/react-dom-client.development.js:[2m7098:33[22m[39m
[90m [2mâ¯[22m reconcileChildren node_modules/react-dom/cjs/react-dom-client.development.js:[2m9702:13[22m[39m
[90m [2mâ¯[22m beginWork node_modules/react-dom/cjs/react-dom-client.development.js:[2m12049:13[22m[39m
[90m [2mâ¯[22m runWithFiberInDEV node_modules/react-dom/cjs/react-dom-client.development.js:[2m874:13[22m[39m
[90m [2mâ¯[22m performUnitOfWork node_modules/react-dom/cjs/react-dom-client.development.js:[2m17641:22[22m[39m

[31mThis error originated in "[1mcomponents/__tests__/ExerciseRecommendations.integration.test.tsx[22m" test file. It doesn't mean the error was thrown inside the file itself, but while it was running.[39m
[31mThe latest test that might've caused the error is "[1mshould call API when selectedMuscles prop is provided (AC 1)[22m". It might mean one of the following:
- The error was thrown, while Vitest was running this test.
- If the error occurred after the test had been completed, this was the last documented test before it was thrown.[39m

[31mâŽ¯âŽ¯âŽ¯âŽ¯âŽ¯[39m[1m[41m Uncaught Exception [49m[22m[31mâŽ¯âŽ¯âŽ¯âŽ¯âŽ¯[39m
[31m[1mError[22m: Element type is invalid: expected a string (for built-in components) or a class/function (for composite components) but got: undefined. You likely forgot to export your component from the file it's defined in, or you might have mixed up default and named imports.

Check the render method of `ExerciseRecommendations`.[39m
[90m [2mâ¯[22m createFiberFromTypeAndProps node_modules/react-dom/cjs/react-dom-client.development.js:[2m5021:28[22m[39m
[90m [2mâ¯[22m createFiberFromElement node_modules/react-dom/cjs/react-dom-client.development.js:[2m5035:14[22m[39m
[90m [2mâ¯[22m createChild node_modules/react-dom/cjs/react-dom-client.development.js:[2m6338:26[22m[39m
[90m [2mâ¯[22m reconcileChildrenArray node_modules/react-dom/cjs/react-dom-client.development.js:[2m6670:25[22m[39m
[90m [2mâ¯[22m reconcileChildFibersImpl node_modules/react-dom/cjs/react-dom-client.development.js:[2m6993:30[22m[39m
[90m [2mâ¯[22m node_modules/react-dom/cjs/react-dom-client.development.js:[2m7098:33[22m[39m
[90m [2mâ¯[22m reconcileChildren node_modules/react-dom/cjs/react-dom-client.development.js:[2m9702:13[22m[39m
[90m [2mâ¯[22m beginWork node_modules/react-dom/cjs/react-dom-client.development.js:[2m12049:13[22m[39m
[90m [2mâ¯[22m runWithFiberInDEV node_modules/react-dom/cjs/react-dom-client.development.js:[2m874:13[22m[39m
[90m [2mâ¯[22m performUnitOfWork node_modules/react-dom/cjs/react-dom-client.development.js:[2m17641:22[22m[39m

[31mThis error originated in "[1mcomponents/__tests__/ExerciseRecommendations.integration.test.tsx[22m" test file. It doesn't mean the error was thrown inside the file itself, but while it was running.[39m
[31mThe latest test that might've caused the error is "[1mshould send correct request body structure (AC 1)[22m". It might mean one of the following:
- The error was thrown, while Vitest was running this test.
- If the error occurred after the test had been completed, this was the last documented test before it was thrown.[39m

[31mâŽ¯âŽ¯âŽ¯âŽ¯âŽ¯[39m[1m[41m Uncaught Exception [49m[22m[31mâŽ¯âŽ¯âŽ¯âŽ¯âŽ¯[39m
[31m[1mError[22m: Element type is invalid: expected a string (for built-in components) or a class/function (for composite components) but got: undefined. You likely forgot to export your component from the file it's defined in, or you might have mixed up default and named imports.

Check the render method of `ExerciseRecommendations`.[39m
[90m [2mâ¯[22m createFiberFromTypeAndProps node_modules/react-dom/cjs/react-dom-client.development.js:[2m5021:28[22m[39m
[90m [2mâ¯[22m createFiberFromElement node_modules/react-dom/cjs/react-dom-client.development.js:[2m5035:14[22m[39m
[90m [2mâ¯[22m createChild node_modules/react-dom/cjs/react-dom-client.development.js:[2m6338:26[22m[39m
[90m [2mâ¯[22m reconcileChildrenArray node_modules/react-dom/cjs/react-dom-client.development.js:[2m6670:25[22m[39m
[90m [2mâ¯[22m reconcileChildFibersImpl node_modules/react-dom/cjs/react-dom-client.development.js:[2m6993:30[22m[39m
[90m [2mâ¯[22m node_modules/react-dom/cjs/react-dom-client.development.js:[2m7098:33[22m[39m
[90m [2mâ¯[22m reconcileChildren node_modules/react-dom/cjs/react-dom-client.development.js:[2m9702:13[22m[39m
[90m [2mâ¯[22m beginWork node_modules/react-dom/cjs/react-dom-client.development.js:[2m12049:13[22m[39m
[90m [2mâ¯[22m runWithFiberInDEV node_modules/react-dom/cjs/react-dom-client.development.js:[2m874:13[22m[39m
[90m [2mâ¯[22m performUnitOfWork node_modules/react-dom/cjs/react-dom-client.development.js:[2m17641:22[22m[39m

[31mThis error originated in "[1mcomponents/__tests__/ExerciseRecommendations.integration.test.tsx[22m" test file. It doesn't mean the error was thrown inside the file itself, but while it was running.[39m
[31mThe latest test that might've caused the error is "[1mshould parse and display recommendations with scores (AC 2, 3)[22m". It might mean one of the following:
- The error was thrown, while Vitest was running this test.
- If the error occurred after the test had been completed, this was the last documented test before it was thrown.[39m

[31mâŽ¯âŽ¯âŽ¯âŽ¯âŽ¯[39m[1m[41m Uncaught Exception [49m[22m[31mâŽ¯âŽ¯âŽ¯âŽ¯âŽ¯[39m
[31m[1mTypeError[22m: event.target.setPointerCapture is not a function[39m
[90m [2mâ¯[22m onPress node_modules/vaul/dist/index.mjs:[2m968:22[22m[39m
[90m [2mâ¯[22m onPointerDown node_modules/vaul/dist/index.mjs:[2m1474:13[22m[39m
[90m [2mâ¯[22m executeDispatch node_modules/react-dom/cjs/react-dom-client.development.js:[2m19116:9[22m[39m
[90m [2mâ¯[22m runWithFiberInDEV node_modules/react-dom/cjs/react-dom-client.development.js:[2m874:13[22m[39m
[90m [2mâ¯[22m processDispatchQueue node_modules/react-dom/cjs/react-dom-client.development.js:[2m19166:19[22m[39m
[90m [2mâ¯[22m node_modules/react-dom/cjs/react-dom-client.development.js:[2m19767:9[22m[39m
[90m [2mâ¯[22m batchedUpdates$1 node_modules/react-dom/cjs/react-dom-client.development.js:[2m3255:40[22m[39m
[90m [2mâ¯[22m dispatchEventForPluginEventSystem node_modules/react-dom/cjs/react-dom-client.development.js:[2m19320:7[22m[39m
[90m [2mâ¯[22m dispatchEvent node_modules/react-dom/cjs/react-dom-client.development.js:[2m23585:11[22m[39m
[90m [2mâ¯[22m dispatchDiscreteEvent node_modules/react-dom/cjs/react-dom-client.development.js:[2m23553:11[22m[39m

[31mThis error originated in "[1mcomponents/__tests__/WorkoutBuilder.forecast.integration.test.tsx[22m" test file. It doesn't mean the error was thrown inside the file itself, but while it was running.[39m
[31mThe latest test that might've caused the error is "[1mswitches between Forward Planning and Target-Driven modes[22m". It might mean one of the following:
- The error was thrown, while Vitest was running this test.
- If the error occurred after the test had been completed, this was the last documented test before it was thrown.[39m

[31mâŽ¯âŽ¯âŽ¯âŽ¯âŽ¯[39m[1m[41m Uncaught Exception [49m[22m[31mâŽ¯âŽ¯âŽ¯âŽ¯âŽ¯[39m
[31m[1mTypeError[22m: Cannot read properties of undefined (reading 'match')[39m
[90m [2mâ¯[22m getTranslate node_modules/vaul/dist/index.mjs:[2m404:25[22m[39m
[90m [2mâ¯[22m onRelease node_modules/vaul/dist/index.mjs:[2m1228:29[22m[39m
[90m [2mâ¯[22m onPointerUp node_modules/vaul/dist/index.mjs:[2m1520:13[22m[39m
[90m [2mâ¯[22m executeDispatch node_modules/react-dom/cjs/react-dom-client.development.js:[2m19116:9[22m[39m
[90m [2mâ¯[22m runWithFiberInDEV node_modules/react-dom/cjs/react-dom-client.development.js:[2m874:13[22m[39m
[90m [2mâ¯[22m processDispatchQueue node_modules/react-dom/cjs/react-dom-client.development.js:[2m19166:19[22m[39m
[90m [2mâ¯[22m node_modules/react-dom/cjs/react-dom-client.development.js:[2m19767:9[22m[39m
[90m [2mâ¯[22m batchedUpdates$1 node_modules/react-dom/cjs/react-dom-client.development.js:[2m3255:40[22m[39m
[90m [2mâ¯[22m dispatchEventForPluginEventSystem node_modules/react-dom/cjs/react-dom-client.development.js:[2m19320:7[22m[39m
[90m [2mâ¯[22m dispatchEvent node_modules/react-dom/cjs/react-dom-client.development.js:[2m23585:11[22m[39m

[31mThis error originated in "[1mcomponents/__tests__/WorkoutBuilder.forecast.integration.test.tsx[22m" test file. It doesn't mean the error was thrown inside the file itself, but while it was running.[39m
[31mThe latest test that might've caused the error is "[1mswitches between Forward Planning and Target-Driven modes[22m". It might mean one of the following:
- The error was thrown, while Vitest was running this test.
- If the error occurred after the test had been completed, this was the last documented test before it was thrown.[39m

[31mâŽ¯âŽ¯âŽ¯âŽ¯âŽ¯[39m[1m[41m Uncaught Exception [49m[22m[31mâŽ¯âŽ¯âŽ¯âŽ¯âŽ¯[39m
[31m[1mTypeError[22m: event.target.setPointerCapture is not a function[39m
[90m [2mâ¯[22m onPress node_modules/vaul/dist/index.mjs:[2m968:22[22m[39m
[90m [2mâ¯[22m onPointerDown node_modules/vaul/dist/index.mjs:[2m1474:13[22m[39m
[90m [2mâ¯[22m executeDispatch node_modules/react-dom/cjs/react-dom-client.development.js:[2m19116:9[22m[39m
[90m [2mâ¯[22m runWithFiberInDEV node_modules/react-dom/cjs/react-dom-client.development.js:[2m874:13[22m[39m
[90m [2mâ¯[22m processDispatchQueue node_modules/react-dom/cjs/react-dom-client.development.js:[2m19166:19[22m[39m
[90m [2mâ¯[22m node_modules/react-dom/cjs/react-dom-client.development.js:[2m19767:9[22m[39m
[90m [2mâ¯[22m batchedUpdates$1 node_modules/react-dom/cjs/react-dom-client.development.js:[2m3255:40[22m[39m
[90m [2mâ¯[22m dispatchEventForPluginEventSystem node_modules/react-dom/cjs/react-dom-client.development.js:[2m19320:7[22m[39m
[90m [2mâ¯[22m dispatchEvent node_modules/react-dom/cjs/react-dom-client.development.js:[2m23585:11[22m[39m
[90m [2mâ¯[22m dispatchDiscreteEvent node_modules/react-dom/cjs/react-dom-client.development.js:[2m23553:11[22m[39m

[31mThis error originated in "[1mcomponents/__tests__/WorkoutBuilder.forecast.integration.test.tsx[22m" test file. It doesn't mean the error was thrown inside the file itself, but while it was running.[39m
[31mThe latest test that might've caused the error is "[1mswitches between Forward Planning and Target-Driven modes[22m". It might mean one of the following:
- The error was thrown, while Vitest was running this test.
- If the error occurred after the test had been completed, this was the last documented test before it was thrown.[39m

[31mâŽ¯âŽ¯âŽ¯âŽ¯âŽ¯[39m[1m[41m Uncaught Exception [49m[22m[31mâŽ¯âŽ¯âŽ¯âŽ¯âŽ¯[39m
[31m[1mTypeError[22m: Cannot read properties of undefined (reading 'match')[39m
[90m [2mâ¯[22m getTranslate node_modules/vaul/dist/index.mjs:[2m404:25[22m[39m
[90m [2mâ¯[22m onRelease node_modules/vaul/dist/index.mjs:[2m1228:29[22m[39m
[90m [2mâ¯[22m onPointerUp node_modules/vaul/dist/index.mjs:[2m1520:13[22m[39m
[90m [2mâ¯[22m executeDispatch node_modules/react-dom/cjs/react-dom-client.development.js:[2m19116:9[22m[39m
[90m [2mâ¯[22m runWithFiberInDEV node_modules/react-dom/cjs/react-dom-client.development.js:[2m874:13[22m[39m
[90m [2mâ¯[22m processDispatchQueue node_modules/react-dom/cjs/react-dom-client.development.js:[2m19166:19[22m[39m
[90m [2mâ¯[22m node_modules/react-dom/cjs/react-dom-client.development.js:[2m19767:9[22m[39m
[90m [2mâ¯[22m batchedUpdates$1 node_modules/react-dom/cjs/react-dom-client.development.js:[2m3255:40[22m[39m
[90m [2mâ¯[22m dispatchEventForPluginEventSystem node_modules/react-dom/cjs/react-dom-client.development.js:[2m19320:7[22m[39m
[90m [2mâ¯[22m dispatchEvent node_modules/react-dom/cjs/react-dom-client.development.js:[2m23585:11[22m[39m

[31mThis error originated in "[1mcomponents/__tests__/WorkoutBuilder.forecast.integration.test.tsx[22m" test file. It doesn't mean the error was thrown inside the file itself, but while it was running.[39m
[31mThe latest test that might've caused the error is "[1mswitches between Forward Planning and Target-Driven modes[22m". It might mean one of the following:
- The error was thrown, while Vitest was running this test.
- If the error occurred after the test had been completed, this was the last documented test before it was thrown.[39m

[31mâŽ¯âŽ¯âŽ¯âŽ¯âŽ¯[39m[1m[41m Uncaught Exception [49m[22m[31mâŽ¯âŽ¯âŽ¯âŽ¯âŽ¯[39m
[31m[1mError[22m: Element type is invalid: expected a string (for built-in components) or a class/function (for composite components) but got: undefined. You likely forgot to export your component from the file it's defined in, or you might have mixed up default and named imports.

Check the render method of `ExerciseRecommendations`.[39m
[90m [2mâ¯[22m createFiberFromTypeAndProps node_modules/react-dom/cjs/react-dom-client.development.js:[2m5021:28[22m[39m
[90m [2mâ¯[22m createFiberFromElement node_modules/react-dom/cjs/react-dom-client.development.js:[2m5035:14[22m[39m
[90m [2mâ¯[22m createChild node_modules/react-dom/cjs/react-dom-client.development.js:[2m6338:26[22m[39m
[90m [2mâ¯[22m reconcileChildrenArray node_modules/react-dom/cjs/react-dom-client.development.js:[2m6670:25[22m[39m
[90m [2mâ¯[22m reconcileChildFibersImpl node_modules/react-dom/cjs/react-dom-client.development.js:[2m6993:30[22m[39m
[90m [2mâ¯[22m node_modules/react-dom/cjs/react-dom-client.development.js:[2m7098:33[22m[39m
[90m [2mâ¯[22m reconcileChildren node_modules/react-dom/cjs/react-dom-client.development.js:[2m9702:13[22m[39m
[90m [2mâ¯[22m beginWork node_modules/react-dom/cjs/react-dom-client.development.js:[2m12049:13[22m[39m
[90m [2mâ¯[22m runWithFiberInDEV node_modules/react-dom/cjs/react-dom-client.development.js:[2m874:13[22m[39m
[90m [2mâ¯[22m performUnitOfWork node_modules/react-dom/cjs/react-dom-client.development.js:[2m17641:22[22m[39m

[31mThis error originated in "[1mcomponents/__tests__/ExerciseRecommendations.integration.test.tsx[22m" test file. It doesn't mean the error was thrown inside the file itself, but while it was running.[39m
[31mThe latest test that might've caused the error is "[1mshould display score badge with correct value (AC 3)[22m". It might mean one of the following:
- The error was thrown, while Vitest was running this test.
- If the error occurred after the test had been completed, this was the last documented test before it was thrown.[39m

[31mâŽ¯âŽ¯âŽ¯âŽ¯âŽ¯[39m[1m[41m Uncaught Exception [49m[22m[31mâŽ¯âŽ¯âŽ¯âŽ¯âŽ¯[39m
[31m[1mError[22m: Element type is invalid: expected a string (for built-in components) or a class/function (for composite components) but got: undefined. You likely forgot to export your component from the file it's defined in, or you might have mixed up default and named imports.

Check the render method of `ExerciseRecommendations`.[39m
[90m [2mâ¯[22m createFiberFromTypeAndProps node_modules/react-dom/cjs/react-dom-client.development.js:[2m5021:28[22m[39m
[90m [2mâ¯[22m createFiberFromElement node_modules/react-dom/cjs/react-dom-client.development.js:[2m5035:14[22m[39m
[90m [2mâ¯[22m createChild node_modules/react-dom/cjs/react-dom-client.development.js:[2m6338:26[22m[39m
[90m [2mâ¯[22m reconcileChildrenArray node_modules/react-dom/cjs/react-dom-client.development.js:[2m6670:25[22m[39m
[90m [2mâ¯[22m reconcileChildFibersImpl node_modules/react-dom/cjs/react-dom-client.development.js:[2m6993:30[22m[39m
[90m [2mâ¯[22m node_modules/react-dom/cjs/react-dom-client.development.js:[2m7098:33[22m[39m
[90m [2mâ¯[22m reconcileChildren node_modules/react-dom/cjs/react-dom-client.development.js:[2m9702:13[22m[39m
[90m [2mâ¯[22m beginWork node_modules/react-dom/cjs/react-dom-client.development.js:[2m12049:13[22m[39m
[90m [2mâ¯[22m runWithFiberInDEV node_modules/react-dom/cjs/react-dom-client.development.js:[2m874:13[22m[39m
[90m [2mâ¯[22m performUnitOfWork node_modules/react-dom/cjs/react-dom-client.development.js:[2m17641:22[22m[39m

[31mThis error originated in "[1mcomponents/__tests__/ExerciseRecommendations.integration.test.tsx[22m" test file. It doesn't mean the error was thrown inside the file itself, but while it was running.[39m
[31mThe latest test that might've caused the error is "[1mshould display tooltip with all 5 factors on hover (AC 5)[22m". It might mean one of the following:
- The error was thrown, while Vitest was running this test.
- If the error occurred after the test had been completed, this was the last documented test before it was thrown.[39m

[31mâŽ¯âŽ¯âŽ¯âŽ¯âŽ¯[39m[1m[41m Uncaught Exception [49m[22m[31mâŽ¯âŽ¯âŽ¯âŽ¯âŽ¯[39m
[31m[1mError[22m: Element type is invalid: expected a string (for built-in components) or a class/function (for composite components) but got: undefined. You likely forgot to export your component from the file it's defined in, or you might have mixed up default and named imports.

Check the render method of `ExerciseRecommendations`.[39m
[90m [2mâ¯[22m createFiberFromTypeAndProps node_modules/react-dom/cjs/react-dom-client.development.js:[2m5021:28[22m[39m
[90m [2mâ¯[22m createFiberFromElement node_modules/react-dom/cjs/react-dom-client.development.js:[2m5035:14[22m[39m
[90m [2mâ¯[22m createChild node_modules/react-dom/cjs/react-dom-client.development.js:[2m6338:26[22m[39m
[90m [2mâ¯[22m reconcileChildrenArray node_modules/react-dom/cjs/react-dom-client.development.js:[2m6670:25[22m[39m
[90m [2mâ¯[22m reconcileChildFibersImpl node_modules/react-dom/cjs/react-dom-client.development.js:[2m6993:30[22m[39m
[90m [2mâ¯[22m node_modules/react-dom/cjs/react-dom-client.development.js:[2m7098:33[22m[39m
[90m [2mâ¯[22m reconcileChildren node_modules/react-dom/cjs/react-dom-client.development.js:[2m9702:13[22m[39m
[90m [2mâ¯[22m beginWork node_modules/react-dom/cjs/react-dom-client.development.js:[2m12049:13[22m[39m
[90m [2mâ¯[22m runWithFiberInDEV node_modules/react-dom/cjs/react-dom-client.development.js:[2m874:13[22m[39m
[90m [2mâ¯[22m performUnitOfWork node_modules/react-dom/cjs/react-dom-client.development.js:[2m17641:22[22m[39m

[31mThis error originated in "[1mcomponents/__tests__/ExerciseRecommendations.integration.test.tsx[22m" test file. It doesn't mean the error was thrown inside the file itself, but while it was running.[39m
[31mThe latest test that might've caused the error is "[1mshould display warning badges for bottleneck risks (AC 4)[22m". It might mean one of the following:
- The error was thrown, while Vitest was running this test.
- If the error occurred after the test had been completed, this was the last documented test before it was thrown.[39m

[31mâŽ¯âŽ¯âŽ¯âŽ¯âŽ¯[39m[1m[41m Uncaught Exception [49m[22m[31mâŽ¯âŽ¯âŽ¯âŽ¯âŽ¯[39m
[31m[1mError[22m: Element type is invalid: expected a string (for built-in components) or a class/function (for composite components) but got: undefined. You likely forgot to export your component from the file it's defined in, or you might have mixed up default and named imports.

Check the render method of `ExerciseRecommendations`.[39m
[90m [2mâ¯[22m createFiberFromTypeAndProps node_modules/react-dom/cjs/react-dom-client.development.js:[2m5021:28[22m[39m
[90m [2mâ¯[22m createFiberFromElement node_modules/react-dom/cjs/react-dom-client.development.js:[2m5035:14[22m[39m
[90m [2mâ¯[22m createChild node_modules/react-dom/cjs/react-dom-client.development.js:[2m6338:26[22m[39m
[90m [2mâ¯[22m reconcileChildrenArray node_modules/react-dom/cjs/react-dom-client.development.js:[2m6670:25[22m[39m
[90m [2mâ¯[22m reconcileChildFibersImpl node_modules/react-dom/cjs/react-dom-client.development.js:[2m6993:30[22m[39m
[90m [2mâ¯[22m node_modules/react-dom/cjs/react-dom-client.development.js:[2m7098:33[22m[39m
[90m [2mâ¯[22m reconcileChildren node_modules/react-dom/cjs/react-dom-client.development.js:[2m9702:13[22m[39m
[90m [2mâ¯[22m beginWork node_modules/react-dom/cjs/react-dom-client.development.js:[2m12049:13[22m[39m
[90m [2mâ¯[22m runWithFiberInDEV node_modules/react-dom/cjs/react-dom-client.development.js:[2m874:13[22m[39m
[90m [2mâ¯[22m performUnitOfWork node_modules/react-dom/cjs/react-dom-client.development.js:[2m17641:22[22m[39m

[31mThis error originated in "[1mcomponents/__tests__/ExerciseRecommendations.integration.test.tsx[22m" test file. It doesn't mean the error was thrown inside the file itself, but while it was running.[39m
[31mThe latest test that might've caused the error is "[1mshould call onAddToWorkout when clicking Add to Workout button (AC 6)[22m". It might mean one of the following:
- The error was thrown, while Vitest was running this test.
- If the error occurred after the test had been completed, this was the last documented test before it was thrown.[39m

[31mâŽ¯âŽ¯âŽ¯âŽ¯âŽ¯[39m[1m[41m Uncaught Exception [49m[22m[31mâŽ¯âŽ¯âŽ¯âŽ¯âŽ¯[39m
[31m[1mError[22m: Element type is invalid: expected a string (for built-in components) or a class/function (for composite components) but got: undefined. You likely forgot to export your component from the file it's defined in, or you might have mixed up default and named imports.

Check the render method of `ExerciseRecommendations`.[39m
[90m [2mâ¯[22m createFiberFromTypeAndProps node_modules/react-dom/cjs/react-dom-client.development.js:[2m5021:28[22m[39m
[90m [2mâ¯[22m createFiberFromElement node_modules/react-dom/cjs/react-dom-client.development.js:[2m5035:14[22m[39m
[90m [2mâ¯[22m createChild node_modules/react-dom/cjs/react-dom-client.development.js:[2m6338:26[22m[39m
[90m [2mâ¯[22m reconcileChildrenArray node_modules/react-dom/cjs/react-dom-client.development.js:[2m6670:25[22m[39m
[90m [2mâ¯[22m reconcileChildFibersImpl node_modules/react-dom/cjs/react-dom-client.development.js:[2m6993:30[22m[39m
[90m [2mâ¯[22m node_modules/react-dom/cjs/react-dom-client.development.js:[2m7098:33[22m[39m
[90m [2mâ¯[22m reconcileChildren node_modules/react-dom/cjs/react-dom-client.development.js:[2m9702:13[22m[39m
[90m [2mâ¯[22m beginWork node_modules/react-dom/cjs/react-dom-client.development.js:[2m12049:13[22m[39m
[90m [2mâ¯[22m runWithFiberInDEV node_modules/react-dom/cjs/react-dom-client.development.js:[2m874:13[22m[39m
[90m [2mâ¯[22m performUnitOfWork node_modules/react-dom/cjs/react-dom-client.development.js:[2m17641:22[22m[39m

[31mThis error originated in "[1mcomponents/__tests__/ExerciseRecommendations.integration.test.tsx[22m" test file. It doesn't mean the error was thrown inside the file itself, but while it was running.[39m
[31mThe latest test that might've caused the error is "[1mshould filter recommendations by equipment availability (AC 7)[22m". It might mean one of the following:
- The error was thrown, while Vitest was running this test.
- If the error occurred after the test had been completed, this was the last documented test before it was thrown.[39m

[31mâŽ¯âŽ¯âŽ¯âŽ¯âŽ¯[39m[1m[41m Uncaught Exception [49m[22m[31mâŽ¯âŽ¯âŽ¯âŽ¯âŽ¯[39m
[31m[1mError[22m: Element type is invalid: expected a string (for built-in components) or a class/function (for composite components) but got: undefined. You likely forgot to export your component from the file it's defined in, or you might have mixed up default and named imports.

Check the render method of `ExerciseRecommendations`.[39m
[90m [2mâ¯[22m createFiberFromTypeAndProps node_modules/react-dom/cjs/react-dom-client.development.js:[2m5021:28[22m[39m
[90m [2mâ¯[22m createFiberFromElement node_modules/react-dom/cjs/react-dom-client.development.js:[2m5035:14[22m[39m
[90m [2mâ¯[22m createChild node_modules/react-dom/cjs/react-dom-client.development.js:[2m6338:26[22m[39m
[90m [2mâ¯[22m reconcileChildrenArray node_modules/react-dom/cjs/react-dom-client.development.js:[2m6670:25[22m[39m
[90m [2mâ¯[22m reconcileChildFibersImpl node_modules/react-dom/cjs/react-dom-client.development.js:[2m6993:30[22m[39m
[90m [2mâ¯[22m node_modules/react-dom/cjs/react-dom-client.development.js:[2m7098:33[22m[39m
[90m [2mâ¯[22m reconcileChildren node_modules/react-dom/cjs/react-dom-client.development.js:[2m9702:13[22m[39m
[90m [2mâ¯[22m beginWork node_modules/react-dom/cjs/react-dom-client.development.js:[2m12049:13[22m[39m
[90m [2mâ¯[22m runWithFiberInDEV node_modules/react-dom/cjs/react-dom-client.development.js:[2m874:13[22m[39m
[90m [2mâ¯[22m performUnitOfWork node_modules/react-dom/cjs/react-dom-client.development.js:[2m17641:22[22m[39m

[31mThis error originated in "[1mcomponents/__tests__/ExerciseRecommendations.integration.test.tsx[22m" test file. It doesn't mean the error was thrown inside the file itself, but while it was running.[39m
[31mThe latest test that might've caused the error is "[1mshould map score to correct status (excellent, good, suboptimal)[22m". It might mean one of the following:
- The error was thrown, while Vitest was running this test.
- If the error occurred after the test had been completed, this was the last documented test before it was thrown.[39m

[31mâŽ¯âŽ¯âŽ¯âŽ¯âŽ¯[39m[1m[41m Uncaught Exception [49m[22m[31mâŽ¯âŽ¯âŽ¯âŽ¯âŽ¯[39m
[31m[1mTypeError[22m: event.target.setPointerCapture is not a function[39m
[90m [2mâ¯[22m onPress node_modules/vaul/dist/index.mjs:[2m968:22[22m[39m
[90m [2mâ¯[22m onPointerDown node_modules/vaul/dist/index.mjs:[2m1474:13[22m[39m
[90m [2mâ¯[22m executeDispatch node_modules/react-dom/cjs/react-dom-client.development.js:[2m19116:9[22m[39m
[90m [2mâ¯[22m runWithFiberInDEV node_modules/react-dom/cjs/react-dom-client.development.js:[2m874:13[22m[39m
[90m [2mâ¯[22m processDispatchQueue node_modules/react-dom/cjs/react-dom-client.development.js:[2m19166:19[22m[39m
[90m [2mâ¯[22m node_modules/react-dom/cjs/react-dom-client.development.js:[2m19767:9[22m[39m
[90m [2mâ¯[22m batchedUpdates$1 node_modules/react-dom/cjs/react-dom-client.development.js:[2m3255:40[22m[39m
[90m [2mâ¯[22m dispatchEventForPluginEventSystem node_modules/react-dom/cjs/react-dom-client.development.js:[2m19320:7[22m[39m
[90m [2mâ¯[22m dispatchEvent node_modules/react-dom/cjs/react-dom-client.development.js:[2m23585:11[22m[39m
[90m [2mâ¯[22m dispatchDiscreteEvent node_modules/react-dom/cjs/react-dom-client.development.js:[2m23553:11[22m[39m

[31mThis error originated in "[1mcomponents/__tests__/WorkoutBuilder.sheet.integration.test.tsx[22m" test file. It doesn't mean the error was thrown inside the file itself, but while it was running.[39m
[31mThe latest test that might've caused the error is "[1mshould open sheet, allow workout planning, and close[22m". It might mean one of the following:
- The error was thrown, while Vitest was running this test.
- If the error occurred after the test had been completed, this was the last documented test before it was thrown.[39m

[31mâŽ¯âŽ¯âŽ¯âŽ¯âŽ¯[39m[1m[41m Uncaught Exception [49m[22m[31mâŽ¯âŽ¯âŽ¯âŽ¯âŽ¯[39m
[31m[1mTypeError[22m: Cannot read properties of undefined (reading 'match')[39m
[90m [2mâ¯[22m getTranslate node_modules/vaul/dist/index.mjs:[2m404:25[22m[39m
[90m [2mâ¯[22m onRelease node_modules/vaul/dist/index.mjs:[2m1228:29[22m[39m
[90m [2mâ¯[22m onPointerUp node_modules/vaul/dist/index.mjs:[2m1520:13[22m[39m
[90m [2mâ¯[22m executeDispatch node_modules/react-dom/cjs/react-dom-client.development.js:[2m19116:9[22m[39m
[90m [2mâ¯[22m runWithFiberInDEV node_modules/react-dom/cjs/react-dom-client.development.js:[2m874:13[22m[39m
[90m [2mâ¯[22m processDispatchQueue node_modules/react-dom/cjs/react-dom-client.development.js:[2m19166:19[22m[39m
[90m [2mâ¯[22m node_modules/react-dom/cjs/react-dom-client.development.js:[2m19767:9[22m[39m
[90m [2mâ¯[22m batchedUpdates$1 node_modules/react-dom/cjs/react-dom-client.development.js:[2m3255:40[22m[39m
[90m [2mâ¯[22m dispatchEventForPluginEventSystem node_modules/react-dom/cjs/react-dom-client.development.js:[2m19320:7[22m[39m
[90m [2mâ¯[22m dispatchEvent node_modules/react-dom/cjs/react-dom-client.development.js:[2m23585:11[22m[39m

[31mThis error originated in "[1mcomponents/__tests__/WorkoutBuilder.sheet.integration.test.tsx[22m" test file. It doesn't mean the error was thrown inside the file itself, but while it was running.[39m
[31mThe latest test that might've caused the error is "[1mshould open sheet, allow workout planning, and close[22m". It might mean one of the following:
- The error was thrown, while Vitest was running this test.
- If the error occurred after the test had been completed, this was the last documented test before it was thrown.[39m

[31mâŽ¯âŽ¯âŽ¯âŽ¯âŽ¯[39m[1m[41m Uncaught Exception [49m[22m[31mâŽ¯âŽ¯âŽ¯âŽ¯âŽ¯[39m
[31m[1mError[22m: Element type is invalid: expected a string (for built-in components) or a class/function (for composite components) but got: undefined. You likely forgot to export your component from the file it's defined in, or you might have mixed up default and named imports.

Check the render method of `ExerciseRecommendations`.[39m
[90m [2mâ¯[22m createFiberFromTypeAndProps node_modules/react-dom/cjs/react-dom-client.development.js:[2m5021:28[22m[39m
[90m [2mâ¯[22m createFiberFromElement node_modules/react-dom/cjs/react-dom-client.development.js:[2m5035:14[22m[39m
[90m [2mâ¯[22m createChild node_modules/react-dom/cjs/react-dom-client.development.js:[2m6338:26[22m[39m
[90m [2mâ¯[22m reconcileChildrenArray node_modules/react-dom/cjs/react-dom-client.development.js:[2m6670:25[22m[39m
[90m [2mâ¯[22m reconcileChildFibersImpl node_modules/react-dom/cjs/react-dom-client.development.js:[2m6993:30[22m[39m
[90m [2mâ¯[22m node_modules/react-dom/cjs/react-dom-client.development.js:[2m7098:33[22m[39m
[90m [2mâ¯[22m reconcileChildren node_modules/react-dom/cjs/react-dom-client.development.js:[2m9702:13[22m[39m
[90m [2mâ¯[22m beginWork node_modules/react-dom/cjs/react-dom-client.development.js:[2m12049:13[22m[39m
[90m [2mâ¯[22m runWithFiberInDEV node_modules/react-dom/cjs/react-dom-client.development.js:[2m874:13[22m[39m
[90m [2mâ¯[22m performUnitOfWork node_modules/react-dom/cjs/react-dom-client.development.js:[2m17641:22[22m[39m

[31mThis error originated in "[1mcomponents/__tests__/ExerciseRecommendations.integration.test.tsx[22m" test file. It doesn't mean the error was thrown inside the file itself, but while it was running.[39m
[31mThe latest test that might've caused the error is "[1mshould retry API call when clicking Retry button after error[22m". It might mean one of the following:
- The error was thrown, while Vitest was running this test.
- If the error occurred after the test had been completed, this was the last documented test before it was thrown.[39m
[31mâŽ¯âŽ¯âŽ¯âŽ¯âŽ¯âŽ¯âŽ¯âŽ¯âŽ¯âŽ¯âŽ¯âŽ¯âŽ¯âŽ¯âŽ¯âŽ¯âŽ¯âŽ¯âŽ¯âŽ¯âŽ¯âŽ¯âŽ¯âŽ¯âŽ¯âŽ¯âŽ¯âŽ¯âŽ¯âŽ¯[39m


[2m Test Files [22m [1m[31m16 failed[39m[22m[2m | [22m[1m[32m22 passed[39m[22m[90m (38)[39m
[2m      Tests [22m [1m[31m31 failed[39m[22m[2m | [22m[1m[32m452 passed[39m[22m[2m | [22m[33m4 skipped[39m[90m (487)[39m
[2m     Errors [22m [1m[31m16 errors[39m[22m
[2m   Start at [22m 13:45:22
[2m   Duration [22m 71.21s[2m (transform 12.54s, setup 78.38s, collect 22.32s, tests 116.81s, environment 185.04s, prepare 3.38s)[22m

